#
# A fatal error has been detected by the Java Runtime Environment:
#
#  SIGSEGV (0xb) at pc=0x00007fff97a381ef, pid=15151, tid=6403
#
# JRE version: Java(TM) SE Runtime Environment (7.0_55-b13) (build 1.7.0_55-b13)
# Java VM: Java HotSpot(TM) 64-Bit Server VM (24.55-b03 mixed mode bsd-amd64 compressed oops)
# Problematic frame:
# C  [GLEngine+0x1401ef]  gleRunVertexSubmitImmediate+0x27ef
#
# Failed to write core dump. Core dumps have been disabled. To enable core dumping, try "ulimit -c unlimited" before starting Java again
#
# If you would like to submit a bug report, please visit:
#   http://bugreport.sun.com/bugreport/crash.jsp
# The crash happened outside the Java Virtual Machine in native code.
# See problematic frame for where to report the bug.
#

---------------  T H R E A D  ---------------

Current thread (0x00007ffeb5001000):  JavaThread "main" [_thread_in_native, id=6403, stack(0x0000000110254000,0x0000000110354000)]

siginfo:si_signo=SIGSEGV: si_errno=0, si_code=1 (SEGV_MAPERR), si_addr=0x0000000000000008

Registers:
RAX=0x00007fff97a37eaf, RBX=0x0000000000000006, RCX=0x0000000000000000, RDX=0x00007fff97a386b8
RSP=0x0000000110353450, RBP=0x00000001103536a0, RSI=0x0000000000000006, RDI=0x0000000000000027
R8 =0x0000000000801800, R9 =0x00007ffeb6800000, R10=0x00007ffeb35250c0, R11=0x00007ffeb6800000
R12=0x0000000000000003, R13=0x0000000001809804, R14=0x00007ffeb6800000, R15=0x0000000000000001
RIP=0x00007fff97a381ef, EFLAGS=0x0000000000010297, ERR=0x0000000000000004
  TRAPNO=0x000000000000000e

Top of Stack: (sp=0x0000000110353450)
0x0000000110353450:   00000000933e40e4 0000000020000000
0x0000000110353460:   00007ffeb4868230 00007ffeb372aef0
0x0000000110353470:   007e7f003ffff3e7 00007ffeb486e848
0x0000000110353480:   0000000110353620 00001234003aecff
0x0000000110353490:   00007ffeb40f0800 00007ffeb701d068
0x00000001103534a0:   0000000110353520 00007fff959c56d8
0x00000001103534b0:   00007ffeb35014a8 0000000110353570
0x00000001103534c0:   00000007c009a778 00000007ee3878a8
0x00000001103534d0:   0000000110353500 000000010fadd666
0x00000001103534e0:   0100ffff00000000 00007ffeb4871530
0x00000001103534f0:   0f30000a00108031 0000000000000000
0x0000000110353500:   00007ffeb4867400 0000000000000000
0x0000000110353510:   0000000000000000 007e7f003ffff3e7
0x0000000110353520:   00007ffeb6800150 00007ffeb6800180
0x0000000110353530:   00007ffeb6800160 00007ffeb6800190
0x0000000110353540:   00007ffeb6800170 00007ffeb68001b0
0x0000000110353550:   0000000000000000 0000000000000000
0x0000000110353560:   fffffffe00000002 000000011bfd0100
0x0000000110353570:   0000000000001003 0000000000000001
0x0000000110353580:   ffffffff00000000 0000000000000001
0x0000000110353590:   00007ffeb68001a0 0000000010aaf010
0x00000001103535a0:   0000000000000000 00007fff959b84a9
0x00000001103535b0:   00000c3300000000 0000000110353654
0x00000001103535c0:   0000000002006000 0000000000000000
0x00000001103535d0:   000000011035364c 00007ffeb3525044
0x00000001103535e0:   000000000011c883 0000010000000020
0x00000001103535f0:   0000000000000000 0000000000000000
0x0000000110353600:   0000000000000000 0000000000000000
0x0000000110353610:   0000000000048006 0000000000000000
0x0000000110353620:   00007ffeb3525028 0000000000000000
0x0000000110353630:   0000000000000000 000000011c983060
0x0000000110353640:   000000011c9c2de0 0000000000000000 

Instructions: (pc=0x00007fff97a381ef)
0x00007fff97a381cf:   c6 66 0f 6d c0 66 49 0f 7e c7 bb 05 00 00 00 e9
0x00007fff97a381df:   bd 02 00 00 4c 8b 31 4c 8b 79 08 e9 2c f9 ff ff
0x00007fff97a381ef:   f3 0f 10 49 08 f2 0f 10 01 66 0f 14 c1 66 49 0f
0x00007fff97a381ff:   7e c6 66 0f 6d c0 66 49 0f 7e c7 e9 0c f9 ff ff 

Register to memory mapping:

RAX=0x00007fff97a37eaf: gleRunVertexSubmitImmediate+0x24af in /System/Library/Frameworks/OpenGL.framework/Versions/A/Resources/GLEngine.bundle/GLEngine at 0x00007fff978f8000
RBX=0x0000000000000006 is an unknown value
RCX=0x0000000000000000 is an unknown value
RDX=0x00007fff97a386b8: gleRunVertexSubmitImmediate+0x2cb8 in /System/Library/Frameworks/OpenGL.framework/Versions/A/Resources/GLEngine.bundle/GLEngine at 0x00007fff978f8000
RSP=0x0000000110353450 is pointing into the stack for thread: 0x00007ffeb5001000
RBP=0x00000001103536a0 is pointing into the stack for thread: 0x00007ffeb5001000
RSI=0x0000000000000006 is an unknown value
RDI=0x0000000000000027 is an unknown value
R8 =0x0000000000801800 is an unknown value
R9 =0x00007ffeb6800000 is an unknown value
R10=0x00007ffeb35250c0 is an unknown value
R11=0x00007ffeb6800000 is an unknown value
R12=0x0000000000000003 is an unknown value
R13=0x0000000001809804 is an unknown value
R14=0x00007ffeb6800000 is an unknown value
R15=0x0000000000000001 is an unknown value


Stack: [0x0000000110254000,0x0000000110354000],  sp=0x0000000110353450,  free space=1021k
Native frames: (J=compiled Java code, j=interpreted, Vv=VM code, C=native code)
C  [GLEngine+0x1401ef]  gleRunVertexSubmitImmediate+0x27ef
C  [GLEngine+0x1fdfe]  glDrawArrays_Exec+0x272
j  org.lwjgl.opengl.GL11.nglDrawArrays(IIIJ)V+0
j  org.lwjgl.opengl.GL11.glDrawArrays(III)V+20
j  com.pixelaborate.platformer.Model.render()V+44
j  com.pixelaborate.platformer.Entity.render()V+12
j  com.pixelaborate.platformer.PlayingState.render()V+10
j  com.pixelaborate.platformer.Game.run()V+120
j  com.pixelaborate.platformer.Main.main([Ljava/lang/String;)V+9
v  ~StubRoutines::call_stub
V  [libjvm.dylib+0x2d6a90]  JavaCalls::call_helper(JavaValue*, methodHandle*, JavaCallArguments*, Thread*)+0x22a
V  [libjvm.dylib+0x2d6860]  JavaCalls::call(JavaValue*, methodHandle, JavaCallArguments*, Thread*)+0x28
V  [libjvm.dylib+0x30a004]  jni_invoke_static(JNIEnv_*, JavaValue*, _jobject*, JNICallType, _jmethodID*, JNI_ArgumentPusher*, Thread*)+0xe6
V  [libjvm.dylib+0x30319f]  jni_CallStaticVoidMethod+0x10b
C  [java+0x30fe]  JavaMain+0x91d
C  [libsystem_pthread.dylib+0x1899]  _pthread_body+0x8a
C  [libsystem_pthread.dylib+0x172a]  _pthread_struct_init+0x0
C  [libsystem_pthread.dylib+0x5fc9]  thread_start+0xd

Java frames: (J=compiled Java code, j=interpreted, Vv=VM code)
j  org.lwjgl.opengl.GL11.nglDrawArrays(IIIJ)V+0
j  org.lwjgl.opengl.GL11.glDrawArrays(III)V+20
j  com.pixelaborate.platformer.Model.render()V+44
j  com.pixelaborate.platformer.Entity.render()V+12
j  com.pixelaborate.platformer.PlayingState.render()V+10
j  com.pixelaborate.platformer.Game.run()V+120
j  com.pixelaborate.platformer.Main.main([Ljava/lang/String;)V+9
v  ~StubRoutines::call_stub

---------------  P R O C E S S  ---------------

Java Threads: ( => current thread )
  0x00007ffeb3851000 JavaThread "AWT-Shutdown" [_thread_blocked, id=26639, stack(0x0000000119768000,0x0000000119868000)]
  0x00007ffeb4818800 JavaThread "AppKit Thread" daemon [_thread_in_native, id=3335, stack(0x00007fff50ce6000,0x00007fff50d66000)]
  0x00007ffeb4022800 JavaThread "Service Thread" daemon [_thread_blocked, id=19203, stack(0x0000000117aae000,0x0000000117bae000)]
  0x00007ffeb4814000 JavaThread "C2 CompilerThread1" daemon [_thread_blocked, id=18691, stack(0x00000001179ab000,0x0000000117aab000)]
  0x00007ffeb380a000 JavaThread "C2 CompilerThread0" daemon [_thread_blocked, id=18179, stack(0x00000001178a8000,0x00000001179a8000)]
  0x00007ffeb4022000 JavaThread "Signal Dispatcher" daemon [_thread_blocked, id=17667, stack(0x00000001177a5000,0x00000001178a5000)]
  0x00007ffeb4017800 JavaThread "Finalizer" daemon [_thread_blocked, id=12547, stack(0x0000000117558000,0x0000000117658000)]
  0x00007ffeb4015000 JavaThread "Reference Handler" daemon [_thread_blocked, id=12035, stack(0x0000000117455000,0x0000000117555000)]
=>0x00007ffeb5001000 JavaThread "main" [_thread_in_native, id=6403, stack(0x0000000110254000,0x0000000110354000)]

Other Threads:
  0x00007ffeb480c000 VMThread [stack: 0x0000000117352000,0x0000000117452000] [id=11523]
  0x00007ffeb402b800 WatcherThread [stack: 0x0000000117bb1000,0x0000000117cb1000] [id=19715]

VM state:not at safepoint (normal execution)

VM Mutex/Monitor currently owned by a thread: None

Heap
 PSYoungGen      total 138752K, used 63624K [0x00000007eaa80000, 0x00000007f3880000, 0x0000000800000000)
  eden space 133632K, 44% used [0x00000007eaa80000,0x00000007ee3f5310,0x00000007f2d00000)
  from space 5120K, 93% used [0x00000007f3280000,0x00000007f372d040,0x00000007f3780000)
  to   space 5632K, 0% used [0x00000007f2d00000,0x00000007f2d00000,0x00000007f3280000)
 ParOldGen       total 43520K, used 2088K [0x00000007c0000000, 0x00000007c2a80000, 0x00000007eaa80000)
  object space 43520K, 4% used [0x00000007c0000000,0x00000007c020a180,0x00000007c2a80000)
 PSPermGen       total 21504K, used 5824K [0x00000007bae00000, 0x00000007bc300000, 0x00000007c0000000)
  object space 21504K, 27% used [0x00000007bae00000,0x00000007bb3b0100,0x00000007bc300000)

Card table byte_map: [0x0000000113416000,0x0000000113640000] byte_map_base: 0x000000010f63f000

Polling page: 0x000000010efeb000

Code Cache  [0x0000000110356000, 0x00000001105c6000, 0x0000000113356000)
 total_blobs=426 nmethods=104 adapters=277 free_code_cache=48493Kb largest_free_block=49626688

Compilation events (10 events):
Event: 2.162 Thread 0x00007ffeb380a000 nmethod 96 0x00000001103cf090 code [0x00000001103cf200, 0x00000001103cf3b8]
Event: 2.162 Thread 0x00007ffeb4814000 nmethod 97 0x00000001103ef150 code [0x00000001103ef2c0, 0x00000001103ef478]
Event: 2.167 Thread 0x00007ffeb380a000   98             org.lwjgl.opengl.GL11::glVertex3f (24 bytes)
Event: 2.168 Thread 0x00007ffeb380a000 nmethod 98 0x00000001103f3790 code [0x00000001103f38e0, 0x00000001103f3a08]
Event: 2.170 Thread 0x00007ffeb4814000  100             org.lwjgl.opengl.GL11::glColor3f (24 bytes)
Event: 2.172 Thread 0x00007ffeb380a000  102             org.lwjgl.opengl.GL11::glNormal3f (24 bytes)
Event: 2.172 Thread 0x00007ffeb4814000 nmethod 100 0x00000001103cf890 code [0x00000001103cf9e0, 0x00000001103cfb08]
Event: 2.175 Thread 0x00007ffeb380a000 nmethod 102 0x00000001103ee9d0 code [0x00000001103eeb20, 0x00000001103eec48]
Event: 2.194 Thread 0x00007ffeb4814000  104 %           com.pixelaborate.platformer.Model::prepareModel @ 43 (431 bytes)
Event: 2.241 Thread 0x00007ffeb4814000 nmethod 104% 0x00000001103fd510 code [0x00000001103fd980, 0x00000001103ffa20]

GC Heap History (10 events):
Event: 1.857 GC heap before
{Heap before GC invocations=4 (full 0):
 PSYoungGen      total 19456K, used 18793K [0x00000007eaa80000, 0x00000007ed080000, 0x0000000800000000)
  eden space 16896K, 100% used [0x00000007eaa80000,0x00000007ebb00000,0x00000007ebb00000)
  from space 2560K, 74% used [0x00000007ebb00000,0x00000007ebcda530,0x00000007ebd80000)
  to   space 2560K, 0% used [0x00000007ece00000,0x00000007ece00000,0x00000007ed080000)
 ParOldGen       total 43520K, used 16K [0x00000007c0000000, 0x00000007c2a80000, 0x00000007eaa80000)
  object space 43520K, 0% used [0x00000007c0000000,0x00000007c0004000,0x00000007c2a80000)
 PSPermGen       total 21504K, used 5806K [0x00000007bae00000, 0x00000007bc300000, 0x00000007c0000000)
  object space 21504K, 27% used [0x00000007bae00000,0x00000007bb3aba68,0x00000007bc300000)
Event: 1.861 GC heap after
Heap after GC invocations=4 (full 0):
 PSYoungGen      total 36352K, used 2405K [0x00000007eaa80000, 0x00000007ed080000, 0x0000000800000000)
  eden space 33792K, 0% used [0x00000007eaa80000,0x00000007eaa80000,0x00000007ecb80000)
  from space 2560K, 93% used [0x00000007ece00000,0x00000007ed0597b0,0x00000007ed080000)
  to   space 2560K, 0% used [0x00000007ecb80000,0x00000007ecb80000,0x00000007ece00000)
 ParOldGen       total 43520K, used 16K [0x00000007c0000000, 0x00000007c2a80000, 0x00000007eaa80000)
  object space 43520K, 0% used [0x00000007c0000000,0x00000007c0004000,0x00000007c2a80000)
 PSPermGen       total 21504K, used 5806K [0x00000007bae00000, 0x00000007bc300000, 0x00000007c0000000)
  object space 21504K, 27% used [0x00000007bae00000,0x00000007bb3aba68,0x00000007bc300000)
}
Event: 1.891 GC heap before
{Heap before GC invocations=5 (full 0):
 PSYoungGen      total 36352K, used 36197K [0x00000007eaa80000, 0x00000007ed080000, 0x0000000800000000)
  eden space 33792K, 100% used [0x00000007eaa80000,0x00000007ecb80000,0x00000007ecb80000)
  from space 2560K, 93% used [0x00000007ece00000,0x00000007ed0597b0,0x00000007ed080000)
  to   space 2560K, 0% used [0x00000007ecb80000,0x00000007ecb80000,0x00000007ece00000)
 ParOldGen       total 43520K, used 16K [0x00000007c0000000, 0x00000007c2a80000, 0x00000007eaa80000)
  object space 43520K, 0% used [0x00000007c0000000,0x00000007c0004000,0x00000007c2a80000)
 PSPermGen       total 21504K, used 5806K [0x00000007bae00000, 0x00000007bc300000, 0x00000007c0000000)
  object space 21504K, 27% used [0x00000007bae00000,0x00000007bb3abb10,0x00000007bc300000)
Event: 1.896 GC heap after
Heap after GC invocations=5 (full 0):
 PSYoungGen      total 36352K, used 2544K [0x00000007eaa80000, 0x00000007ef380000, 0x0000000800000000)
  eden space 33792K, 0% used [0x00000007eaa80000,0x00000007eaa80000,0x00000007ecb80000)
  from space 2560K, 99% used [0x00000007ecb80000,0x00000007ecdfc378,0x00000007ece00000)
  to   space 3584K, 0% used [0x00000007ef000000,0x00000007ef000000,0x00000007ef380000)
 ParOldGen       total 43520K, used 592K [0x00000007c0000000, 0x00000007c2a80000, 0x00000007eaa80000)
  object space 43520K, 1% used [0x00000007c0000000,0x00000007c0094000,0x00000007c2a80000)
 PSPermGen       total 21504K, used 5806K [0x00000007bae00000, 0x00000007bc300000, 0x00000007c0000000)
  object space 21504K, 27% used [0x00000007bae00000,0x00000007bb3abb10,0x00000007bc300000)
}
Event: 1.931 GC heap before
{Heap before GC invocations=6 (full 0):
 PSYoungGen      total 36352K, used 36336K [0x00000007eaa80000, 0x00000007ef380000, 0x0000000800000000)
  eden space 33792K, 100% used [0x00000007eaa80000,0x00000007ecb80000,0x00000007ecb80000)
  from space 2560K, 99% used [0x00000007ecb80000,0x00000007ecdfc378,0x00000007ece00000)
  to   space 3584K, 0% used [0x00000007ef000000,0x00000007ef000000,0x00000007ef380000)
 ParOldGen       total 43520K, used 592K [0x00000007c0000000, 0x00000007c2a80000, 0x00000007eaa80000)
  object space 43520K, 1% used [0x00000007c0000000,0x00000007c0094000,0x00000007c2a80000)
 PSPermGen       total 21504K, used 5816K [0x00000007bae00000, 0x00000007bc300000, 0x00000007c0000000)
  object space 21504K, 27% used [0x00000007bae00000,0x00000007bb3ae2d0,0x00000007bc300000)
Event: 1.936 GC heap after
Heap after GC invocations=6 (full 0):
 PSYoungGen      total 70656K, used 3367K [0x00000007eaa80000, 0x00000007ef480000, 0x0000000800000000)
  eden space 67072K, 0% used [0x00000007eaa80000,0x00000007eaa80000,0x00000007eec00000)
  from space 3584K, 93% used [0x00000007ef000000,0x00000007ef349f20,0x00000007ef380000)
  to   space 4096K, 0% used [0x00000007eec00000,0x00000007eec00000,0x00000007ef000000)
 ParOldGen       total 43520K, used 600K [0x00000007c0000000, 0x00000007c2a80000, 0x00000007eaa80000)
  object space 43520K, 1% used [0x00000007c0000000,0x00000007c0096000,0x00000007c2a80000)
 PSPermGen       total 21504K, used 5816K [0x00000007bae00000, 0x00000007bc300000, 0x00000007c0000000)
  object space 21504K, 27% used [0x00000007bae00000,0x00000007bb3ae2d0,0x00000007bc300000)
}
Event: 2.020 GC heap before
{Heap before GC invocations=7 (full 0):
 PSYoungGen      total 70656K, used 70439K [0x00000007eaa80000, 0x00000007ef480000, 0x0000000800000000)
  eden space 67072K, 100% used [0x00000007eaa80000,0x00000007eec00000,0x00000007eec00000)
  from space 3584K, 93% used [0x00000007ef000000,0x00000007ef349f20,0x00000007ef380000)
  to   space 4096K, 0% used [0x00000007eec00000,0x00000007eec00000,0x00000007ef000000)
 ParOldGen       total 43520K, used 600K [0x00000007c0000000, 0x00000007c2a80000, 0x00000007eaa80000)
  object space 43520K, 1% used [0x00000007c0000000,0x00000007c0096000,0x00000007c2a80000)
 PSPermGen       total 21504K, used 5817K [0x00000007bae00000, 0x00000007bc300000, 0x00000007c0000000)
  object space 21504K, 27% used [0x00000007bae00000,0x00000007bb3ae520,0x00000007bc300000)
Event: 2.027 GC heap after
Heap after GC invocations=7 (full 0):
 PSYoungGen      total 71168K, used 4073K [0x00000007eaa80000, 0x00000007f3780000, 0x0000000800000000)
  eden space 67072K, 0% used [0x00000007eaa80000,0x00000007eaa80000,0x00000007eec00000)
  from space 4096K, 99% used [0x00000007eec00000,0x00000007eeffa478,0x00000007ef000000)
  to   space 5120K, 0% used [0x00000007f3280000,0x00000007f3280000,0x00000007f3780000)
 ParOldGen       total 43520K, used 1496K [0x00000007c0000000, 0x00000007c2a80000, 0x00000007eaa80000)
  object space 43520K, 3% used [0x00000007c0000000,0x00000007c0176180,0x00000007c2a80000)
 PSPermGen       total 21504K, used 5817K [0x00000007bae00000, 0x00000007bc300000, 0x00000007c0000000)
  object space 21504K, 27% used [0x00000007bae00000,0x00000007bb3ae520,0x00000007bc300000)
}
Event: 2.083 GC heap before
{Heap before GC invocations=8 (full 0):
 PSYoungGen      total 71168K, used 71145K [0x00000007eaa80000, 0x00000007f3780000, 0x0000000800000000)
  eden space 67072K, 100% used [0x00000007eaa80000,0x00000007eec00000,0x00000007eec00000)
  from space 4096K, 99% used [0x00000007eec00000,0x00000007eeffa478,0x00000007ef000000)
  to   space 5120K, 0% used [0x00000007f3280000,0x00000007f3280000,0x00000007f3780000)
 ParOldGen       total 43520K, used 1496K [0x00000007c0000000, 0x00000007c2a80000, 0x00000007eaa80000)
  object space 43520K, 3% used [0x00000007c0000000,0x00000007c0176180,0x00000007c2a80000)
 PSPermGen       total 21504K, used 5817K [0x00000007bae00000, 0x00000007bc300000, 0x00000007c0000000)
  object space 21504K, 27% used [0x00000007bae00000,0x00000007bb3ae520,0x00000007bc300000)
Event: 2.092 GC heap after
Heap after GC invocations=8 (full 0):
 PSYoungGen      total 138752K, used 4788K [0x00000007eaa80000, 0x00000007f3880000, 0x0000000800000000)
  eden space 133632K, 0% used [0x00000007eaa80000,0x00000007eaa80000,0x00000007f2d00000)
  from space 5120K, 93% used [0x00000007f3280000,0x00000007f372d040,0x00000007f3780000)
  to   space 5632K, 0% used [0x00000007f2d00000,0x00000007f2d00000,0x00000007f3280000)
 ParOldGen       total 43520K, used 2088K [0x00000007c0000000, 0x00000007c2a80000, 0x00000007eaa80000)
  object space 43520K, 4% used [0x00000007c0000000,0x00000007c020a180,0x00000007c2a80000)
 PSPermGen       total 21504K, used 5817K [0x00000007bae00000, 0x00000007bc300000, 0x00000007c0000000)
  object space 21504K, 27% used [0x00000007bae00000,0x00000007bb3ae520,0x00000007bc300000)
}

Deoptimization events (6 events):
Event: 1.658 Thread 0x00007ffeb5001000 Uncommon trap: reason=unloaded action=reinterpret pc=0x00000001103dbd90 method=java.io.BufferedReader.readLine(Z)Ljava/lang/String; @ 268
Event: 1.714 Thread 0x00007ffeb5001000 Uncommon trap: reason=array_check action=maybe_recompile pc=0x00000001103dee84 method=java.util.AbstractCollection.toArray([Ljava/lang/Object;)[Ljava/lang/Object; @ 119
Event: 1.714 Thread 0x00007ffeb5001000 Uncommon trap: reason=array_check action=maybe_recompile pc=0x00000001103dee84 method=java.util.AbstractCollection.toArray([Ljava/lang/Object;)[Ljava/lang/Object; @ 119
Event: 1.714 Thread 0x00007ffeb5001000 Uncommon trap: reason=array_check action=maybe_recompile pc=0x00000001103dee84 method=java.util.AbstractCollection.toArray([Ljava/lang/Object;)[Ljava/lang/Object; @ 119
Event: 1.714 Thread 0x00007ffeb5001000 Uncommon trap: reason=array_check action=maybe_recompile pc=0x00000001103dee84 method=java.util.AbstractCollection.toArray([Ljava/lang/Object;)[Ljava/lang/Object; @ 119
Event: 2.143 Thread 0x00007ffeb5001000 Uncommon trap: reason=unreached action=reinterpret pc=0x00000001103f7c28 method=com.pixelaborate.platformer.OBJ_Parser.parseFile(Ljava/io/File;)Lcom/pixelaborate/platformer/Model; @ 221

Internal exceptions (10 events):
Event: 1.604 Thread 0x00007ffeb5001000 Threw 0x00000007eb167de8 at /HUDSON/workspace/7u-2-build-macosx-x86_64/jdk7u55/869/hotspot/src/share/vm/prims/jvm.cpp:1244
Event: 1.606 Thread 0x00007ffeb5001000 Threw 0x00000007eb16c2f0 at /HUDSON/workspace/7u-2-build-macosx-x86_64/jdk7u55/869/hotspot/src/share/vm/prims/jvm.cpp:1244
Event: 1.610 Thread 0x00007ffeb5001000 Threw 0x00000007eb1782e0 at /HUDSON/workspace/7u-2-build-macosx-x86_64/jdk7u55/869/hotspot/src/share/vm/prims/jvm.cpp:1244
Event: 1.611 Thread 0x00007ffeb5001000 Threw 0x00000007eb17e5d0 at /HUDSON/workspace/7u-2-build-macosx-x86_64/jdk7u55/869/hotspot/src/share/vm/prims/jvm.cpp:1244
Event: 1.611 Thread 0x00007ffeb5001000 Threw 0x00000007eb181338 at /HUDSON/workspace/7u-2-build-macosx-x86_64/jdk7u55/869/hotspot/src/share/vm/prims/jvm.cpp:1244
Event: 1.612 Thread 0x00007ffeb5001000 Threw 0x00000007eb184180 at /HUDSON/workspace/7u-2-build-macosx-x86_64/jdk7u55/869/hotspot/src/share/vm/prims/jvm.cpp:1244
Event: 1.612 Thread 0x00007ffeb5001000 Threw 0x00000007eb187040 at /HUDSON/workspace/7u-2-build-macosx-x86_64/jdk7u55/869/hotspot/src/share/vm/prims/jvm.cpp:1244
Event: 1.612 Thread 0x00007ffeb5001000 Threw 0x00000007eb189dd8 at /HUDSON/workspace/7u-2-build-macosx-x86_64/jdk7u55/869/hotspot/src/share/vm/prims/jvm.cpp:1244
Event: 1.613 Thread 0x00007ffeb5001000 Threw 0x00000007eb18cb18 at /HUDSON/workspace/7u-2-build-macosx-x86_64/jdk7u55/869/hotspot/src/share/vm/prims/jvm.cpp:1244
Event: 1.913 Thread 0x00007ffeb5001000 Threw 0x00000007ec0cf810 at /HUDSON/workspace/7u-2-build-macosx-x86_64/jdk7u55/869/hotspot/src/share/vm/prims/jvm.cpp:1244

Events (10 events):
Event: 1.914 Thread 0x00007ffeb5001000 DEOPT UNPACKING pc=0x000000011038ee0f sp=0x0000000110353440 mode 0
Event: 1.931 Executing VM operation: ParallelGCFailedAllocation
Event: 1.936 Executing VM operation: ParallelGCFailedAllocation done
Event: 2.020 Executing VM operation: ParallelGCFailedAllocation
Event: 2.027 Executing VM operation: ParallelGCFailedAllocation done
Event: 2.083 Executing VM operation: ParallelGCFailedAllocation
Event: 2.092 Executing VM operation: ParallelGCFailedAllocation done
Event: 2.143 Thread 0x00007ffeb5001000 Uncommon trap: trap_request=0xffffffad fr.pc=0x00000001103f7c28
Event: 2.143 Thread 0x00007ffeb5001000 DEOPT PACKING pc=0x00000001103f7c28 sp=0x00000001103536c0
Event: 2.143 Thread 0x00007ffeb5001000 DEOPT UNPACKING pc=0x000000011038f045 sp=0x00000001103536d0 mode 2


Dynamic libraries:
0x000000000c660000 	/System/Library/Frameworks/Cocoa.framework/Versions/A/Cocoa
0x000000000c660000 	/System/Library/Frameworks/Security.framework/Versions/A/Security
0x000000000c660000 	/System/Library/Frameworks/ApplicationServices.framework/Versions/A/ApplicationServices
0x000000000c660000 	/usr/lib/libz.1.dylib
0x000000000c660000 	/usr/lib/libSystem.B.dylib
0x000000000c660000 	/usr/lib/libobjc.A.dylib
0x000000000c660000 	/System/Library/Frameworks/CoreFoundation.framework/Versions/A/CoreFoundation
0x000000000c660000 	/System/Library/Frameworks/Foundation.framework/Versions/C/Foundation
0x000000000c660000 	/System/Library/Frameworks/AppKit.framework/Versions/C/AppKit
0x000000000c660000 	/System/Library/Frameworks/CoreData.framework/Versions/A/CoreData
0x000000000c660000 	/System/Library/PrivateFrameworks/RemoteViewServices.framework/Versions/A/RemoteViewServices
0x000000000c660000 	/System/Library/Frameworks/AudioToolbox.framework/Versions/A/AudioToolbox
0x000000000c660000 	/System/Library/Frameworks/AudioUnit.framework/Versions/A/AudioUnit
0x000000000c660000 	/System/Library/PrivateFrameworks/DataDetectorsCore.framework/Versions/A/DataDetectorsCore
0x000000000c660000 	/System/Library/PrivateFrameworks/DesktopServicesPriv.framework/Versions/A/DesktopServicesPriv
0x000000000c660000 	/System/Library/Frameworks/Carbon.framework/Versions/A/Frameworks/HIToolbox.framework/Versions/A/HIToolbox
0x000000000c660000 	/System/Library/Frameworks/QuartzCore.framework/Versions/A/QuartzCore
0x000000000c660000 	/System/Library/Frameworks/Carbon.framework/Versions/A/Frameworks/SpeechRecognition.framework/Versions/A/SpeechRecognition
0x000000000c660000 	/usr/lib/libauto.dylib
0x000000000c660000 	/usr/lib/libicucore.A.dylib
0x000000000c660000 	/usr/lib/libxml2.2.dylib
0x000000000c660000 	/System/Library/PrivateFrameworks/CoreUI.framework/Versions/A/CoreUI
0x000000000c660000 	/System/Library/Frameworks/CoreAudio.framework/Versions/A/CoreAudio
0x000000000c660000 	/System/Library/Frameworks/DiskArbitration.framework/Versions/A/DiskArbitration
0x000000000c660000 	/usr/lib/liblangid.dylib
0x000000000c660000 	/System/Library/PrivateFrameworks/MultitouchSupport.framework/Versions/A/MultitouchSupport
0x000000000c660000 	/System/Library/Frameworks/IOKit.framework/Versions/A/IOKit
0x000000000c660000 	/usr/lib/libDiagnosticMessagesClient.dylib
0x000000000c660000 	/System/Library/Frameworks/CoreServices.framework/Versions/A/CoreServices
0x000000000c660000 	/System/Library/PrivateFrameworks/PerformanceAnalysis.framework/Versions/A/PerformanceAnalysis
0x000000000c660000 	/System/Library/PrivateFrameworks/GenerationalStorage.framework/Versions/A/GenerationalStorage
0x000000000c660000 	/System/Library/Frameworks/OpenGL.framework/Versions/A/OpenGL
0x000000000c660000 	/System/Library/PrivateFrameworks/Sharing.framework/Versions/A/Sharing
0x000000000c660000 	/System/Library/Frameworks/ImageIO.framework/Versions/A/ImageIO
0x000000000c660000 	/System/Library/Frameworks/CoreText.framework/Versions/A/CoreText
0x000000000c660000 	/System/Library/Frameworks/CoreGraphics.framework/Versions/A/CoreGraphics
0x000000000c660000 	/System/Library/PrivateFrameworks/Backup.framework/Versions/A/Backup
0x000000000c660000 	/System/Library/Frameworks/CFNetwork.framework/Versions/A/CFNetwork
0x000000000c660000 	/System/Library/Frameworks/SystemConfiguration.framework/Versions/A/SystemConfiguration
0x000000000c660000 	/usr/lib/libCRFSuite.dylib
0x000000000c660000 	/usr/lib/libc++.1.dylib
0x000000000c660000 	/usr/lib/libc++abi.dylib
0x000000000c660000 	/usr/lib/system/libcache.dylib
0x000000000c660000 	/usr/lib/system/libcommonCrypto.dylib
0x000000000c660000 	/usr/lib/system/libcompiler_rt.dylib
0x000000000c660000 	/usr/lib/system/libcopyfile.dylib
0x000000000c660000 	/usr/lib/system/libcorecrypto.dylib
0x000000000c660000 	/usr/lib/system/libdispatch.dylib
0x000000000c660000 	/usr/lib/system/libdyld.dylib
0x000000000c660000 	/usr/lib/system/libkeymgr.dylib
0x000000000c660000 	/usr/lib/system/liblaunch.dylib
0x000000000c660000 	/usr/lib/system/libmacho.dylib
0x000000000c660000 	/usr/lib/system/libquarantine.dylib
0x000000000c660000 	/usr/lib/system/libremovefile.dylib
0x000000000c660000 	/usr/lib/system/libsystem_asl.dylib
0x000000000c660000 	/usr/lib/system/libsystem_blocks.dylib
0x000000000c660000 	/usr/lib/system/libsystem_c.dylib
0x000000000c660000 	/usr/lib/system/libsystem_configuration.dylib
0x000000000c660000 	/usr/lib/system/libsystem_dnssd.dylib
0x000000000c660000 	/usr/lib/system/libsystem_info.dylib
0x000000000c660000 	/usr/lib/system/libsystem_kernel.dylib
0x000000000c660000 	/usr/lib/system/libsystem_m.dylib
0x000000000c660000 	/usr/lib/system/libsystem_malloc.dylib
0x000000000c660000 	/usr/lib/system/libsystem_network.dylib
0x000000000c660000 	/usr/lib/system/libsystem_notify.dylib
0x000000000c660000 	/usr/lib/system/libsystem_platform.dylib
0x000000000c660000 	/usr/lib/system/libsystem_pthread.dylib
0x000000000c660000 	/usr/lib/system/libsystem_sandbox.dylib
0x000000000c660000 	/usr/lib/system/libsystem_stats.dylib
0x000000000c660000 	/usr/lib/system/libunc.dylib
0x000000000c660000 	/usr/lib/system/libunwind.dylib
0x000000000c660000 	/usr/lib/system/libxpc.dylib
0x000000000c660000 	/usr/lib/libbsm.0.dylib
0x000000000c660000 	/usr/lib/libsqlite3.dylib
0x000000000c660000 	/usr/lib/libxar.1.dylib
0x000000000c660000 	/usr/lib/libpam.2.dylib
0x000000000c660000 	/usr/lib/libOpenScriptingUtil.dylib
0x000000000c660000 	/usr/lib/libbz2.1.0.dylib
0x000000000c660000 	/System/Library/Frameworks/CoreServices.framework/Versions/A/Frameworks/CarbonCore.framework/Versions/A/CarbonCore
0x000000000c660000 	/System/Library/Frameworks/CoreServices.framework/Versions/A/Frameworks/Metadata.framework/Versions/A/Metadata
0x000000000c660000 	/System/Library/Frameworks/CoreServices.framework/Versions/A/Frameworks/OSServices.framework/Versions/A/OSServices
0x000000000c660000 	/System/Library/Frameworks/CoreServices.framework/Versions/A/Frameworks/SearchKit.framework/Versions/A/SearchKit
0x000000000c660000 	/System/Library/Frameworks/CoreServices.framework/Versions/A/Frameworks/AE.framework/Versions/A/AE
0x000000000c660000 	/System/Library/Frameworks/CoreServices.framework/Versions/A/Frameworks/LaunchServices.framework/Versions/A/LaunchServices
0x000000000c660000 	/System/Library/Frameworks/CoreServices.framework/Versions/A/Frameworks/DictionaryServices.framework/Versions/A/DictionaryServices
0x000000000c660000 	/System/Library/Frameworks/NetFS.framework/Versions/A/NetFS
0x000000000c660000 	/usr/lib/system/libkxld.dylib
0x000000000c660000 	/System/Library/PrivateFrameworks/NetAuth.framework/Versions/A/NetAuth
0x000000000c660000 	/System/Library/PrivateFrameworks/TCC.framework/Versions/A/TCC
0x000000000c660000 	/System/Library/Frameworks/OpenDirectory.framework/Versions/A/Frameworks/CFOpenDirectory.framework/Versions/A/CFOpenDirectory
0x000000000c660000 	/System/Library/Frameworks/ServiceManagement.framework/Versions/A/ServiceManagement
0x000000000c660000 	/usr/lib/libxslt.1.dylib
0x000000000c660000 	/System/Library/Frameworks/Carbon.framework/Versions/A/Frameworks/Ink.framework/Versions/A/Ink
0x000000000c660000 	/System/Library/Frameworks/ApplicationServices.framework/Versions/A/Frameworks/ATS.framework/Versions/A/ATS
0x000000000c660000 	/System/Library/Frameworks/ApplicationServices.framework/Versions/A/Frameworks/ColorSync.framework/Versions/A/ColorSync
0x000000000c660000 	/System/Library/Frameworks/ApplicationServices.framework/Versions/A/Frameworks/HIServices.framework/Versions/A/HIServices
0x000000000c660000 	/System/Library/Frameworks/ApplicationServices.framework/Versions/A/Frameworks/LangAnalysis.framework/Versions/A/LangAnalysis
0x000000000c660000 	/System/Library/Frameworks/ApplicationServices.framework/Versions/A/Frameworks/PrintCore.framework/Versions/A/PrintCore
0x000000000c660000 	/System/Library/Frameworks/ApplicationServices.framework/Versions/A/Frameworks/QD.framework/Versions/A/QD
0x000000000c660000 	/System/Library/Frameworks/ApplicationServices.framework/Versions/A/Frameworks/SpeechSynthesis.framework/Versions/A/SpeechSynthesis
0x000000000c660000 	/System/Library/Frameworks/IOSurface.framework/Versions/A/IOSurface
0x000000000c660000 	/System/Library/Frameworks/Accelerate.framework/Versions/A/Accelerate
0x000000000c660000 	/System/Library/Frameworks/Accelerate.framework/Versions/A/Frameworks/vImage.framework/Versions/A/vImage
0x000000000c660000 	/System/Library/Frameworks/Accelerate.framework/Versions/A/Frameworks/vecLib.framework/Versions/A/vecLib
0x000000000c660000 	/System/Library/Frameworks/Accelerate.framework/Versions/A/Frameworks/vecLib.framework/Versions/A/libvDSP.dylib
0x000000000c660000 	/System/Library/Frameworks/Accelerate.framework/Versions/A/Frameworks/vecLib.framework/Versions/A/libvMisc.dylib
0x000000000c660000 	/System/Library/Frameworks/Accelerate.framework/Versions/A/Frameworks/vecLib.framework/Versions/A/libLAPACK.dylib
0x000000000c660000 	/System/Library/Frameworks/Accelerate.framework/Versions/A/Frameworks/vecLib.framework/Versions/A/libBLAS.dylib
0x000000000c660000 	/System/Library/Frameworks/ApplicationServices.framework/Versions/A/Frameworks/ATS.framework/Versions/A/Resources/libFontParser.dylib
0x000000000c660000 	/System/Library/Frameworks/ApplicationServices.framework/Versions/A/Frameworks/ATS.framework/Versions/A/Resources/libFontRegistry.dylib
0x000000000c660000 	/System/Library/Frameworks/ImageIO.framework/Versions/A/Resources/libJPEG.dylib
0x000000000c660000 	/System/Library/Frameworks/ImageIO.framework/Versions/A/Resources/libTIFF.dylib
0x000000000c660000 	/System/Library/Frameworks/ImageIO.framework/Versions/A/Resources/libPng.dylib
0x000000000c660000 	/System/Library/Frameworks/ImageIO.framework/Versions/A/Resources/libGIF.dylib
0x000000000c660000 	/System/Library/Frameworks/ImageIO.framework/Versions/A/Resources/libJP2.dylib
0x000000000c660000 	/System/Library/Frameworks/ImageIO.framework/Versions/A/Resources/libRadiance.dylib
0x000000000c660000 	/usr/lib/libcups.2.dylib
0x000000000c660000 	/System/Library/Frameworks/Kerberos.framework/Versions/A/Kerberos
0x000000000c660000 	/System/Library/Frameworks/GSS.framework/Versions/A/GSS
0x000000000c660000 	/usr/lib/libresolv.9.dylib
0x000000000c660000 	/usr/lib/libiconv.2.dylib
0x000000000c660000 	/System/Library/PrivateFrameworks/Heimdal.framework/Versions/A/Heimdal
0x000000000c660000 	/System/Library/PrivateFrameworks/TrustEvaluationAgent.framework/Versions/A/TrustEvaluationAgent
0x000000000c660000 	/usr/lib/libheimdal-asn1.dylib
0x000000000c660000 	/System/Library/Frameworks/OpenDirectory.framework/Versions/A/OpenDirectory
0x000000000c660000 	/System/Library/PrivateFrameworks/CommonAuth.framework/Versions/A/CommonAuth
0x000000000c660000 	/System/Library/Frameworks/SecurityFoundation.framework/Versions/A/SecurityFoundation
0x000000000c660000 	/System/Library/PrivateFrameworks/Bom.framework/Versions/A/Bom
0x000000000c660000 	/System/Library/Frameworks/CoreVideo.framework/Versions/A/CoreVideo
0x000000000c660000 	/System/Library/Frameworks/QuartzCore.framework/Versions/A/Frameworks/CoreImage.framework/Versions/A/CoreImage
0x000000000c660000 	/System/Library/Frameworks/QuartzCore.framework/Versions/A/Frameworks/ScalableUserInterface.framework/Versions/A/ScalableUserInterface
0x000000000c660000 	/System/Library/Frameworks/OpenGL.framework/Versions/A/Libraries/libGLU.dylib
0x000000000c660000 	/System/Library/Frameworks/OpenGL.framework/Versions/A/Libraries/libGFXShared.dylib
0x000000000c660000 	/System/Library/Frameworks/OpenGL.framework/Versions/A/Libraries/libGL.dylib
0x000000000c660000 	/System/Library/Frameworks/OpenGL.framework/Versions/A/Libraries/libGLImage.dylib
0x000000000c660000 	/System/Library/Frameworks/OpenGL.framework/Versions/A/Libraries/libCVMSPluginSupport.dylib
0x000000000c660000 	/System/Library/Frameworks/OpenGL.framework/Versions/A/Libraries/libCoreVMClient.dylib
0x000000000c660000 	/System/Library/PrivateFrameworks/FaceCore.framework/Versions/A/FaceCore
0x000000000c660000 	/System/Library/PrivateFrameworks/CrashReporterSupport.framework/Versions/A/CrashReporterSupport
0x000000000c660000 	/System/Library/Frameworks/OpenCL.framework/Versions/A/OpenCL
0x000000000c660000 	/System/Library/PrivateFrameworks/AppleFSCompression.framework/Versions/A/AppleFSCompression
0x000000000c660000 	/System/Library/PrivateFrameworks/Ubiquity.framework/Versions/A/Ubiquity
0x000000000c660000 	/System/Library/PrivateFrameworks/IconServices.framework/Versions/A/IconServices
0x000000000c660000 	/System/Library/PrivateFrameworks/ChunkingLibrary.framework/Versions/A/ChunkingLibrary
0x000000000c660000 	/System/Library/PrivateFrameworks/CoreSymbolication.framework/Versions/A/CoreSymbolication
0x000000000c660000 	/System/Library/PrivateFrameworks/Symbolication.framework/Versions/A/Symbolication
0x000000000c660000 	/System/Library/PrivateFrameworks/DebugSymbols.framework/Versions/A/DebugSymbols
0x000000010f800000 	/Library/Java/JavaVirtualMachines/jdk1.7.0_55.jdk/Contents/Home/jre/lib/server/libjvm.dylib
0x000000000c660000 	/usr/lib/libstdc++.6.dylib
0x000000010efae000 	/Library/Java/JavaVirtualMachines/jdk1.7.0_55.jdk/Contents/Home/jre/lib/libverify.dylib
0x000000010efbb000 	/Library/Java/JavaVirtualMachines/jdk1.7.0_55.jdk/Contents/Home/jre/lib/libjava.dylib
0x000000010eff5000 	/Library/Java/JavaVirtualMachines/jdk1.7.0_55.jdk/Contents/Home/jre/lib/libzip.dylib
0x000000011765a000 	/System/Library/Frameworks/JavaVM.framework/Frameworks/JavaRuntimeSupport.framework/JavaRuntimeSupport
0x0000000117672000 	/System/Library/Frameworks/JavaVM.framework/Versions/A/Frameworks/JavaNativeFoundation.framework/Versions/A/JavaNativeFoundation
0x0000000117686000 	/System/Library/Frameworks/JavaVM.framework/Versions/A/JavaVM
0x000000000c660000 	/System/Library/Frameworks/Carbon.framework/Versions/A/Carbon
0x0000000117692000 	/System/Library/PrivateFrameworks/JavaLaunching.framework/Versions/A/JavaLaunching
0x000000000c660000 	/System/Library/Frameworks/Carbon.framework/Versions/A/Frameworks/CommonPanels.framework/Versions/A/CommonPanels
0x000000000c660000 	/System/Library/Frameworks/Carbon.framework/Versions/A/Frameworks/Help.framework/Versions/A/Help
0x000000000c660000 	/System/Library/Frameworks/Carbon.framework/Versions/A/Frameworks/ImageCapture.framework/Versions/A/ImageCapture
0x000000000c660000 	/System/Library/Frameworks/Carbon.framework/Versions/A/Frameworks/OpenScripting.framework/Versions/A/OpenScripting
0x000000000c660000 	/System/Library/Frameworks/Carbon.framework/Versions/A/Frameworks/Print.framework/Versions/A/Print
0x000000000c660000 	/System/Library/Frameworks/Carbon.framework/Versions/A/Frameworks/SecurityHI.framework/Versions/A/SecurityHI
0x0000000117cd2000 	/Library/Java/JavaVirtualMachines/jdk1.7.0_55.jdk/Contents/Home/jre/lib/libawt.dylib
0x0000000117d81000 	/Library/Java/JavaVirtualMachines/jdk1.7.0_55.jdk/Contents/Home/jre/lib/./libmlib_image.dylib
0x0000000117e4d000 	/Library/Java/JavaVirtualMachines/jdk1.7.0_55.jdk/Contents/Home/jre/lib/lwawt/liblwawt.dylib
0x0000000117f01000 	/Library/Java/JavaVirtualMachines/jdk1.7.0_55.jdk/Contents/Home/jre/lib/libosxapp.dylib
0x000000000c660000 	/System/Library/Frameworks/ExceptionHandling.framework/Versions/A/ExceptionHandling
0x000000000c660000 	/System/Library/PrivateFrameworks/CoreServicesInternal.framework/Versions/A/CoreServicesInternal
0x000000000c660000 	/System/Library/PrivateFrameworks/Librarian.framework/Versions/A/Librarian
0x000000000c660000 	/System/Library/Frameworks/CoreGraphics.framework/Versions/A/Resources/libCGCMS.A.dylib
0x000000000c660000 	/System/Library/Frameworks/CoreGraphics.framework/Versions/A/Resources/libRIP.A.dylib
0x000000000c660000 	/System/Library/Frameworks/CoreGraphics.framework/Versions/A/Resources/libCGXType.A.dylib
0x000000000c660000 	/System/Library/PrivateFrameworks/FamilyControls.framework/Versions/A/FamilyControls
0x000000000c660000 	/System/Library/PrivateFrameworks/CommerceKit.framework/Versions/A/Frameworks/CommerceCore.framework/Versions/A/CommerceCore
0x000000000c660000 	/System/Library/PrivateFrameworks/SystemAdministration.framework/Versions/A/SystemAdministration
0x000000000c660000 	/System/Library/Frameworks/DirectoryService.framework/Versions/A/DirectoryService
0x000000000c660000 	/System/Library/PrivateFrameworks/DiskImages.framework/Versions/A/DiskImages
0x000000000c660000 	/System/Library/PrivateFrameworks/LoginUIKit.framework/Versions/A/Frameworks/LoginUICore.framework/Versions/A/LoginUICore
0x000000000c660000 	/usr/lib/libCoreStorage.dylib
0x000000000c660000 	/usr/lib/libcsfde.dylib
0x000000000c660000 	/usr/lib/libodfde.dylib
0x000000000c660000 	/System/Library/Frameworks/DiscRecording.framework/Versions/A/DiscRecording
0x000000000c660000 	/usr/lib/libcurl.4.dylib
0x000000000c660000 	/System/Library/PrivateFrameworks/MediaKit.framework/Versions/A/MediaKit
0x000000000c660000 	/System/Library/PrivateFrameworks/EFILogin.framework/Versions/A/EFILogin
0x000000000c660000 	/usr/lib/libutil.dylib
0x000000000c660000 	/System/Library/PrivateFrameworks/AOSNotification.framework/Versions/A/AOSNotification
0x000000000c660000 	/System/Library/Frameworks/LDAP.framework/Versions/A/LDAP
0x000000000c660000 	/usr/lib/libsasl2.2.dylib
0x000000000c660000 	/usr/lib/libcrypto.0.9.8.dylib
0x000000000c660000 	/usr/lib/libssl.0.9.8.dylib
0x000000011bf59000 	/Library/Java/JavaVirtualMachines/jdk1.7.0_55.jdk/Contents/Home/jre/lib/libfontmanager.dylib
0x000000011bfc0000 	/Users/s010727/Documents/workspace/Platformer/lib/natives/liblwjgl.dylib
0x000000011a685000 	/Library/Java/JavaVirtualMachines/jdk1.7.0_55.jdk/Contents/Home/jre/lib/libjawt.dylib
0x000000000c660000 	/System/Library/Frameworks/OpenGL.framework/Versions/A/Resources/GLEngine.bundle/GLEngine
0x000000000c660000 	/System/Library/Frameworks/OpenGL.framework/Versions/A/Libraries/libGLProgrammability.dylib
0x0000000000000000 	/System/Library/Extensions/AppleIntelHD5000GraphicsGLDriver.bundle/Contents/MacOS/AppleIntelHD5000GraphicsGLDriver
0x000000000c660000 	/System/Library/PrivateFrameworks/IOAccelerator.framework/Versions/A/IOAccelerator
0x000000000c660000 	/System/Library/PrivateFrameworks/GPUSupport.framework/Versions/A/Libraries/libGPUSupportMercury.dylib
0x000000000c660000 	/System/Library/Frameworks/OpenGL.framework/Versions/A/Resources/GLRendererFloat.bundle/GLRendererFloat
0x000000000c660000 	/System/Library/Frameworks/OpenCL.framework/Versions/A/Libraries/libcldcpuengine.dylib
0x000000011c9d6000 	/Library/Java/JavaVirtualMachines/jdk1.7.0_55.jdk/Contents/Home/jre/lib/libnio.dylib
0x000000011c9e5000 	/Library/Java/JavaVirtualMachines/jdk1.7.0_55.jdk/Contents/Home/jre/lib/./libnet.dylib

VM Arguments:
jvm_args: -Djava.library.path=/Users/s010727/Documents/workspace/Platformer/lib/natives:/Users/s010727/Documents/workspace/Platformer/lib/natives:/Users/s010727/Documents/workspace/Platformer/lib/natives:/Users/s010727/Documents/workspace/Platformer/lib/natives -Dfile.encoding=US-ASCII 
java_command: com.pixelaborate.platformer.Main
Launcher Type: SUN_STANDARD

Environment Variables:
PATH=/usr/bin:/bin:/usr/sbin:/sbin
SHELL=/bin/bash

Signal Handlers:
SIGSEGV: [libjvm.dylib+0x5253e5], sa_mask[0]=0xfffefeff, sa_flags=0x00000043
SIGBUS: [libjvm.dylib+0x5253e5], sa_mask[0]=0xfffefeff, sa_flags=0x00000042
SIGFPE: [libjvm.dylib+0x4188a2], sa_mask[0]=0xfffefeff, sa_flags=0x00000042
SIGPIPE: [libjvm.dylib+0x4188a2], sa_mask[0]=0xfffefeff, sa_flags=0x00000042
SIGXFSZ: [libjvm.dylib+0x4188a2], sa_mask[0]=0xfffefeff, sa_flags=0x00000042
SIGILL: [libjvm.dylib+0x4188a2], sa_mask[0]=0xfffefeff, sa_flags=0x00000042
SIGUSR1: SIG_DFL, sa_mask[0]=0x00000000, sa_flags=0x00000002
SIGUSR2: [libjvm.dylib+0x418394], sa_mask[0]=0x00000004, sa_flags=0x00000042
SIGHUP: [libjvm.dylib+0x416623], sa_mask[0]=0xfffefeff, sa_flags=0x00000042
SIGINT: [libjvm.dylib+0x416623], sa_mask[0]=0xfffefeff, sa_flags=0x00000042
SIGTERM: [libjvm.dylib+0x416623], sa_mask[0]=0xfffefeff, sa_flags=0x00000042
SIGQUIT: [libjvm.dylib+0x416623], sa_mask[0]=0xfffefeff, sa_flags=0x00000042


---------------  S Y S T E M  ---------------

OS:Bsduname:Darwin 13.3.0 Darwin Kernel Version 13.3.0: Tue Jun  3 21:27:35 PDT 2014; root:xnu-2422.110.17~1/RELEASE_X86_64 x86_64
rlimit: STACK 8192k, CORE 0k, NPROC 709, NOFILE 10240, AS infinity
load average:1.35 1.56 1.61

CPU:total 4 (2 cores per cpu, 2 threads per core) family 6 model 69 stepping 1, cmov, cx8, fxsr, mmx, sse, sse2, sse3, ssse3, sse4.1, sse4.2, popcnt, avx, avx2, aes, erms, ht, tsc, tscinvbit

Memory: 4k page, physical 4194304k(1048576k free)

/proc/meminfo:


vm_info: Java HotSpot(TM) 64-Bit Server VM (24.55-b03) for bsd-amd64 JRE (1.7.0_55-b13), built on Mar 17 2014 19:40:08 by "java_re" with gcc 4.2.1 (Based on Apple Inc. build 5658) (LLVM build 2336.11.00)

time: Fri May  8 07:30:08 2015
elapsed time: 2 seconds

