#
# A fatal error has been detected by the Java Runtime Environment:
#
#  SIGSEGV (0xb) at pc=0x00007fff97a381e3, pid=28425, tid=6915
#
# JRE version: Java(TM) SE Runtime Environment (7.0_55-b13) (build 1.7.0_55-b13)
# Java VM: Java HotSpot(TM) 64-Bit Server VM (24.55-b03 mixed mode bsd-amd64 compressed oops)
# Problematic frame:
# C  [GLEngine+0x1401e3]  gleRunVertexSubmitImmediate+0x27e3
#
# Failed to write core dump. Core dumps have been disabled. To enable core dumping, try "ulimit -c unlimited" before starting Java again
#
# If you would like to submit a bug report, please visit:
#   http://bugreport.sun.com/bugreport/crash.jsp
# The crash happened outside the Java Virtual Machine in native code.
# See problematic frame for where to report the bug.
#

---------------  T H R E A D  ---------------

Current thread (0x00007fd03c800800):  JavaThread "main" [_thread_in_native, id=6915, stack(0x000000010b654000,0x000000010b754000)]

siginfo:si_signo=SIGSEGV: si_errno=0, si_code=1 (SEGV_MAPERR), si_addr=0x0000000000000000

Registers:
RAX=0x00007fff97a37eaf, RBX=0x0000000000000006, RCX=0x0000000000000000, RDX=0x00007fff97a386b8
RSP=0x000000010b753400, RBP=0x000000010b753650, RSI=0x0000000000000006, RDI=0x0000000000000027
R8 =0x0000000001809804, R9 =0x00007fd03f000000, R10=0x00007fd03bf50c70, R11=0x3f79d378c0664c59
R12=0x0000000000000004, R13=0x0000000001809804, R14=0x3f79d378c0664c59, R15=0x00000000c107cd01
RIP=0x00007fff97a381e3, EFLAGS=0x0000000000010206, ERR=0x0000000000000004
  TRAPNO=0x000000000000000e

Top of Stack: (sp=0x000000010b753400)
0x000000010b753400:   00000000dc41e451 0000000020000000
0x000000010b753410:   00007fd03d08b230 00007fd03bd51b70
0x000000010b753420:   007e7f003ffff3e7 00007fd03d091848
0x000000010b753430:   000000010b7535d0 00001234003aecff
0x000000010b753440:   00007fd03d06f400 00007fd03f02ce68
0x000000010b753450:   000000010b7534d0 00007fff959c56d8
0x000000010b753460:   00007fd03be00f58 000000010b753520
0x000000010b753470:   00000007c00e70a0 00000007f8bdef00
0x000000010b753480:   000000010b7534b0 000000010aedd666
0x000000010b753490:   0100ffff00000000 00007fd03d094530
0x000000010b7534a0:   0f30000a00108031 0000000000000000
0x000000010b7534b0:   00007fd03d08a400 0000000000000000
0x000000010b7534c0:   0000000000000000 007e7f003ffff3e7
0x000000010b7534d0:   00007fd03f000150 00007fd03f000180
0x000000010b7534e0:   00007fd03f000160 00007fd03f000190
0x000000010b7534f0:   00007fd03f000170 00007fd03f0001b0
0x000000010b753500:   0000000000000000 0000000000000000
0x000000010b753510:   fffffffe00000002 00000001173ae100
0x000000010b753520:   0000000000003013 0000000000000002
0x000000010b753530:   ffffffff00000000 0000000000000002
0x000000010b753540:   00007fd03f0001a0 0000000000000006
0x000000010b753550:   0000000000000000 00007fd03f000000
0x000000010b753560:   0000003400000000 0000000001809804
0x000000010b753570:   0000000006026010 0000000000000000
0x000000010b753580:   000000010b7535fc 00007fd03bf50bf4
0x000000010b753590:   0000000000140825 0000010000000020
0x000000010b7535a0:   0000000000000000 0000000000000000
0x000000010b7535b0:   0000000000000000 0000000000000000
0x000000010b7535c0:   00000000000e3fbe 0000000000000000
0x000000010b7535d0:   00007fd03bf50bd8 0000000000000000
0x000000010b7535e0:   0000000000000000 0000000117a2f060
0x000000010b7535f0:   0000000117a6ede0 0000000000000000 

Instructions: (pc=0x00007fff97a381e3)
0x00007fff97a381c3:   10 da 0f 14 c1 0f 16 c3 66 49 0f 7e c6 66 0f 6d
0x00007fff97a381d3:   c0 66 49 0f 7e c7 bb 05 00 00 00 e9 bd 02 00 00
0x00007fff97a381e3:   4c 8b 31 4c 8b 79 08 e9 2c f9 ff ff f3 0f 10 49
0x00007fff97a381f3:   08 f2 0f 10 01 66 0f 14 c1 66 49 0f 7e c6 66 0f 

Register to memory mapping:

RAX=0x00007fff97a37eaf: gleRunVertexSubmitImmediate+0x24af in /System/Library/Frameworks/OpenGL.framework/Versions/A/Resources/GLEngine.bundle/GLEngine at 0x00007fff978f8000
RBX=0x0000000000000006 is an unknown value
RCX=0x0000000000000000 is an unknown value
RDX=0x00007fff97a386b8: gleRunVertexSubmitImmediate+0x2cb8 in /System/Library/Frameworks/OpenGL.framework/Versions/A/Resources/GLEngine.bundle/GLEngine at 0x00007fff978f8000
RSP=0x000000010b753400 is pointing into the stack for thread: 0x00007fd03c800800
RBP=0x000000010b753650 is pointing into the stack for thread: 0x00007fd03c800800
RSI=0x0000000000000006 is an unknown value
RDI=0x0000000000000027 is an unknown value
R8 =0x0000000001809804 is an unknown value
R9 =0x00007fd03f000000 is an unknown value
R10=0x00007fd03bf50c70 is an unknown value
R11=0x3f79d378c0664c59 is an unknown value
R12=0x0000000000000004 is an unknown value
R13=0x0000000001809804 is an unknown value
R14=0x3f79d378c0664c59 is an unknown value
R15=0x00000000c107cd01 is an unknown value


Stack: [0x000000010b654000,0x000000010b754000],  sp=0x000000010b753400,  free space=1021k
Native frames: (J=compiled Java code, j=interpreted, Vv=VM code, C=native code)
C  [GLEngine+0x1401e3]  gleRunVertexSubmitImmediate+0x27e3
C  [GLEngine+0x1fdfe]  glDrawArrays_Exec+0x272
j  org.lwjgl.opengl.GL11.nglDrawArrays(IIIJ)V+0
j  org.lwjgl.opengl.GL11.glDrawArrays(III)V+20
j  com.pixelaborate.platformer.Model.renderVBOModel()V+32
j  com.pixelaborate.platformer.Model.render()V+10
j  com.pixelaborate.platformer.Entity.render()V+12
j  com.pixelaborate.platformer.PlayingState.render()V+10
j  com.pixelaborate.platformer.Game.run()V+116
j  com.pixelaborate.platformer.Main.main([Ljava/lang/String;)V+9
v  ~StubRoutines::call_stub
V  [libjvm.dylib+0x2d6a90]
V  [libjvm.dylib+0x2d6860]
V  [libjvm.dylib+0x30a004]
V  [libjvm.dylib+0x30319f]
C  [java+0x30fe]  JavaMain+0x91d
C  [libsystem_pthread.dylib+0x1899]  _pthread_body+0x8a
C  [libsystem_pthread.dylib+0x172a]  _pthread_struct_init+0x0
C  [libsystem_pthread.dylib+0x5fc9]  thread_start+0xd

Java frames: (J=compiled Java code, j=interpreted, Vv=VM code)
j  org.lwjgl.opengl.GL11.nglDrawArrays(IIIJ)V+0
j  org.lwjgl.opengl.GL11.glDrawArrays(III)V+20
j  com.pixelaborate.platformer.Model.renderVBOModel()V+32
j  com.pixelaborate.platformer.Model.render()V+10
j  com.pixelaborate.platformer.Entity.render()V+12
j  com.pixelaborate.platformer.PlayingState.render()V+10
j  com.pixelaborate.platformer.Game.run()V+116
j  com.pixelaborate.platformer.Main.main([Ljava/lang/String;)V+9
v  ~StubRoutines::call_stub

---------------  P R O C E S S  ---------------

Java Threads: ( => current thread )
  0x00007fd03c050800 JavaThread "AWT-Shutdown" [_thread_blocked, id=28171, stack(0x0000000114a3b000,0x0000000114b3b000)]
  0x00007fd03c874000 JavaThread "AppKit Thread" daemon [_thread_in_native, id=3335, stack(0x00007fff5590d000,0x00007fff5598d000)]
  0x00007fd03d00c800 JavaThread "Service Thread" daemon [_thread_blocked, id=19715, stack(0x0000000112f0a000,0x000000011300a000)]
  0x00007fd03d811800 JavaThread "C2 CompilerThread1" daemon [_thread_blocked, id=19203, stack(0x0000000112e07000,0x0000000112f07000)]
  0x00007fd03d010000 JavaThread "C2 CompilerThread0" daemon [_thread_blocked, id=18691, stack(0x0000000112d04000,0x0000000112e04000)]
  0x00007fd03d80b800 JavaThread "Signal Dispatcher" daemon [_thread_blocked, id=18179, stack(0x0000000112c01000,0x0000000112d01000)]
  0x00007fd03d00b800 JavaThread "Finalizer" daemon [_thread_blocked, id=13059, stack(0x0000000112930000,0x0000000112a30000)]
  0x00007fd03d009000 JavaThread "Reference Handler" daemon [_thread_blocked, id=12547, stack(0x000000011282d000,0x000000011292d000)]
=>0x00007fd03c800800 JavaThread "main" [_thread_in_native, id=6915, stack(0x000000010b654000,0x000000010b754000)]

Other Threads:
  0x00007fd03d008000 VMThread [stack: 0x000000011272a000,0x000000011282a000] [id=12035]
  0x00007fd03d821800 WatcherThread [stack: 0x000000011300d000,0x000000011310d000] [id=20227]

VM state:not at safepoint (normal execution)

VM Mutex/Monitor currently owned by a thread: None

Heap
 PSYoungGen      total 325632K, used 256630K [0x00000007eaa80000, 0x0000000800000000, 0x0000000800000000)
  eden space 311808K, 77% used [0x00000007eaa80000,0x00000007f97a32c0,0x00000007fdb00000)
  from space 13824K, 99% used [0x00000007ff280000,0x00000007ffffa798,0x0000000800000000)
  to   space 18944K, 0% used [0x00000007fdb00000,0x00000007fdb00000,0x00000007fed80000)
 ParOldGen       total 79360K, used 52699K [0x00000007c0000000, 0x00000007c4d80000, 0x00000007eaa80000)
  object space 79360K, 66% used [0x00000007c0000000,0x00000007c3376dd0,0x00000007c4d80000)
 PSPermGen       total 21504K, used 5832K [0x00000007bae00000, 0x00000007bc300000, 0x00000007c0000000)
  object space 21504K, 27% used [0x00000007bae00000,0x00000007bb3b2000,0x00000007bc300000)

Card table byte_map: [0x000000010e816000,0x000000010ea40000] byte_map_base: 0x000000010aa3f000

Polling page: 0x000000010a3c4000

Code Cache  [0x000000010b756000, 0x000000010b9c6000, 0x000000010e756000)
 total_blobs=435 nmethods=113 adapters=277 free_code_cache=48479Kb largest_free_block=49616512

Compilation events (10 events):
Event: 3.857 Thread 0x00007fd03d811800  109             org.lwjgl.util.vector.Vector3f::getX (5 bytes)
Event: 3.857 Thread 0x00007fd03d010000  110             org.lwjgl.util.vector.Vector3f::getY (5 bytes)
Event: 3.858 Thread 0x00007fd03d010000 nmethod 110 0x000000010b7e0f90 code [0x000000010b7e10c0, 0x000000010b7e1118]
Event: 3.858 Thread 0x00007fd03d811800 nmethod 109 0x000000010b7edf10 code [0x000000010b7ee040, 0x000000010b7ee098]
Event: 3.858 Thread 0x00007fd03d010000  111             org.lwjgl.util.vector.Vector3f::getZ (5 bytes)
Event: 3.858 Thread 0x00007fd03d010000 nmethod 111 0x000000010b7edd10 code [0x000000010b7ede40, 0x000000010b7ede98]
Event: 3.859 Thread 0x00007fd03d811800  112 %           com.pixelaborate.platformer.Model::prepareVBOModel @ 60 (349 bytes)
Event: 3.867 Thread 0x00007fd03d811800 nmethod 112% 0x000000010b804110 code [0x000000010b804280, 0x000000010b804738]
Event: 3.871 Thread 0x00007fd03d010000  113 %           com.pixelaborate.platformer.Model::prepareVBOModel @ 175 (349 bytes)
Event: 3.879 Thread 0x00007fd03d010000 nmethod 113% 0x000000010b803990 code [0x000000010b803b00, 0x000000010b803f08]

GC Heap History (10 events):
Event: 2.480 GC heap before
{Heap before GC invocations=13 (full 0):
 PSYoungGen      total 338944K, used 334654K [0x00000007eaa80000, 0x00000007fff80000, 0x0000000800000000)
  eden space 328704K, 100% used [0x00000007eaa80000,0x00000007feb80000,0x00000007feb80000)
  from space 10240K, 58% used [0x00000007ff580000,0x00000007ffb4fb58,0x00000007fff80000)
  to   space 10240K, 0% used [0x00000007feb80000,0x00000007feb80000,0x00000007ff580000)
 ParOldGen       total 43520K, used 21183K [0x00000007c0000000, 0x00000007c2a80000, 0x00000007eaa80000)
  object space 43520K, 48% used [0x00000007c0000000,0x00000007c14afd88,0x00000007c2a80000)
 PSPermGen       total 21504K, used 5801K [0x00000007bae00000, 0x00000007bc300000, 0x00000007c0000000)
  object space 21504K, 26% used [0x00000007bae00000,0x00000007bb3aa660,0x00000007bc300000)
Event: 2.516 GC heap after
Heap after GC invocations=13 (full 0):
 PSYoungGen      total 338944K, used 10045K [0x00000007eaa80000, 0x0000000800000000, 0x0000000800000000)
  eden space 328704K, 0% used [0x00000007eaa80000,0x00000007eaa80000,0x00000007feb80000)
  from space 10240K, 98% used [0x00000007feb80000,0x00000007ff54f568,0x00000007ff580000)
  to   space 10752K, 0% used [0x00000007ff580000,0x00000007ff580000,0x0000000800000000)
 ParOldGen       total 43520K, used 25671K [0x00000007c0000000, 0x00000007c2a80000, 0x00000007eaa80000)
  object space 43520K, 58% used [0x00000007c0000000,0x00000007c1911d88,0x00000007c2a80000)
 PSPermGen       total 21504K, used 5801K [0x00000007bae00000, 0x00000007bc300000, 0x00000007c0000000)
  object space 21504K, 26% used [0x00000007bae00000,0x00000007bb3aa660,0x00000007bc300000)
}
Event: 2.732 GC heap before
{Heap before GC invocations=14 (full 0):
 PSYoungGen      total 338944K, used 338749K [0x00000007eaa80000, 0x0000000800000000, 0x0000000800000000)
  eden space 328704K, 100% used [0x00000007eaa80000,0x00000007feb80000,0x00000007feb80000)
  from space 10240K, 98% used [0x00000007feb80000,0x00000007ff54f568,0x00000007ff580000)
  to   space 10752K, 0% used [0x00000007ff580000,0x00000007ff580000,0x0000000800000000)
 ParOldGen       total 43520K, used 25671K [0x00000007c0000000, 0x00000007c2a80000, 0x00000007eaa80000)
  object space 43520K, 58% used [0x00000007c0000000,0x00000007c1911d88,0x00000007c2a80000)
 PSPermGen       total 21504K, used 5807K [0x00000007bae00000, 0x00000007bc300000, 0x00000007c0000000)
  object space 21504K, 27% used [0x00000007bae00000,0x00000007bb3abc70,0x00000007bc300000)
Event: 2.760 GC heap after
Heap after GC invocations=14 (full 0):
 PSYoungGen      total 334848K, used 9173K [0x00000007eaa80000, 0x0000000800000000, 0x0000000800000000)
  eden space 324096K, 0% used [0x00000007eaa80000,0x00000007eaa80000,0x00000007fe700000)
  from space 10752K, 85% used [0x00000007ff580000,0x00000007ffe757a0,0x0000000800000000)
  to   space 12800K, 0% used [0x00000007fe700000,0x00000007fe700000,0x00000007ff380000)
 ParOldGen       total 43520K, used 35708K [0x00000007c0000000, 0x00000007c2a80000, 0x00000007eaa80000)
  object space 43520K, 82% used [0x00000007c0000000,0x00000007c22df2f0,0x00000007c2a80000)
 PSPermGen       total 21504K, used 5807K [0x00000007bae00000, 0x00000007bc300000, 0x00000007c0000000)
  object space 21504K, 27% used [0x00000007bae00000,0x00000007bb3abc70,0x00000007bc300000)
}
Event: 2.760 GC heap before
{Heap before GC invocations=15 (full 1):
 PSYoungGen      total 334848K, used 9173K [0x00000007eaa80000, 0x0000000800000000, 0x0000000800000000)
  eden space 324096K, 0% used [0x00000007eaa80000,0x00000007eaa80000,0x00000007fe700000)
  from space 10752K, 85% used [0x00000007ff580000,0x00000007ffe757a0,0x0000000800000000)
  to   space 12800K, 0% used [0x00000007fe700000,0x00000007fe700000,0x00000007ff380000)
 ParOldGen       total 43520K, used 35708K [0x00000007c0000000, 0x00000007c2a80000, 0x00000007eaa80000)
  object space 43520K, 82% used [0x00000007c0000000,0x00000007c22df2f0,0x00000007c2a80000)
 PSPermGen       total 21504K, used 5807K [0x00000007bae00000, 0x00000007bc300000, 0x00000007c0000000)
  object space 21504K, 27% used [0x00000007bae00000,0x00000007bb3abc70,0x00000007bc300000)
Event: 3.255 GC heap after
Heap after GC invocations=15 (full 1):
 PSYoungGen      total 334848K, used 934K [0x00000007eaa80000, 0x0000000800000000, 0x0000000800000000)
  eden space 324096K, 0% used [0x00000007eaa80000,0x00000007eaa80000,0x00000007fe700000)
  from space 10752K, 8% used [0x00000007ff580000,0x00000007ff669bb0,0x0000000800000000)
  to   space 12800K, 0% used [0x00000007fe700000,0x00000007fe700000,0x00000007ff380000)
 ParOldGen       total 79360K, used 43395K [0x00000007c0000000, 0x00000007c4d80000, 0x00000007eaa80000)
  object space 79360K, 54% used [0x00000007c0000000,0x00000007c2a60dd0,0x00000007c4d80000)
 PSPermGen       total 21504K, used 5805K [0x00000007bae00000, 0x00000007bc300000, 0x00000007c0000000)
  object space 21504K, 26% used [0x00000007bae00000,0x00000007bb3ab790,0x00000007bc300000)
}
Event: 3.446 GC heap before
{Heap before GC invocations=16 (full 1):
 PSYoungGen      total 334848K, used 325030K [0x00000007eaa80000, 0x0000000800000000, 0x0000000800000000)
  eden space 324096K, 100% used [0x00000007eaa80000,0x00000007fe700000,0x00000007fe700000)
  from space 10752K, 8% used [0x00000007ff580000,0x00000007ff669bb0,0x0000000800000000)
  to   space 12800K, 0% used [0x00000007fe700000,0x00000007fe700000,0x00000007ff380000)
 ParOldGen       total 79360K, used 43395K [0x00000007c0000000, 0x00000007c4d80000, 0x00000007eaa80000)
  object space 79360K, 54% used [0x00000007c0000000,0x00000007c2a60dd0,0x00000007c4d80000)
 PSPermGen       total 21504K, used 5805K [0x00000007bae00000, 0x00000007bc300000, 0x00000007c0000000)
  object space 21504K, 26% used [0x00000007bae00000,0x00000007bb3ab790,0x00000007bc300000)
Event: 3.471 GC heap after
Heap after GC invocations=16 (full 1):
 PSYoungGen      total 335872K, used 11281K [0x00000007eaa80000, 0x0000000800000000, 0x0000000800000000)
  eden space 324096K, 0% used [0x00000007eaa80000,0x00000007eaa80000,0x00000007fe700000)
  from space 11776K, 95% used [0x00000007fe700000,0x00000007ff204518,0x00000007ff280000)
  to   space 13824K, 0% used [0x00000007ff280000,0x00000007ff280000,0x0000000800000000)
 ParOldGen       total 79360K, used 44347K [0x00000007c0000000, 0x00000007c4d80000, 0x00000007eaa80000)
  object space 79360K, 55% used [0x00000007c0000000,0x00000007c2b4edd0,0x00000007c4d80000)
 PSPermGen       total 21504K, used 5805K [0x00000007bae00000, 0x00000007bc300000, 0x00000007c0000000)
  object space 21504K, 26% used [0x00000007bae00000,0x00000007bb3ab790,0x00000007bc300000)
}
Event: 3.681 GC heap before
{Heap before GC invocations=17 (full 1):
 PSYoungGen      total 335872K, used 335377K [0x00000007eaa80000, 0x0000000800000000, 0x0000000800000000)
  eden space 324096K, 100% used [0x00000007eaa80000,0x00000007fe700000,0x00000007fe700000)
  from space 11776K, 95% used [0x00000007fe700000,0x00000007ff204518,0x00000007ff280000)
  to   space 13824K, 0% used [0x00000007ff280000,0x00000007ff280000,0x0000000800000000)
 ParOldGen       total 79360K, used 44347K [0x00000007c0000000, 0x00000007c4d80000, 0x00000007eaa80000)
  object space 79360K, 55% used [0x00000007c0000000,0x00000007c2b4edd0,0x00000007c4d80000)
 PSPermGen       total 21504K, used 5805K [0x00000007bae00000, 0x00000007bc300000, 0x00000007c0000000)
  object space 21504K, 26% used [0x00000007bae00000,0x00000007bb3ab7d0,0x00000007bc300000)
Event: 3.715 GC heap after
Heap after GC invocations=17 (full 1):
 PSYoungGen      total 325632K, used 13801K [0x00000007eaa80000, 0x0000000800000000, 0x0000000800000000)
  eden space 311808K, 0% used [0x00000007eaa80000,0x00000007eaa80000,0x00000007fdb00000)
  from space 13824K, 99% used [0x00000007ff280000,0x00000007ffffa798,0x0000000800000000)
  to   space 18944K, 0% used [0x00000007fdb00000,0x00000007fdb00000,0x00000007fed80000)
 ParOldGen       total 79360K, used 52699K [0x00000007c0000000, 0x00000007c4d80000, 0x00000007eaa80000)
  object space 79360K, 66% used [0x00000007c0000000,0x00000007c3376dd0,0x00000007c4d80000)
 PSPermGen       total 21504K, used 5805K [0x00000007bae00000, 0x00000007bc300000, 0x00000007c0000000)
  object space 21504K, 26% used [0x00000007bae00000,0x00000007bb3ab7d0,0x00000007bc300000)
}

Deoptimization events (8 events):
Event: 1.077 Thread 0x00007fd03c800800 Uncommon trap: reason=unloaded action=reinterpret pc=0x000000010b7d68d0 method=java.io.BufferedReader.readLine(Z)Ljava/lang/String; @ 268
Event: 1.106 Thread 0x00007fd03c800800 Uncommon trap: reason=array_check action=maybe_recompile pc=0x000000010b7e2b1c method=java.util.AbstractCollection.toArray([Ljava/lang/Object;)[Ljava/lang/Object; @ 119
Event: 1.106 Thread 0x00007fd03c800800 Uncommon trap: reason=array_check action=maybe_recompile pc=0x000000010b7e2b1c method=java.util.AbstractCollection.toArray([Ljava/lang/Object;)[Ljava/lang/Object; @ 119
Event: 1.106 Thread 0x00007fd03c800800 Uncommon trap: reason=array_check action=maybe_recompile pc=0x000000010b7e2b1c method=java.util.AbstractCollection.toArray([Ljava/lang/Object;)[Ljava/lang/Object; @ 119
Event: 1.106 Thread 0x00007fd03c800800 Uncommon trap: reason=array_check action=maybe_recompile pc=0x000000010b7e2b1c method=java.util.AbstractCollection.toArray([Ljava/lang/Object;)[Ljava/lang/Object; @ 119
Event: 3.851 Thread 0x00007fd03c800800 Uncommon trap: reason=unreached action=reinterpret pc=0x000000010b7f8398 method=com.pixelaborate.platformer.OBJ_Parser.parseFile(Ljava/io/File;)Lcom/pixelaborate/platformer/Model; @ 236
Event: 3.869 Thread 0x00007fd03c800800 Uncommon trap: reason=unreached action=reinterpret pc=0x000000010b804610 method=com.pixelaborate.platformer.Model.prepareVBOModel()V @ 263
Event: 3.886 Thread 0x00007fd03c800800 Uncommon trap: reason=unloaded action=reinterpret pc=0x000000010b803dec method=com.pixelaborate.platformer.Model.prepareVBOModel()V @ 286

Internal exceptions (10 events):
Event: 1.023 Thread 0x00007fd03c800800 Threw 0x00000007eb08cc98 at /HUDSON/workspace/7u-2-build-macosx-x86_64/jdk7u55/869/hotspot/src/share/vm/prims/jvm.cpp:1244
Event: 1.024 Thread 0x00007fd03c800800 Threw 0x00000007eb092f88 at /HUDSON/workspace/7u-2-build-macosx-x86_64/jdk7u55/869/hotspot/src/share/vm/prims/jvm.cpp:1244
Event: 1.024 Thread 0x00007fd03c800800 Threw 0x00000007eb095cf0 at /HUDSON/workspace/7u-2-build-macosx-x86_64/jdk7u55/869/hotspot/src/share/vm/prims/jvm.cpp:1244
Event: 1.025 Thread 0x00007fd03c800800 Threw 0x00000007eb098b38 at /HUDSON/workspace/7u-2-build-macosx-x86_64/jdk7u55/869/hotspot/src/share/vm/prims/jvm.cpp:1244
Event: 1.025 Thread 0x00007fd03c800800 Threw 0x00000007eb09b9f8 at /HUDSON/workspace/7u-2-build-macosx-x86_64/jdk7u55/869/hotspot/src/share/vm/prims/jvm.cpp:1244
Event: 1.026 Thread 0x00007fd03c800800 Threw 0x00000007eb09e790 at /HUDSON/workspace/7u-2-build-macosx-x86_64/jdk7u55/869/hotspot/src/share/vm/prims/jvm.cpp:1244
Event: 1.026 Thread 0x00007fd03c800800 Threw 0x00000007eb0a14d0 at /HUDSON/workspace/7u-2-build-macosx-x86_64/jdk7u55/869/hotspot/src/share/vm/prims/jvm.cpp:1244
Event: 1.060 Thread 0x00007fd03c800800 Threw 0x00000007eb161700 at /HUDSON/workspace/7u-2-build-macosx-x86_64/jdk7u55/869/hotspot/src/share/vm/prims/jvm.cpp:1244
Event: 1.142 Thread 0x00007fd03c800800 Threw 0x00000007eb3c1748 at /HUDSON/workspace/7u-2-build-macosx-x86_64/jdk7u55/869/hotspot/src/share/vm/prims/jvm.cpp:1244
Event: 3.894 Thread 0x00007fd03c800800 Threw 0x00000007f8bd4028 at /HUDSON/workspace/7u-2-build-macosx-x86_64/jdk7u55/869/hotspot/src/share/vm/prims/jvm.cpp:1244

Events (10 events):
Event: 3.851 Thread 0x00007fd03c800800 DEOPT PACKING pc=0x000000010b7f8398 sp=0x000000010b7536c0
Event: 3.851 Thread 0x00007fd03c800800 DEOPT UNPACKING pc=0x000000010b78f045 sp=0x000000010b7536d0 mode 2
Event: 3.869 Thread 0x00007fd03c800800 Uncommon trap: trap_request=0xffffffad fr.pc=0x000000010b804610
Event: 3.869 Thread 0x00007fd03c800800 DEOPT PACKING pc=0x000000010b804610 sp=0x000000010b753780
Event: 3.869 Thread 0x00007fd03c800800 DEOPT UNPACKING pc=0x000000010b78f045 sp=0x000000010b753750 mode 2
Event: 3.886 Thread 0x00007fd03c800800 Uncommon trap: trap_request=0x000000b7 fr.pc=0x000000010b803dec
Event: 3.887 Thread 0x00007fd03c800800 DEOPT PACKING pc=0x000000010b803dec sp=0x000000010b753780
Event: 3.887 Thread 0x00007fd03c800800 DEOPT UNPACKING pc=0x000000010b78f045 sp=0x000000010b753750 mode 2
Event: 3.894 loading class 0x00007fd03bd50b80
Event: 3.894 loading class 0x00007fd03bd50b80 done


Dynamic libraries:
0x000000000c660000 	/System/Library/Frameworks/Cocoa.framework/Versions/A/Cocoa
0x000000000c660000 	/System/Library/Frameworks/Security.framework/Versions/A/Security
0x000000000c660000 	/System/Library/Frameworks/ApplicationServices.framework/Versions/A/ApplicationServices
0x000000000c660000 	/usr/lib/libz.1.dylib
0x000000000c660000 	/usr/lib/libSystem.B.dylib
0x000000000c660000 	/usr/lib/libobjc.A.dylib
0x000000000c660000 	/System/Library/Frameworks/CoreFoundation.framework/Versions/A/CoreFoundation
0x000000000c660000 	/System/Library/Frameworks/Foundation.framework/Versions/C/Foundation
0x000000000c660000 	/System/Library/Frameworks/AppKit.framework/Versions/C/AppKit
0x000000000c660000 	/System/Library/Frameworks/CoreData.framework/Versions/A/CoreData
0x000000000c660000 	/System/Library/PrivateFrameworks/RemoteViewServices.framework/Versions/A/RemoteViewServices
0x000000000c660000 	/System/Library/Frameworks/AudioToolbox.framework/Versions/A/AudioToolbox
0x000000000c660000 	/System/Library/Frameworks/AudioUnit.framework/Versions/A/AudioUnit
0x000000000c660000 	/System/Library/PrivateFrameworks/DataDetectorsCore.framework/Versions/A/DataDetectorsCore
0x000000000c660000 	/System/Library/PrivateFrameworks/DesktopServicesPriv.framework/Versions/A/DesktopServicesPriv
0x000000000c660000 	/System/Library/Frameworks/Carbon.framework/Versions/A/Frameworks/HIToolbox.framework/Versions/A/HIToolbox
0x000000000c660000 	/System/Library/Frameworks/QuartzCore.framework/Versions/A/QuartzCore
0x000000000c660000 	/System/Library/Frameworks/Carbon.framework/Versions/A/Frameworks/SpeechRecognition.framework/Versions/A/SpeechRecognition
0x000000000c660000 	/usr/lib/libauto.dylib
0x000000000c660000 	/usr/lib/libicucore.A.dylib
0x000000000c660000 	/usr/lib/libxml2.2.dylib
0x000000000c660000 	/System/Library/PrivateFrameworks/CoreUI.framework/Versions/A/CoreUI
0x000000000c660000 	/System/Library/Frameworks/CoreAudio.framework/Versions/A/CoreAudio
0x000000000c660000 	/System/Library/Frameworks/DiskArbitration.framework/Versions/A/DiskArbitration
0x000000000c660000 	/usr/lib/liblangid.dylib
0x000000000c660000 	/System/Library/PrivateFrameworks/MultitouchSupport.framework/Versions/A/MultitouchSupport
0x000000000c660000 	/System/Library/Frameworks/IOKit.framework/Versions/A/IOKit
0x000000000c660000 	/usr/lib/libDiagnosticMessagesClient.dylib
0x000000000c660000 	/System/Library/Frameworks/CoreServices.framework/Versions/A/CoreServices
0x000000000c660000 	/System/Library/PrivateFrameworks/PerformanceAnalysis.framework/Versions/A/PerformanceAnalysis
0x000000000c660000 	/System/Library/PrivateFrameworks/GenerationalStorage.framework/Versions/A/GenerationalStorage
0x000000000c660000 	/System/Library/Frameworks/OpenGL.framework/Versions/A/OpenGL
0x000000000c660000 	/System/Library/PrivateFrameworks/Sharing.framework/Versions/A/Sharing
0x000000000c660000 	/System/Library/Frameworks/ImageIO.framework/Versions/A/ImageIO
0x000000000c660000 	/System/Library/Frameworks/CoreText.framework/Versions/A/CoreText
0x000000000c660000 	/System/Library/Frameworks/CoreGraphics.framework/Versions/A/CoreGraphics
0x000000000c660000 	/System/Library/PrivateFrameworks/Backup.framework/Versions/A/Backup
0x000000000c660000 	/System/Library/Frameworks/CFNetwork.framework/Versions/A/CFNetwork
0x000000000c660000 	/System/Library/Frameworks/SystemConfiguration.framework/Versions/A/SystemConfiguration
0x000000000c660000 	/usr/lib/libCRFSuite.dylib
0x000000000c660000 	/usr/lib/libc++.1.dylib
0x000000000c660000 	/usr/lib/libc++abi.dylib
0x000000000c660000 	/usr/lib/system/libcache.dylib
0x000000000c660000 	/usr/lib/system/libcommonCrypto.dylib
0x000000000c660000 	/usr/lib/system/libcompiler_rt.dylib
0x000000000c660000 	/usr/lib/system/libcopyfile.dylib
0x000000000c660000 	/usr/lib/system/libcorecrypto.dylib
0x000000000c660000 	/usr/lib/system/libdispatch.dylib
0x000000000c660000 	/usr/lib/system/libdyld.dylib
0x000000000c660000 	/usr/lib/system/libkeymgr.dylib
0x000000000c660000 	/usr/lib/system/liblaunch.dylib
0x000000000c660000 	/usr/lib/system/libmacho.dylib
0x000000000c660000 	/usr/lib/system/libquarantine.dylib
0x000000000c660000 	/usr/lib/system/libremovefile.dylib
0x000000000c660000 	/usr/lib/system/libsystem_asl.dylib
0x000000000c660000 	/usr/lib/system/libsystem_blocks.dylib
0x000000000c660000 	/usr/lib/system/libsystem_c.dylib
0x000000000c660000 	/usr/lib/system/libsystem_configuration.dylib
0x000000000c660000 	/usr/lib/system/libsystem_dnssd.dylib
0x000000000c660000 	/usr/lib/system/libsystem_info.dylib
0x000000000c660000 	/usr/lib/system/libsystem_kernel.dylib
0x000000000c660000 	/usr/lib/system/libsystem_m.dylib
0x000000000c660000 	/usr/lib/system/libsystem_malloc.dylib
0x000000000c660000 	/usr/lib/system/libsystem_network.dylib
0x000000000c660000 	/usr/lib/system/libsystem_notify.dylib
0x000000000c660000 	/usr/lib/system/libsystem_platform.dylib
0x000000000c660000 	/usr/lib/system/libsystem_pthread.dylib
0x000000000c660000 	/usr/lib/system/libsystem_sandbox.dylib
0x000000000c660000 	/usr/lib/system/libsystem_stats.dylib
0x000000000c660000 	/usr/lib/system/libunc.dylib
0x000000000c660000 	/usr/lib/system/libunwind.dylib
0x000000000c660000 	/usr/lib/system/libxpc.dylib
0x000000000c660000 	/usr/lib/libbsm.0.dylib
0x000000000c660000 	/usr/lib/libsqlite3.dylib
0x000000000c660000 	/usr/lib/libxar.1.dylib
0x000000000c660000 	/usr/lib/libpam.2.dylib
0x000000000c660000 	/usr/lib/libOpenScriptingUtil.dylib
0x000000000c660000 	/usr/lib/libbz2.1.0.dylib
0x000000000c660000 	/System/Library/Frameworks/CoreServices.framework/Versions/A/Frameworks/CarbonCore.framework/Versions/A/CarbonCore
0x000000000c660000 	/System/Library/Frameworks/CoreServices.framework/Versions/A/Frameworks/Metadata.framework/Versions/A/Metadata
0x000000000c660000 	/System/Library/Frameworks/CoreServices.framework/Versions/A/Frameworks/OSServices.framework/Versions/A/OSServices
0x000000000c660000 	/System/Library/Frameworks/CoreServices.framework/Versions/A/Frameworks/SearchKit.framework/Versions/A/SearchKit
0x000000000c660000 	/System/Library/Frameworks/CoreServices.framework/Versions/A/Frameworks/AE.framework/Versions/A/AE
0x000000000c660000 	/System/Library/Frameworks/CoreServices.framework/Versions/A/Frameworks/LaunchServices.framework/Versions/A/LaunchServices
0x000000000c660000 	/System/Library/Frameworks/CoreServices.framework/Versions/A/Frameworks/DictionaryServices.framework/Versions/A/DictionaryServices
0x000000000c660000 	/System/Library/Frameworks/NetFS.framework/Versions/A/NetFS
0x000000000c660000 	/usr/lib/system/libkxld.dylib
0x000000000c660000 	/System/Library/PrivateFrameworks/NetAuth.framework/Versions/A/NetAuth
0x000000000c660000 	/System/Library/PrivateFrameworks/TCC.framework/Versions/A/TCC
0x000000000c660000 	/System/Library/Frameworks/OpenDirectory.framework/Versions/A/Frameworks/CFOpenDirectory.framework/Versions/A/CFOpenDirectory
0x000000000c660000 	/System/Library/Frameworks/ServiceManagement.framework/Versions/A/ServiceManagement
0x000000000c660000 	/usr/lib/libxslt.1.dylib
0x000000000c660000 	/System/Library/Frameworks/Carbon.framework/Versions/A/Frameworks/Ink.framework/Versions/A/Ink
0x000000000c660000 	/System/Library/Frameworks/ApplicationServices.framework/Versions/A/Frameworks/ATS.framework/Versions/A/ATS
0x000000000c660000 	/System/Library/Frameworks/ApplicationServices.framework/Versions/A/Frameworks/ColorSync.framework/Versions/A/ColorSync
0x000000000c660000 	/System/Library/Frameworks/ApplicationServices.framework/Versions/A/Frameworks/HIServices.framework/Versions/A/HIServices
0x000000000c660000 	/System/Library/Frameworks/ApplicationServices.framework/Versions/A/Frameworks/LangAnalysis.framework/Versions/A/LangAnalysis
0x000000000c660000 	/System/Library/Frameworks/ApplicationServices.framework/Versions/A/Frameworks/PrintCore.framework/Versions/A/PrintCore
0x000000000c660000 	/System/Library/Frameworks/ApplicationServices.framework/Versions/A/Frameworks/QD.framework/Versions/A/QD
0x000000000c660000 	/System/Library/Frameworks/ApplicationServices.framework/Versions/A/Frameworks/SpeechSynthesis.framework/Versions/A/SpeechSynthesis
0x000000000c660000 	/System/Library/Frameworks/IOSurface.framework/Versions/A/IOSurface
0x000000000c660000 	/System/Library/Frameworks/Accelerate.framework/Versions/A/Accelerate
0x000000000c660000 	/System/Library/Frameworks/Accelerate.framework/Versions/A/Frameworks/vImage.framework/Versions/A/vImage
0x000000000c660000 	/System/Library/Frameworks/Accelerate.framework/Versions/A/Frameworks/vecLib.framework/Versions/A/vecLib
0x000000000c660000 	/System/Library/Frameworks/Accelerate.framework/Versions/A/Frameworks/vecLib.framework/Versions/A/libvDSP.dylib
0x000000000c660000 	/System/Library/Frameworks/Accelerate.framework/Versions/A/Frameworks/vecLib.framework/Versions/A/libvMisc.dylib
0x000000000c660000 	/System/Library/Frameworks/Accelerate.framework/Versions/A/Frameworks/vecLib.framework/Versions/A/libLAPACK.dylib
0x000000000c660000 	/System/Library/Frameworks/Accelerate.framework/Versions/A/Frameworks/vecLib.framework/Versions/A/libBLAS.dylib
0x000000000c660000 	/System/Library/Frameworks/ApplicationServices.framework/Versions/A/Frameworks/ATS.framework/Versions/A/Resources/libFontParser.dylib
0x000000000c660000 	/System/Library/Frameworks/ApplicationServices.framework/Versions/A/Frameworks/ATS.framework/Versions/A/Resources/libFontRegistry.dylib
0x000000000c660000 	/System/Library/Frameworks/ImageIO.framework/Versions/A/Resources/libJPEG.dylib
0x000000000c660000 	/System/Library/Frameworks/ImageIO.framework/Versions/A/Resources/libTIFF.dylib
0x000000000c660000 	/System/Library/Frameworks/ImageIO.framework/Versions/A/Resources/libPng.dylib
0x000000000c660000 	/System/Library/Frameworks/ImageIO.framework/Versions/A/Resources/libGIF.dylib
0x000000000c660000 	/System/Library/Frameworks/ImageIO.framework/Versions/A/Resources/libJP2.dylib
0x000000000c660000 	/System/Library/Frameworks/ImageIO.framework/Versions/A/Resources/libRadiance.dylib
0x000000000c660000 	/usr/lib/libcups.2.dylib
0x000000000c660000 	/System/Library/Frameworks/Kerberos.framework/Versions/A/Kerberos
0x000000000c660000 	/System/Library/Frameworks/GSS.framework/Versions/A/GSS
0x000000000c660000 	/usr/lib/libresolv.9.dylib
0x000000000c660000 	/usr/lib/libiconv.2.dylib
0x000000000c660000 	/System/Library/PrivateFrameworks/Heimdal.framework/Versions/A/Heimdal
0x000000000c660000 	/System/Library/PrivateFrameworks/TrustEvaluationAgent.framework/Versions/A/TrustEvaluationAgent
0x000000000c660000 	/usr/lib/libheimdal-asn1.dylib
0x000000000c660000 	/System/Library/Frameworks/OpenDirectory.framework/Versions/A/OpenDirectory
0x000000000c660000 	/System/Library/PrivateFrameworks/CommonAuth.framework/Versions/A/CommonAuth
0x000000000c660000 	/System/Library/Frameworks/SecurityFoundation.framework/Versions/A/SecurityFoundation
0x000000000c660000 	/System/Library/PrivateFrameworks/Bom.framework/Versions/A/Bom
0x000000000c660000 	/System/Library/Frameworks/CoreVideo.framework/Versions/A/CoreVideo
0x000000000c660000 	/System/Library/Frameworks/QuartzCore.framework/Versions/A/Frameworks/CoreImage.framework/Versions/A/CoreImage
0x000000000c660000 	/System/Library/Frameworks/QuartzCore.framework/Versions/A/Frameworks/ScalableUserInterface.framework/Versions/A/ScalableUserInterface
0x000000000c660000 	/System/Library/Frameworks/OpenGL.framework/Versions/A/Libraries/libGLU.dylib
0x000000000c660000 	/System/Library/Frameworks/OpenGL.framework/Versions/A/Libraries/libGFXShared.dylib
0x000000000c660000 	/System/Library/Frameworks/OpenGL.framework/Versions/A/Libraries/libGL.dylib
0x000000000c660000 	/System/Library/Frameworks/OpenGL.framework/Versions/A/Libraries/libGLImage.dylib
0x000000000c660000 	/System/Library/Frameworks/OpenGL.framework/Versions/A/Libraries/libCVMSPluginSupport.dylib
0x000000000c660000 	/System/Library/Frameworks/OpenGL.framework/Versions/A/Libraries/libCoreVMClient.dylib
0x000000000c660000 	/System/Library/PrivateFrameworks/FaceCore.framework/Versions/A/FaceCore
0x000000000c660000 	/System/Library/PrivateFrameworks/CrashReporterSupport.framework/Versions/A/CrashReporterSupport
0x000000000c660000 	/System/Library/Frameworks/OpenCL.framework/Versions/A/OpenCL
0x000000000c660000 	/System/Library/PrivateFrameworks/AppleFSCompression.framework/Versions/A/AppleFSCompression
0x000000000c660000 	/System/Library/PrivateFrameworks/Ubiquity.framework/Versions/A/Ubiquity
0x000000000c660000 	/System/Library/PrivateFrameworks/IconServices.framework/Versions/A/IconServices
0x000000000c660000 	/System/Library/PrivateFrameworks/ChunkingLibrary.framework/Versions/A/ChunkingLibrary
0x000000000c660000 	/System/Library/PrivateFrameworks/CoreSymbolication.framework/Versions/A/CoreSymbolication
0x000000000c660000 	/System/Library/PrivateFrameworks/Symbolication.framework/Versions/A/Symbolication
0x000000000c660000 	/System/Library/PrivateFrameworks/DebugSymbols.framework/Versions/A/DebugSymbols
0x000000010ac00000 	/Library/Java/JavaVirtualMachines/jdk1.7.0_55.jdk/Contents/Home/jre/lib/server/libjvm.dylib
0x000000000c660000 	/usr/lib/libstdc++.6.dylib
0x000000010a387000 	/Library/Java/JavaVirtualMachines/jdk1.7.0_55.jdk/Contents/Home/jre/lib/libverify.dylib
0x000000010a394000 	/Library/Java/JavaVirtualMachines/jdk1.7.0_55.jdk/Contents/Home/jre/lib/libjava.dylib
0x000000010a3ce000 	/Library/Java/JavaVirtualMachines/jdk1.7.0_55.jdk/Contents/Home/jre/lib/libzip.dylib
0x0000000112a32000 	/System/Library/Frameworks/JavaVM.framework/Frameworks/JavaRuntimeSupport.framework/JavaRuntimeSupport
0x0000000112a4a000 	/System/Library/Frameworks/JavaVM.framework/Versions/A/Frameworks/JavaNativeFoundation.framework/Versions/A/JavaNativeFoundation
0x0000000112a5e000 	/System/Library/Frameworks/JavaVM.framework/Versions/A/JavaVM
0x000000000c660000 	/System/Library/Frameworks/Carbon.framework/Versions/A/Carbon
0x0000000112a6a000 	/System/Library/PrivateFrameworks/JavaLaunching.framework/Versions/A/JavaLaunching
0x000000000c660000 	/System/Library/Frameworks/Carbon.framework/Versions/A/Frameworks/CommonPanels.framework/Versions/A/CommonPanels
0x000000000c660000 	/System/Library/Frameworks/Carbon.framework/Versions/A/Frameworks/Help.framework/Versions/A/Help
0x000000000c660000 	/System/Library/Frameworks/Carbon.framework/Versions/A/Frameworks/ImageCapture.framework/Versions/A/ImageCapture
0x000000000c660000 	/System/Library/Frameworks/Carbon.framework/Versions/A/Frameworks/OpenScripting.framework/Versions/A/OpenScripting
0x000000000c660000 	/System/Library/Frameworks/Carbon.framework/Versions/A/Frameworks/Print.framework/Versions/A/Print
0x000000000c660000 	/System/Library/Frameworks/Carbon.framework/Versions/A/Frameworks/SecurityHI.framework/Versions/A/SecurityHI
0x000000011312e000 	/Library/Java/JavaVirtualMachines/jdk1.7.0_55.jdk/Contents/Home/jre/lib/libawt.dylib
0x00000001131dd000 	/Library/Java/JavaVirtualMachines/jdk1.7.0_55.jdk/Contents/Home/jre/lib/./libmlib_image.dylib
0x00000001132a9000 	/Library/Java/JavaVirtualMachines/jdk1.7.0_55.jdk/Contents/Home/jre/lib/lwawt/liblwawt.dylib
0x000000011335d000 	/Library/Java/JavaVirtualMachines/jdk1.7.0_55.jdk/Contents/Home/jre/lib/libosxapp.dylib
0x000000000c660000 	/System/Library/Frameworks/ExceptionHandling.framework/Versions/A/ExceptionHandling
0x000000000c660000 	/System/Library/PrivateFrameworks/CoreServicesInternal.framework/Versions/A/CoreServicesInternal
0x000000000c660000 	/System/Library/PrivateFrameworks/Librarian.framework/Versions/A/Librarian
0x000000000c660000 	/System/Library/Frameworks/CoreGraphics.framework/Versions/A/Resources/libCGCMS.A.dylib
0x000000000c660000 	/System/Library/Frameworks/CoreGraphics.framework/Versions/A/Resources/libRIP.A.dylib
0x000000000c660000 	/System/Library/Frameworks/CoreGraphics.framework/Versions/A/Resources/libCGXType.A.dylib
0x000000000c660000 	/System/Library/PrivateFrameworks/FamilyControls.framework/Versions/A/FamilyControls
0x000000000c660000 	/System/Library/PrivateFrameworks/CommerceKit.framework/Versions/A/Frameworks/CommerceCore.framework/Versions/A/CommerceCore
0x000000000c660000 	/System/Library/PrivateFrameworks/SystemAdministration.framework/Versions/A/SystemAdministration
0x000000000c660000 	/System/Library/Frameworks/DirectoryService.framework/Versions/A/DirectoryService
0x000000000c660000 	/System/Library/PrivateFrameworks/DiskImages.framework/Versions/A/DiskImages
0x000000000c660000 	/System/Library/PrivateFrameworks/LoginUIKit.framework/Versions/A/Frameworks/LoginUICore.framework/Versions/A/LoginUICore
0x000000000c660000 	/usr/lib/libCoreStorage.dylib
0x000000000c660000 	/usr/lib/libcsfde.dylib
0x000000000c660000 	/usr/lib/libodfde.dylib
0x000000000c660000 	/System/Library/Frameworks/DiscRecording.framework/Versions/A/DiscRecording
0x000000000c660000 	/usr/lib/libcurl.4.dylib
0x000000000c660000 	/System/Library/PrivateFrameworks/MediaKit.framework/Versions/A/MediaKit
0x000000000c660000 	/System/Library/PrivateFrameworks/EFILogin.framework/Versions/A/EFILogin
0x000000000c660000 	/usr/lib/libutil.dylib
0x000000000c660000 	/System/Library/PrivateFrameworks/AOSNotification.framework/Versions/A/AOSNotification
0x000000000c660000 	/System/Library/Frameworks/LDAP.framework/Versions/A/LDAP
0x000000000c660000 	/usr/lib/libsasl2.2.dylib
0x000000000c660000 	/usr/lib/libcrypto.0.9.8.dylib
0x000000000c660000 	/usr/lib/libssl.0.9.8.dylib
0x0000000117337000 	/Library/Java/JavaVirtualMachines/jdk1.7.0_55.jdk/Contents/Home/jre/lib/libfontmanager.dylib
0x000000011739e000 	/Users/s010727/Documents/workspace/Platformer/lib/natives/liblwjgl.dylib
0x000000011595a000 	/Library/Java/JavaVirtualMachines/jdk1.7.0_55.jdk/Contents/Home/jre/lib/libjawt.dylib
0x000000000c660000 	/System/Library/Frameworks/OpenGL.framework/Versions/A/Resources/GLEngine.bundle/GLEngine
0x000000000c660000 	/System/Library/Frameworks/OpenGL.framework/Versions/A/Libraries/libGLProgrammability.dylib
0x0000000000000000 	/System/Library/Extensions/AppleIntelHD5000GraphicsGLDriver.bundle/Contents/MacOS/AppleIntelHD5000GraphicsGLDriver
0x000000000c660000 	/System/Library/PrivateFrameworks/IOAccelerator.framework/Versions/A/IOAccelerator
0x000000000c660000 	/System/Library/PrivateFrameworks/GPUSupport.framework/Versions/A/Libraries/libGPUSupportMercury.dylib
0x000000000c660000 	/System/Library/Frameworks/OpenGL.framework/Versions/A/Resources/GLRendererFloat.bundle/GLRendererFloat
0x000000000c660000 	/System/Library/Frameworks/OpenCL.framework/Versions/A/Libraries/libcldcpuengine.dylib
0x0000000117db1000 	/Library/Java/JavaVirtualMachines/jdk1.7.0_55.jdk/Contents/Home/jre/lib/libnio.dylib
0x0000000117dc0000 	/Library/Java/JavaVirtualMachines/jdk1.7.0_55.jdk/Contents/Home/jre/lib/./libnet.dylib

VM Arguments:
jvm_args: -Djava.library.path=/Users/s010727/Documents/workspace/Platformer/lib/natives:/Users/s010727/Documents/workspace/Platformer/lib/natives:/Users/s010727/Documents/workspace/Platformer/lib/natives:/Users/s010727/Documents/workspace/Platformer/lib/natives -Dfile.encoding=US-ASCII 
java_command: com.pixelaborate.platformer.Main
Launcher Type: SUN_STANDARD

Environment Variables:
PATH=/usr/bin:/bin:/usr/sbin:/sbin
SHELL=/bin/bash

Signal Handlers:
SIGSEGV: [libjvm.dylib+0x5253e5], sa_mask[0]=0xfffefeff, sa_flags=0x00000043
SIGBUS: [libjvm.dylib+0x5253e5], sa_mask[0]=0xfffefeff, sa_flags=0x00000042
SIGFPE: [libjvm.dylib+0x4188a2], sa_mask[0]=0xfffefeff, sa_flags=0x00000042
SIGPIPE: [libjvm.dylib+0x4188a2], sa_mask[0]=0xfffefeff, sa_flags=0x00000042
SIGXFSZ: [libjvm.dylib+0x4188a2], sa_mask[0]=0xfffefeff, sa_flags=0x00000042
SIGILL: [libjvm.dylib+0x4188a2], sa_mask[0]=0xfffefeff, sa_flags=0x00000042
SIGUSR1: SIG_DFL, sa_mask[0]=0x00000000, sa_flags=0x00000002
SIGUSR2: [libjvm.dylib+0x418394], sa_mask[0]=0x00000004, sa_flags=0x00000042
SIGHUP: [libjvm.dylib+0x416623], sa_mask[0]=0xfffefeff, sa_flags=0x00000042
SIGINT: [libjvm.dylib+0x416623], sa_mask[0]=0xfffefeff, sa_flags=0x00000042
SIGTERM: [libjvm.dylib+0x416623], sa_mask[0]=0xfffefeff, sa_flags=0x00000042
SIGQUIT: [libjvm.dylib+0x416623], sa_mask[0]=0xfffefeff, sa_flags=0x00000042


---------------  S Y S T E M  ---------------

OS:Bsduname:Darwin 13.3.0 Darwin Kernel Version 13.3.0: Tue Jun  3 21:27:35 PDT 2014; root:xnu-2422.110.17~1/RELEASE_X86_64 x86_64
rlimit: STACK 8192k, CORE 0k, NPROC 709, NOFILE 10240, AS infinity
load average:1.61 1.55 1.59

CPU:total 4 (2 cores per cpu, 2 threads per core) family 6 model 69 stepping 1, cmov, cx8, fxsr, mmx, sse, sse2, sse3, ssse3, sse4.1, sse4.2, popcnt, avx, avx2, aes, erms, ht, tsc, tscinvbit

Memory: 4k page, physical 4194304k(1048576k free)

/proc/meminfo:


vm_info: Java HotSpot(TM) 64-Bit Server VM (24.55-b03) for bsd-amd64 JRE (1.7.0_55-b13), built on Mar 17 2014 19:40:08 by "java_re" with gcc 4.2.1 (Based on Apple Inc. build 5658) (LLVM build 2336.11.00)

time: Fri May  8 17:13:54 2015
elapsed time: 3 seconds

