#
# A fatal error has been detected by the Java Runtime Environment:
#
#  SIGSEGV (0xb) at pc=0x00007fff97a381ef, pid=96509, tid=4867
#
# JRE version: Java(TM) SE Runtime Environment (7.0_55-b13) (build 1.7.0_55-b13)
# Java VM: Java HotSpot(TM) 64-Bit Server VM (24.55-b03 mixed mode bsd-amd64 compressed oops)
# Problematic frame:
# C  [GLEngine+0x1401ef]  gleRunVertexSubmitImmediate+0x27ef
#
# Failed to write core dump. Core dumps have been disabled. To enable core dumping, try "ulimit -c unlimited" before starting Java again
#
# If you would like to submit a bug report, please visit:
#   http://bugreport.sun.com/bugreport/crash.jsp
# The crash happened outside the Java Virtual Machine in native code.
# See problematic frame for where to report the bug.
#

---------------  T H R E A D  ---------------

Current thread (0x00007ffe7a809000):  JavaThread "main" [_thread_in_native, id=4867, stack(0x00000001036c0000,0x00000001037c0000)]

siginfo:si_signo=SIGSEGV: si_errno=0, si_code=1 (SEGV_MAPERR), si_addr=0x0000000000000008

Registers:
RAX=0x00007fff97a37eaf, RBX=0x0000000000000006, RCX=0x0000000000000000, RDX=0x00007fff97a386b8
RSP=0x00000001037bf490, RBP=0x00000001037bf6e0, RSI=0x0000000000000006, RDI=0x0000000000000027
R8 =0x0000000000809804, R9 =0x00007ffe7c800c00, R10=0x00007ffe79c436a0, R11=0x3e796aad3f1cbb2c
R12=0x0000000000000003, R13=0x0000000000809804, R14=0x3e796aad3f1cbb2c, R15=0x00000000be0a3d71
RIP=0x00007fff97a381ef, EFLAGS=0x0000000000010297, ERR=0x0000000000000004
  TRAPNO=0x000000000000000e

Top of Stack: (sp=0x00000001037bf490)
0x00000001037bf490:   00000000021f1c61 0000000020000000
0x00000001037bf4a0:   00007ffe7b0cfa30 00007ffe79f37f10
0x00000001037bf4b0:   007e7f003ffff3e7 00007ffe7b0d6048
0x00000001037bf4c0:   00000001037bf660 00001234003aecff
0x00000001037bf4d0:   00007ffe7a961200 00007ffe7a1aa400
0x00000001037bf4e0:   00000001037bf560 00007fff959c5857
0x00000001037bf4f0:   00007ffe79d118c8 00001234003a54aa
0x00000001037bf500:   ffffffffffffffff 0000000000000000
0x00000001037bf510:   0000000000000000 0000ffffffff0000
0x00000001037bf520:   0100ffff00000000 00007ffe7b0d8d30
0x00000001037bf530:   0f30000a00108031 0000000000000000
0x00000001037bf540:   00007ffe7b0cec00 0000000000000000
0x00000001037bf550:   0000000000000000 007e7f003ffff3e7
0x00000001037bf560:   00007ffe7c800d50 00007ffe7c800d80
0x00000001037bf570:   00007ffe7c800d60 00007ffe7c800d90
0x00000001037bf580:   00007ffe7c800d70 00007ffe7c800db0
0x00000001037bf590:   0000000000000000 0000000000000000
0x00000001037bf5a0:   fffffffe00000002 0000000154f24100
0x00000001037bf5b0:   0000000000001013 0000000000000002
0x00000001037bf5c0:   ffffffff00000000 0000000000000002
0x00000001037bf5d0:   00007ffe7c800da0 0000000000000006
0x00000001037bf5e0:   0000000000000000 00007ffe7c800c00
0x00000001037bf5f0:   00000c3300000000 0000000000809804
0x00000001037bf600:   0000000002026010 0000000000000000
0x00000001037bf610:   00000001037bf68c 00007ffe79c43624
0x00000001037bf620:   00000000000e726e 0000010000000020
0x00000001037bf630:   0000000000000000 0000000000000000
0x00000001037bf640:   0000000000000000 0000000000000000
0x00000001037bf650:   0000000000000003 0000000000000000
0x00000001037bf660:   00007ffe79c43608 0000000000000000
0x00000001037bf670:   0000000000000000 00000001559ce060
0x00000001037bf680:   00000001559ce0c0 0000000000000000 

Instructions: (pc=0x00007fff97a381ef)
0x00007fff97a381cf:   c6 66 0f 6d c0 66 49 0f 7e c7 bb 05 00 00 00 e9
0x00007fff97a381df:   bd 02 00 00 4c 8b 31 4c 8b 79 08 e9 2c f9 ff ff
0x00007fff97a381ef:   f3 0f 10 49 08 f2 0f 10 01 66 0f 14 c1 66 49 0f
0x00007fff97a381ff:   7e c6 66 0f 6d c0 66 49 0f 7e c7 e9 0c f9 ff ff 

Register to memory mapping:

RAX=0x00007fff97a37eaf: gleRunVertexSubmitImmediate+0x24af in /System/Library/Frameworks/OpenGL.framework/Versions/A/Resources/GLEngine.bundle/GLEngine at 0x00007fff978f8000
RBX=0x0000000000000006 is an unknown value
RCX=0x0000000000000000 is an unknown value
RDX=0x00007fff97a386b8: gleRunVertexSubmitImmediate+0x2cb8 in /System/Library/Frameworks/OpenGL.framework/Versions/A/Resources/GLEngine.bundle/GLEngine at 0x00007fff978f8000
RSP=0x00000001037bf490 is pointing into the stack for thread: 0x00007ffe7a809000
RBP=0x00000001037bf6e0 is pointing into the stack for thread: 0x00007ffe7a809000
RSI=0x0000000000000006 is an unknown value
RDI=0x0000000000000027 is an unknown value
R8 =0x0000000000809804 is an unknown value
R9 =0x00007ffe7c800c00 is an unknown value
R10=0x00007ffe79c436a0 is an unknown value
R11=0x3e796aad3f1cbb2c is an unknown value
R12=0x0000000000000003 is an unknown value
R13=0x0000000000809804 is an unknown value
R14=0x3e796aad3f1cbb2c is an unknown value
R15=0x00000000be0a3d71 is an unknown value


Stack: [0x00000001036c0000,0x00000001037c0000],  sp=0x00000001037bf490,  free space=1021k
Native frames: (J=compiled Java code, j=interpreted, Vv=VM code, C=native code)
C  [GLEngine+0x1401ef]  gleRunVertexSubmitImmediate+0x27ef
C  [GLEngine+0x1fdfe]  glDrawArrays_Exec+0x272
j  org.lwjgl.opengl.GL11.nglDrawArrays(IIIJ)V+0
j  org.lwjgl.opengl.GL11.glDrawArrays(III)V+20
j  com.pixelaborate.platformer.Model.render()V+172
j  com.pixelaborate.platformer.PlayingState.render()V+19
j  com.pixelaborate.platformer.Game.run()V+116
j  com.pixelaborate.platformer.Main.main([Ljava/lang/String;)V+9
v  ~StubRoutines::call_stub
V  [libjvm.dylib+0x2d6a90]  JavaCalls::call_helper(JavaValue*, methodHandle*, JavaCallArguments*, Thread*)+0x22a
V  [libjvm.dylib+0x2d6860]  JavaCalls::call(JavaValue*, methodHandle, JavaCallArguments*, Thread*)+0x28
V  [libjvm.dylib+0x30a004]  jni_invoke_static(JNIEnv_*, JavaValue*, _jobject*, JNICallType, _jmethodID*, JNI_ArgumentPusher*, Thread*)+0xe6
V  [libjvm.dylib+0x30319f]  jni_CallStaticVoidMethod+0x10b
C  [java+0x30fe]  JavaMain+0x91d
C  [libsystem_pthread.dylib+0x1899]  _pthread_body+0x8a
C  [libsystem_pthread.dylib+0x172a]  _pthread_struct_init+0x0
C  [libsystem_pthread.dylib+0x5fc9]  thread_start+0xd

Java frames: (J=compiled Java code, j=interpreted, Vv=VM code)
j  org.lwjgl.opengl.GL11.nglDrawArrays(IIIJ)V+0
j  org.lwjgl.opengl.GL11.glDrawArrays(III)V+20
j  com.pixelaborate.platformer.Model.render()V+172
j  com.pixelaborate.platformer.PlayingState.render()V+19
j  com.pixelaborate.platformer.Game.run()V+116
j  com.pixelaborate.platformer.Main.main([Ljava/lang/String;)V+9
v  ~StubRoutines::call_stub

---------------  P R O C E S S  ---------------

Java Threads: ( => current thread )
  0x00007ffe7a90a000 JavaThread "AWT-Shutdown" [_thread_blocked, id=28171, stack(0x00000001525b6000,0x00000001526b6000)]
  0x00007ffe7a00c800 JavaThread "AppKit Thread" daemon [_thread_in_native, id=3335, stack(0x00007fff5d012000,0x00007fff5d092000)]
  0x00007ffe7b026000 JavaThread "Service Thread" daemon [_thread_blocked, id=19459, stack(0x0000000150a19000,0x0000000150b19000)]
  0x00007ffe7b025000 JavaThread "C2 CompilerThread1" daemon [_thread_blocked, id=18947, stack(0x0000000150916000,0x0000000150a16000)]
  0x00007ffe7b01b800 JavaThread "C2 CompilerThread0" daemon [_thread_blocked, id=18435, stack(0x0000000150813000,0x0000000150913000)]
  0x00007ffe7b006000 JavaThread "Signal Dispatcher" daemon [_thread_blocked, id=17923, stack(0x0000000150710000,0x0000000150810000)]
  0x00007ffe7b003000 JavaThread "Finalizer" daemon [_thread_blocked, id=12547, stack(0x0000000150507000,0x0000000150607000)]
  0x00007ffe7b000000 JavaThread "Reference Handler" daemon [_thread_blocked, id=12035, stack(0x0000000150404000,0x0000000150504000)]
=>0x00007ffe7a809000 JavaThread "main" [_thread_in_native, id=4867, stack(0x00000001036c0000,0x00000001037c0000)]

Other Threads:
  0x00007ffe7a855800 VMThread [stack: 0x0000000150301000,0x0000000150401000] [id=11523]
  0x00007ffe7b015000 WatcherThread [stack: 0x0000000150b1c000,0x0000000150c1c000] [id=19971]

VM state:not at safepoint (normal execution)

VM Mutex/Monitor currently owned by a thread: None

Heap
 PSYoungGen      total 138752K, used 66303K [0x0000000136600000, 0x000000013f400000, 0x000000014bb80000)
  eden space 133632K, 46% used [0x0000000136600000,0x000000013a212c68,0x000000013e880000)
  from space 5120K, 93% used [0x000000013ee00000,0x000000013f2ad040,0x000000013f300000)
  to   space 5632K, 0% used [0x000000013e880000,0x000000013e880000,0x000000013ee00000)
 ParOldGen       total 43520K, used 2056K [0x000000010bb80000, 0x000000010e600000, 0x0000000136600000)
  object space 43520K, 4% used [0x000000010bb80000,0x000000010bd82180,0x000000010e600000)
 PSPermGen       total 21504K, used 5765K [0x0000000106980000, 0x0000000107e80000, 0x000000010bb80000)
  object space 21504K, 26% used [0x0000000106980000,0x0000000106f214d8,0x0000000107e80000)

Card table byte_map: [0x000000014bb80000,0x000000014bdaa000] byte_map_base: 0x000000014b34b400

Polling page: 0x00000001037ff000

Code Cache  [0x0000000103812000, 0x0000000103a82000, 0x0000000106812000)
 total_blobs=411 nmethods=94 adapters=272 free_code_cache=48521Kb largest_free_block=49663808

Compilation events (10 events):
Event: 1.903 Thread 0x00007ffe7b01b800   89             com.pixelaborate.platformer.OBJ_Parser::parseNormal (42 bytes)
Event: 1.907 Thread 0x00007ffe7b01b800 nmethod 89 0x00000001038a5750 code [0x00000001038a5900, 0x00000001038a5b60]
Event: 2.069 Thread 0x00007ffe7b025000   90             java.nio.charset.CoderResult::isUnderflow (13 bytes)
Event: 2.069 Thread 0x00007ffe7b025000 nmethod 90 0x00000001038a5550 code [0x00000001038a5680, 0x00000001038a56f8]
Event: 2.087 Thread 0x00007ffe7b01b800   91             java.nio.DirectFloatBufferU::put (17 bytes)
Event: 2.087 Thread 0x00007ffe7b025000   92             java.nio.DirectFloatBufferU::ix (10 bytes)
Event: 2.087 Thread 0x00007ffe7b025000 nmethod 92 0x00000001038a7b90 code [0x00000001038a7cc0, 0x00000001038a7d38]
Event: 2.087 Thread 0x00007ffe7b01b800 nmethod 91 0x00000001038a7910 code [0x00000001038a7a40, 0x00000001038a7af8]
Event: 2.090 Thread 0x00007ffe7b025000   94 %           com.pixelaborate.platformer.Model::render @ 28 (179 bytes)
Event: 2.097 Thread 0x00007ffe7b025000 nmethod 94% 0x00000001038a8550 code [0x00000001038a86e0, 0x00000001038a8b68]

GC Heap History (10 events):
Event: 1.788 GC heap before
{Heap before GC invocations=4 (full 0):
 PSYoungGen      total 19456K, used 18825K [0x0000000136600000, 0x0000000138c00000, 0x000000014bb80000)
  eden space 16896K, 100% used [0x0000000136600000,0x0000000137680000,0x0000000137680000)
  from space 2560K, 75% used [0x0000000137680000,0x0000000137862530,0x0000000137900000)
  to   space 2560K, 0% used [0x0000000138980000,0x0000000138980000,0x0000000138c00000)
 ParOldGen       total 43520K, used 16K [0x000000010bb80000, 0x000000010e600000, 0x0000000136600000)
  object space 43520K, 0% used [0x000000010bb80000,0x000000010bb84000,0x000000010e600000)
 PSPermGen       total 21504K, used 5727K [0x0000000106980000, 0x0000000107e80000, 0x000000010bb80000)
  object space 21504K, 26% used [0x0000000106980000,0x0000000106f17d80,0x0000000107e80000)
Event: 1.792 GC heap after
Heap after GC invocations=4 (full 0):
 PSYoungGen      total 36352K, used 2373K [0x0000000136600000, 0x0000000138c00000, 0x000000014bb80000)
  eden space 33792K, 0% used [0x0000000136600000,0x0000000136600000,0x0000000138700000)
  from space 2560K, 92% used [0x0000000138980000,0x0000000138bd17b0,0x0000000138c00000)
  to   space 2560K, 0% used [0x0000000138700000,0x0000000138700000,0x0000000138980000)
 ParOldGen       total 43520K, used 16K [0x000000010bb80000, 0x000000010e600000, 0x0000000136600000)
  object space 43520K, 0% used [0x000000010bb80000,0x000000010bb84000,0x000000010e600000)
 PSPermGen       total 21504K, used 5727K [0x0000000106980000, 0x0000000107e80000, 0x000000010bb80000)
  object space 21504K, 26% used [0x0000000106980000,0x0000000106f17d80,0x0000000107e80000)
}
Event: 1.823 GC heap before
{Heap before GC invocations=5 (full 0):
 PSYoungGen      total 36352K, used 36165K [0x0000000136600000, 0x0000000138c00000, 0x000000014bb80000)
  eden space 33792K, 100% used [0x0000000136600000,0x0000000138700000,0x0000000138700000)
  from space 2560K, 92% used [0x0000000138980000,0x0000000138bd17b0,0x0000000138c00000)
  to   space 2560K, 0% used [0x0000000138700000,0x0000000138700000,0x0000000138980000)
 ParOldGen       total 43520K, used 16K [0x000000010bb80000, 0x000000010e600000, 0x0000000136600000)
  object space 43520K, 0% used [0x000000010bb80000,0x000000010bb84000,0x000000010e600000)
 PSPermGen       total 21504K, used 5727K [0x0000000106980000, 0x0000000107e80000, 0x000000010bb80000)
  object space 21504K, 26% used [0x0000000106980000,0x0000000106f17ec0,0x0000000107e80000)
Event: 1.828 GC heap after
Heap after GC invocations=5 (full 0):
 PSYoungGen      total 36352K, used 2544K [0x0000000136600000, 0x000000013af00000, 0x000000014bb80000)
  eden space 33792K, 0% used [0x0000000136600000,0x0000000136600000,0x0000000138700000)
  from space 2560K, 99% used [0x0000000138700000,0x000000013897c378,0x0000000138980000)
  to   space 3584K, 0% used [0x000000013ab80000,0x000000013ab80000,0x000000013af00000)
 ParOldGen       total 43520K, used 568K [0x000000010bb80000, 0x000000010e600000, 0x0000000136600000)
  object space 43520K, 1% used [0x000000010bb80000,0x000000010bc0e000,0x000000010e600000)
 PSPermGen       total 21504K, used 5727K [0x0000000106980000, 0x0000000107e80000, 0x000000010bb80000)
  object space 21504K, 26% used [0x0000000106980000,0x0000000106f17ec0,0x0000000107e80000)
}
Event: 1.864 GC heap before
{Heap before GC invocations=6 (full 0):
 PSYoungGen      total 36352K, used 36336K [0x0000000136600000, 0x000000013af00000, 0x000000014bb80000)
  eden space 33792K, 100% used [0x0000000136600000,0x0000000138700000,0x0000000138700000)
  from space 2560K, 99% used [0x0000000138700000,0x000000013897c378,0x0000000138980000)
  to   space 3584K, 0% used [0x000000013ab80000,0x000000013ab80000,0x000000013af00000)
 ParOldGen       total 43520K, used 568K [0x000000010bb80000, 0x000000010e600000, 0x0000000136600000)
  object space 43520K, 1% used [0x000000010bb80000,0x000000010bc0e000,0x000000010e600000)
 PSPermGen       total 21504K, used 5737K [0x0000000106980000, 0x0000000107e80000, 0x000000010bb80000)
  object space 21504K, 26% used [0x0000000106980000,0x0000000106f1a540,0x0000000107e80000)
Event: 1.869 GC heap after
Heap after GC invocations=6 (full 0):
 PSYoungGen      total 70656K, used 3415K [0x0000000136600000, 0x000000013b000000, 0x000000014bb80000)
  eden space 67072K, 0% used [0x0000000136600000,0x0000000136600000,0x000000013a780000)
  from space 3584K, 95% used [0x000000013ab80000,0x000000013aed5f10,0x000000013af00000)
  to   space 4096K, 0% used [0x000000013a780000,0x000000013a780000,0x000000013ab80000)
 ParOldGen       total 43520K, used 568K [0x000000010bb80000, 0x000000010e600000, 0x0000000136600000)
  object space 43520K, 1% used [0x000000010bb80000,0x000000010bc0e000,0x000000010e600000)
 PSPermGen       total 21504K, used 5737K [0x0000000106980000, 0x0000000107e80000, 0x000000010bb80000)
  object space 21504K, 26% used [0x0000000106980000,0x0000000106f1a540,0x0000000107e80000)
}
Event: 1.955 GC heap before
{Heap before GC invocations=7 (full 0):
 PSYoungGen      total 70656K, used 70487K [0x0000000136600000, 0x000000013b000000, 0x000000014bb80000)
  eden space 67072K, 100% used [0x0000000136600000,0x000000013a780000,0x000000013a780000)
  from space 3584K, 95% used [0x000000013ab80000,0x000000013aed5f10,0x000000013af00000)
  to   space 4096K, 0% used [0x000000013a780000,0x000000013a780000,0x000000013ab80000)
 ParOldGen       total 43520K, used 568K [0x000000010bb80000, 0x000000010e600000, 0x0000000136600000)
  object space 43520K, 1% used [0x000000010bb80000,0x000000010bc0e000,0x000000010e600000)
 PSPermGen       total 21504K, used 5737K [0x0000000106980000, 0x0000000107e80000, 0x000000010bb80000)
  object space 21504K, 26% used [0x0000000106980000,0x0000000106f1a790,0x0000000107e80000)
Event: 1.963 GC heap after
Heap after GC invocations=7 (full 0):
 PSYoungGen      total 71168K, used 4073K [0x0000000136600000, 0x000000013f300000, 0x000000014bb80000)
  eden space 67072K, 0% used [0x0000000136600000,0x0000000136600000,0x000000013a780000)
  from space 4096K, 99% used [0x000000013a780000,0x000000013ab7a478,0x000000013ab80000)
  to   space 5120K, 0% used [0x000000013ee00000,0x000000013ee00000,0x000000013f300000)
 ParOldGen       total 43520K, used 1472K [0x000000010bb80000, 0x000000010e600000, 0x0000000136600000)
  object space 43520K, 3% used [0x000000010bb80000,0x000000010bcf0180,0x000000010e600000)
 PSPermGen       total 21504K, used 5737K [0x0000000106980000, 0x0000000107e80000, 0x000000010bb80000)
  object space 21504K, 26% used [0x0000000106980000,0x0000000106f1a790,0x0000000107e80000)
}
Event: 2.020 GC heap before
{Heap before GC invocations=8 (full 0):
 PSYoungGen      total 71168K, used 71145K [0x0000000136600000, 0x000000013f300000, 0x000000014bb80000)
  eden space 67072K, 100% used [0x0000000136600000,0x000000013a780000,0x000000013a780000)
  from space 4096K, 99% used [0x000000013a780000,0x000000013ab7a478,0x000000013ab80000)
  to   space 5120K, 0% used [0x000000013ee00000,0x000000013ee00000,0x000000013f300000)
 ParOldGen       total 43520K, used 1472K [0x000000010bb80000, 0x000000010e600000, 0x0000000136600000)
  object space 43520K, 3% used [0x000000010bb80000,0x000000010bcf0180,0x000000010e600000)
 PSPermGen       total 21504K, used 5738K [0x0000000106980000, 0x0000000107e80000, 0x000000010bb80000)
  object space 21504K, 26% used [0x0000000106980000,0x0000000106f1ab18,0x0000000107e80000)
Event: 2.027 GC heap after
Heap after GC invocations=8 (full 0):
 PSYoungGen      total 138752K, used 4788K [0x0000000136600000, 0x000000013f400000, 0x000000014bb80000)
  eden space 133632K, 0% used [0x0000000136600000,0x0000000136600000,0x000000013e880000)
  from space 5120K, 93% used [0x000000013ee00000,0x000000013f2ad040,0x000000013f300000)
  to   space 5632K, 0% used [0x000000013e880000,0x000000013e880000,0x000000013ee00000)
 ParOldGen       total 43520K, used 2056K [0x000000010bb80000, 0x000000010e600000, 0x0000000136600000)
  object space 43520K, 4% used [0x000000010bb80000,0x000000010bd82180,0x000000010e600000)
 PSPermGen       total 21504K, used 5738K [0x0000000106980000, 0x0000000107e80000, 0x000000010bb80000)
  object space 21504K, 26% used [0x0000000106980000,0x0000000106f1ab18,0x0000000107e80000)
}

Deoptimization events (7 events):
Event: 1.589 Thread 0x00007ffe7a809000 Uncommon trap: reason=unloaded action=reinterpret pc=0x0000000103897050 method=java.io.BufferedReader.readLine(Z)Ljava/lang/String; @ 268
Event: 1.627 Thread 0x00007ffe7a809000 Uncommon trap: reason=array_check action=maybe_recompile pc=0x0000000103898aa4 method=java.util.AbstractCollection.toArray([Ljava/lang/Object;)[Ljava/lang/Object; @ 119
Event: 1.627 Thread 0x00007ffe7a809000 Uncommon trap: reason=array_check action=maybe_recompile pc=0x0000000103898aa4 method=java.util.AbstractCollection.toArray([Ljava/lang/Object;)[Ljava/lang/Object; @ 119
Event: 1.627 Thread 0x00007ffe7a809000 Uncommon trap: reason=array_check action=maybe_recompile pc=0x0000000103898aa4 method=java.util.AbstractCollection.toArray([Ljava/lang/Object;)[Ljava/lang/Object; @ 119
Event: 1.627 Thread 0x00007ffe7a809000 Uncommon trap: reason=array_check action=maybe_recompile pc=0x0000000103898aa4 method=java.util.AbstractCollection.toArray([Ljava/lang/Object;)[Ljava/lang/Object; @ 119
Event: 2.077 Thread 0x00007ffe7a809000 Uncommon trap: reason=unreached action=reinterpret pc=0x00000001038b2168 method=com.pixelaborate.platformer.OBJ_Parser.parseFile(Ljava/io/File;)Lcom/pixelaborate/platformer/Model; @ 258
Event: 2.098 Thread 0x00007ffe7a809000 Uncommon trap: reason=unloaded action=reinterpret pc=0x00000001038a89ec method=com.pixelaborate.platformer.Model.render()V @ 108

Internal exceptions (10 events):
Event: 1.536 Thread 0x00007ffe7a809000 Threw 0x0000000136d81450 at /HUDSON/workspace/7u-2-build-macosx-x86_64/jdk7u55/869/hotspot/src/share/vm/prims/jvm.cpp:1244
Event: 1.539 Thread 0x00007ffe7a809000 Threw 0x0000000136d85b70 at /HUDSON/workspace/7u-2-build-macosx-x86_64/jdk7u55/869/hotspot/src/share/vm/prims/jvm.cpp:1244
Event: 1.540 Thread 0x00007ffe7a809000 Threw 0x0000000136d8bdd0 at /HUDSON/workspace/7u-2-build-macosx-x86_64/jdk7u55/869/hotspot/src/share/vm/prims/jvm.cpp:1244
Event: 1.541 Thread 0x00007ffe7a809000 Threw 0x0000000136d8eb38 at /HUDSON/workspace/7u-2-build-macosx-x86_64/jdk7u55/869/hotspot/src/share/vm/prims/jvm.cpp:1244
Event: 1.541 Thread 0x00007ffe7a809000 Threw 0x0000000136d91980 at /HUDSON/workspace/7u-2-build-macosx-x86_64/jdk7u55/869/hotspot/src/share/vm/prims/jvm.cpp:1244
Event: 1.542 Thread 0x00007ffe7a809000 Threw 0x0000000136d94840 at /HUDSON/workspace/7u-2-build-macosx-x86_64/jdk7u55/869/hotspot/src/share/vm/prims/jvm.cpp:1244
Event: 1.542 Thread 0x00007ffe7a809000 Threw 0x0000000136d975d8 at /HUDSON/workspace/7u-2-build-macosx-x86_64/jdk7u55/869/hotspot/src/share/vm/prims/jvm.cpp:1244
Event: 1.542 Thread 0x00007ffe7a809000 Threw 0x0000000136d9a318 at /HUDSON/workspace/7u-2-build-macosx-x86_64/jdk7u55/869/hotspot/src/share/vm/prims/jvm.cpp:1244
Event: 1.846 Thread 0x00007ffe7a809000 Threw 0x0000000137cd4068 at /HUDSON/workspace/7u-2-build-macosx-x86_64/jdk7u55/869/hotspot/src/share/vm/prims/jvm.cpp:1244
Event: 2.098 Thread 0x00007ffe7a809000 Threw 0x0000000139f927f8 at /HUDSON/workspace/7u-2-build-macosx-x86_64/jdk7u55/869/hotspot/src/share/vm/prims/jvm.cpp:1244

Events (10 events):
Event: 2.020 Executing VM operation: ParallelGCFailedAllocation
Event: 2.027 Executing VM operation: ParallelGCFailedAllocation done
Event: 2.077 Thread 0x00007ffe7a809000 Uncommon trap: trap_request=0xffffffad fr.pc=0x00000001038b2168
Event: 2.077 Thread 0x00007ffe7a809000 DEOPT PACKING pc=0x00000001038b2168 sp=0x00000001037bf720
Event: 2.077 Thread 0x00007ffe7a809000 DEOPT UNPACKING pc=0x000000010384b045 sp=0x00000001037bf740 mode 2
Event: 2.098 Thread 0x00007ffe7a809000 Uncommon trap: trap_request=0x0000008a fr.pc=0x00000001038a89ec
Event: 2.098 loading class 0x00007ffe79c49b10
Event: 2.098 loading class 0x00007ffe79c49b10 done
Event: 2.099 Thread 0x00007ffe7a809000 DEOPT PACKING pc=0x00000001038a89ec sp=0x00000001037bf8c0
Event: 2.099 Thread 0x00007ffe7a809000 DEOPT UNPACKING pc=0x000000010384b045 sp=0x00000001037bf898 mode 2


Dynamic libraries:
0x000000000c660000 	/System/Library/Frameworks/Cocoa.framework/Versions/A/Cocoa
0x000000000c660000 	/System/Library/Frameworks/Security.framework/Versions/A/Security
0x000000000c660000 	/System/Library/Frameworks/ApplicationServices.framework/Versions/A/ApplicationServices
0x000000000c660000 	/usr/lib/libz.1.dylib
0x000000000c660000 	/usr/lib/libSystem.B.dylib
0x000000000c660000 	/usr/lib/libobjc.A.dylib
0x000000000c660000 	/System/Library/Frameworks/CoreFoundation.framework/Versions/A/CoreFoundation
0x000000000c660000 	/System/Library/Frameworks/Foundation.framework/Versions/C/Foundation
0x000000000c660000 	/System/Library/Frameworks/AppKit.framework/Versions/C/AppKit
0x000000000c660000 	/System/Library/Frameworks/CoreData.framework/Versions/A/CoreData
0x000000000c660000 	/System/Library/PrivateFrameworks/RemoteViewServices.framework/Versions/A/RemoteViewServices
0x000000000c660000 	/System/Library/Frameworks/AudioToolbox.framework/Versions/A/AudioToolbox
0x000000000c660000 	/System/Library/Frameworks/AudioUnit.framework/Versions/A/AudioUnit
0x000000000c660000 	/System/Library/PrivateFrameworks/DataDetectorsCore.framework/Versions/A/DataDetectorsCore
0x000000000c660000 	/System/Library/PrivateFrameworks/DesktopServicesPriv.framework/Versions/A/DesktopServicesPriv
0x000000000c660000 	/System/Library/Frameworks/Carbon.framework/Versions/A/Frameworks/HIToolbox.framework/Versions/A/HIToolbox
0x000000000c660000 	/System/Library/Frameworks/QuartzCore.framework/Versions/A/QuartzCore
0x000000000c660000 	/System/Library/Frameworks/Carbon.framework/Versions/A/Frameworks/SpeechRecognition.framework/Versions/A/SpeechRecognition
0x000000000c660000 	/usr/lib/libauto.dylib
0x000000000c660000 	/usr/lib/libicucore.A.dylib
0x000000000c660000 	/usr/lib/libxml2.2.dylib
0x000000000c660000 	/System/Library/PrivateFrameworks/CoreUI.framework/Versions/A/CoreUI
0x000000000c660000 	/System/Library/Frameworks/CoreAudio.framework/Versions/A/CoreAudio
0x000000000c660000 	/System/Library/Frameworks/DiskArbitration.framework/Versions/A/DiskArbitration
0x000000000c660000 	/usr/lib/liblangid.dylib
0x000000000c660000 	/System/Library/PrivateFrameworks/MultitouchSupport.framework/Versions/A/MultitouchSupport
0x000000000c660000 	/System/Library/Frameworks/IOKit.framework/Versions/A/IOKit
0x000000000c660000 	/usr/lib/libDiagnosticMessagesClient.dylib
0x000000000c660000 	/System/Library/Frameworks/CoreServices.framework/Versions/A/CoreServices
0x000000000c660000 	/System/Library/PrivateFrameworks/PerformanceAnalysis.framework/Versions/A/PerformanceAnalysis
0x000000000c660000 	/System/Library/PrivateFrameworks/GenerationalStorage.framework/Versions/A/GenerationalStorage
0x000000000c660000 	/System/Library/Frameworks/OpenGL.framework/Versions/A/OpenGL
0x000000000c660000 	/System/Library/PrivateFrameworks/Sharing.framework/Versions/A/Sharing
0x000000000c660000 	/System/Library/Frameworks/ImageIO.framework/Versions/A/ImageIO
0x000000000c660000 	/System/Library/Frameworks/CoreText.framework/Versions/A/CoreText
0x000000000c660000 	/System/Library/Frameworks/CoreGraphics.framework/Versions/A/CoreGraphics
0x000000000c660000 	/System/Library/PrivateFrameworks/Backup.framework/Versions/A/Backup
0x000000000c660000 	/System/Library/Frameworks/CFNetwork.framework/Versions/A/CFNetwork
0x000000000c660000 	/System/Library/Frameworks/SystemConfiguration.framework/Versions/A/SystemConfiguration
0x000000000c660000 	/usr/lib/libCRFSuite.dylib
0x000000000c660000 	/usr/lib/libc++.1.dylib
0x000000000c660000 	/usr/lib/libc++abi.dylib
0x000000000c660000 	/usr/lib/system/libcache.dylib
0x000000000c660000 	/usr/lib/system/libcommonCrypto.dylib
0x000000000c660000 	/usr/lib/system/libcompiler_rt.dylib
0x000000000c660000 	/usr/lib/system/libcopyfile.dylib
0x000000000c660000 	/usr/lib/system/libcorecrypto.dylib
0x000000000c660000 	/usr/lib/system/libdispatch.dylib
0x000000000c660000 	/usr/lib/system/libdyld.dylib
0x000000000c660000 	/usr/lib/system/libkeymgr.dylib
0x000000000c660000 	/usr/lib/system/liblaunch.dylib
0x000000000c660000 	/usr/lib/system/libmacho.dylib
0x000000000c660000 	/usr/lib/system/libquarantine.dylib
0x000000000c660000 	/usr/lib/system/libremovefile.dylib
0x000000000c660000 	/usr/lib/system/libsystem_asl.dylib
0x000000000c660000 	/usr/lib/system/libsystem_blocks.dylib
0x000000000c660000 	/usr/lib/system/libsystem_c.dylib
0x000000000c660000 	/usr/lib/system/libsystem_configuration.dylib
0x000000000c660000 	/usr/lib/system/libsystem_dnssd.dylib
0x000000000c660000 	/usr/lib/system/libsystem_info.dylib
0x000000000c660000 	/usr/lib/system/libsystem_kernel.dylib
0x000000000c660000 	/usr/lib/system/libsystem_m.dylib
0x000000000c660000 	/usr/lib/system/libsystem_malloc.dylib
0x000000000c660000 	/usr/lib/system/libsystem_network.dylib
0x000000000c660000 	/usr/lib/system/libsystem_notify.dylib
0x000000000c660000 	/usr/lib/system/libsystem_platform.dylib
0x000000000c660000 	/usr/lib/system/libsystem_pthread.dylib
0x000000000c660000 	/usr/lib/system/libsystem_sandbox.dylib
0x000000000c660000 	/usr/lib/system/libsystem_stats.dylib
0x000000000c660000 	/usr/lib/system/libunc.dylib
0x000000000c660000 	/usr/lib/system/libunwind.dylib
0x000000000c660000 	/usr/lib/system/libxpc.dylib
0x000000000c660000 	/usr/lib/libbsm.0.dylib
0x000000000c660000 	/usr/lib/libsqlite3.dylib
0x000000000c660000 	/usr/lib/libxar.1.dylib
0x000000000c660000 	/usr/lib/libpam.2.dylib
0x000000000c660000 	/usr/lib/libOpenScriptingUtil.dylib
0x000000000c660000 	/usr/lib/libbz2.1.0.dylib
0x000000000c660000 	/System/Library/Frameworks/CoreServices.framework/Versions/A/Frameworks/CarbonCore.framework/Versions/A/CarbonCore
0x000000000c660000 	/System/Library/Frameworks/CoreServices.framework/Versions/A/Frameworks/Metadata.framework/Versions/A/Metadata
0x000000000c660000 	/System/Library/Frameworks/CoreServices.framework/Versions/A/Frameworks/OSServices.framework/Versions/A/OSServices
0x000000000c660000 	/System/Library/Frameworks/CoreServices.framework/Versions/A/Frameworks/SearchKit.framework/Versions/A/SearchKit
0x000000000c660000 	/System/Library/Frameworks/CoreServices.framework/Versions/A/Frameworks/AE.framework/Versions/A/AE
0x000000000c660000 	/System/Library/Frameworks/CoreServices.framework/Versions/A/Frameworks/LaunchServices.framework/Versions/A/LaunchServices
0x000000000c660000 	/System/Library/Frameworks/CoreServices.framework/Versions/A/Frameworks/DictionaryServices.framework/Versions/A/DictionaryServices
0x000000000c660000 	/System/Library/Frameworks/NetFS.framework/Versions/A/NetFS
0x000000000c660000 	/usr/lib/system/libkxld.dylib
0x000000000c660000 	/System/Library/PrivateFrameworks/NetAuth.framework/Versions/A/NetAuth
0x000000000c660000 	/System/Library/PrivateFrameworks/TCC.framework/Versions/A/TCC
0x000000000c660000 	/System/Library/Frameworks/OpenDirectory.framework/Versions/A/Frameworks/CFOpenDirectory.framework/Versions/A/CFOpenDirectory
0x000000000c660000 	/System/Library/Frameworks/ServiceManagement.framework/Versions/A/ServiceManagement
0x000000000c660000 	/usr/lib/libxslt.1.dylib
0x000000000c660000 	/System/Library/Frameworks/Carbon.framework/Versions/A/Frameworks/Ink.framework/Versions/A/Ink
0x000000000c660000 	/System/Library/Frameworks/ApplicationServices.framework/Versions/A/Frameworks/ATS.framework/Versions/A/ATS
0x000000000c660000 	/System/Library/Frameworks/ApplicationServices.framework/Versions/A/Frameworks/ColorSync.framework/Versions/A/ColorSync
0x000000000c660000 	/System/Library/Frameworks/ApplicationServices.framework/Versions/A/Frameworks/HIServices.framework/Versions/A/HIServices
0x000000000c660000 	/System/Library/Frameworks/ApplicationServices.framework/Versions/A/Frameworks/LangAnalysis.framework/Versions/A/LangAnalysis
0x000000000c660000 	/System/Library/Frameworks/ApplicationServices.framework/Versions/A/Frameworks/PrintCore.framework/Versions/A/PrintCore
0x000000000c660000 	/System/Library/Frameworks/ApplicationServices.framework/Versions/A/Frameworks/QD.framework/Versions/A/QD
0x000000000c660000 	/System/Library/Frameworks/ApplicationServices.framework/Versions/A/Frameworks/SpeechSynthesis.framework/Versions/A/SpeechSynthesis
0x000000000c660000 	/System/Library/Frameworks/IOSurface.framework/Versions/A/IOSurface
0x000000000c660000 	/System/Library/Frameworks/Accelerate.framework/Versions/A/Accelerate
0x000000000c660000 	/System/Library/Frameworks/Accelerate.framework/Versions/A/Frameworks/vImage.framework/Versions/A/vImage
0x000000000c660000 	/System/Library/Frameworks/Accelerate.framework/Versions/A/Frameworks/vecLib.framework/Versions/A/vecLib
0x000000000c660000 	/System/Library/Frameworks/Accelerate.framework/Versions/A/Frameworks/vecLib.framework/Versions/A/libvDSP.dylib
0x000000000c660000 	/System/Library/Frameworks/Accelerate.framework/Versions/A/Frameworks/vecLib.framework/Versions/A/libvMisc.dylib
0x000000000c660000 	/System/Library/Frameworks/Accelerate.framework/Versions/A/Frameworks/vecLib.framework/Versions/A/libLAPACK.dylib
0x000000000c660000 	/System/Library/Frameworks/Accelerate.framework/Versions/A/Frameworks/vecLib.framework/Versions/A/libBLAS.dylib
0x000000000c660000 	/System/Library/Frameworks/ApplicationServices.framework/Versions/A/Frameworks/ATS.framework/Versions/A/Resources/libFontParser.dylib
0x000000000c660000 	/System/Library/Frameworks/ApplicationServices.framework/Versions/A/Frameworks/ATS.framework/Versions/A/Resources/libFontRegistry.dylib
0x000000000c660000 	/System/Library/Frameworks/ImageIO.framework/Versions/A/Resources/libJPEG.dylib
0x000000000c660000 	/System/Library/Frameworks/ImageIO.framework/Versions/A/Resources/libTIFF.dylib
0x000000000c660000 	/System/Library/Frameworks/ImageIO.framework/Versions/A/Resources/libPng.dylib
0x000000000c660000 	/System/Library/Frameworks/ImageIO.framework/Versions/A/Resources/libGIF.dylib
0x000000000c660000 	/System/Library/Frameworks/ImageIO.framework/Versions/A/Resources/libJP2.dylib
0x000000000c660000 	/System/Library/Frameworks/ImageIO.framework/Versions/A/Resources/libRadiance.dylib
0x000000000c660000 	/usr/lib/libcups.2.dylib
0x000000000c660000 	/System/Library/Frameworks/Kerberos.framework/Versions/A/Kerberos
0x000000000c660000 	/System/Library/Frameworks/GSS.framework/Versions/A/GSS
0x000000000c660000 	/usr/lib/libresolv.9.dylib
0x000000000c660000 	/usr/lib/libiconv.2.dylib
0x000000000c660000 	/System/Library/PrivateFrameworks/Heimdal.framework/Versions/A/Heimdal
0x000000000c660000 	/System/Library/PrivateFrameworks/TrustEvaluationAgent.framework/Versions/A/TrustEvaluationAgent
0x000000000c660000 	/usr/lib/libheimdal-asn1.dylib
0x000000000c660000 	/System/Library/Frameworks/OpenDirectory.framework/Versions/A/OpenDirectory
0x000000000c660000 	/System/Library/PrivateFrameworks/CommonAuth.framework/Versions/A/CommonAuth
0x000000000c660000 	/System/Library/Frameworks/SecurityFoundation.framework/Versions/A/SecurityFoundation
0x000000000c660000 	/System/Library/PrivateFrameworks/Bom.framework/Versions/A/Bom
0x000000000c660000 	/System/Library/Frameworks/CoreVideo.framework/Versions/A/CoreVideo
0x000000000c660000 	/System/Library/Frameworks/QuartzCore.framework/Versions/A/Frameworks/CoreImage.framework/Versions/A/CoreImage
0x000000000c660000 	/System/Library/Frameworks/QuartzCore.framework/Versions/A/Frameworks/ScalableUserInterface.framework/Versions/A/ScalableUserInterface
0x000000000c660000 	/System/Library/Frameworks/OpenGL.framework/Versions/A/Libraries/libGLU.dylib
0x000000000c660000 	/System/Library/Frameworks/OpenGL.framework/Versions/A/Libraries/libGFXShared.dylib
0x000000000c660000 	/System/Library/Frameworks/OpenGL.framework/Versions/A/Libraries/libGL.dylib
0x000000000c660000 	/System/Library/Frameworks/OpenGL.framework/Versions/A/Libraries/libGLImage.dylib
0x000000000c660000 	/System/Library/Frameworks/OpenGL.framework/Versions/A/Libraries/libCVMSPluginSupport.dylib
0x000000000c660000 	/System/Library/Frameworks/OpenGL.framework/Versions/A/Libraries/libCoreVMClient.dylib
0x000000000c660000 	/System/Library/PrivateFrameworks/FaceCore.framework/Versions/A/FaceCore
0x000000000c660000 	/System/Library/PrivateFrameworks/CrashReporterSupport.framework/Versions/A/CrashReporterSupport
0x000000000c660000 	/System/Library/Frameworks/OpenCL.framework/Versions/A/OpenCL
0x000000000c660000 	/System/Library/PrivateFrameworks/AppleFSCompression.framework/Versions/A/AppleFSCompression
0x000000000c660000 	/System/Library/PrivateFrameworks/Ubiquity.framework/Versions/A/Ubiquity
0x000000000c660000 	/System/Library/PrivateFrameworks/IconServices.framework/Versions/A/IconServices
0x000000000c660000 	/System/Library/PrivateFrameworks/ChunkingLibrary.framework/Versions/A/ChunkingLibrary
0x000000000c660000 	/System/Library/PrivateFrameworks/CoreSymbolication.framework/Versions/A/CoreSymbolication
0x000000000c660000 	/System/Library/PrivateFrameworks/Symbolication.framework/Versions/A/Symbolication
0x000000000c660000 	/System/Library/PrivateFrameworks/DebugSymbols.framework/Versions/A/DebugSymbols
0x0000000102c6c000 	/Library/Java/JavaVirtualMachines/jdk1.7.0_55.jdk/Contents/Home/jre/lib/server/libjvm.dylib
0x000000000c660000 	/usr/lib/libstdc++.6.dylib
0x00000001037c2000 	/Library/Java/JavaVirtualMachines/jdk1.7.0_55.jdk/Contents/Home/jre/lib/libverify.dylib
0x00000001037cf000 	/Library/Java/JavaVirtualMachines/jdk1.7.0_55.jdk/Contents/Home/jre/lib/libjava.dylib
0x0000000103809000 	/Library/Java/JavaVirtualMachines/jdk1.7.0_55.jdk/Contents/Home/jre/lib/libzip.dylib
0x000000014eba5000 	/System/Library/Frameworks/JavaVM.framework/Frameworks/JavaRuntimeSupport.framework/JavaRuntimeSupport
0x000000014ebbd000 	/System/Library/Frameworks/JavaVM.framework/Versions/A/Frameworks/JavaNativeFoundation.framework/Versions/A/JavaNativeFoundation
0x000000014ebd1000 	/System/Library/Frameworks/JavaVM.framework/Versions/A/JavaVM
0x000000000c660000 	/System/Library/Frameworks/Carbon.framework/Versions/A/Carbon
0x000000014ebdd000 	/System/Library/PrivateFrameworks/JavaLaunching.framework/Versions/A/JavaLaunching
0x000000000c660000 	/System/Library/Frameworks/Carbon.framework/Versions/A/Frameworks/CommonPanels.framework/Versions/A/CommonPanels
0x000000000c660000 	/System/Library/Frameworks/Carbon.framework/Versions/A/Frameworks/Help.framework/Versions/A/Help
0x000000000c660000 	/System/Library/Frameworks/Carbon.framework/Versions/A/Frameworks/ImageCapture.framework/Versions/A/ImageCapture
0x000000000c660000 	/System/Library/Frameworks/Carbon.framework/Versions/A/Frameworks/OpenScripting.framework/Versions/A/OpenScripting
0x000000000c660000 	/System/Library/Frameworks/Carbon.framework/Versions/A/Frameworks/Print.framework/Versions/A/Print
0x000000000c660000 	/System/Library/Frameworks/Carbon.framework/Versions/A/Frameworks/SecurityHI.framework/Versions/A/SecurityHI
0x0000000150c2c000 	/Library/Java/JavaVirtualMachines/jdk1.7.0_55.jdk/Contents/Home/jre/lib/libawt.dylib
0x0000000150cdb000 	/Library/Java/JavaVirtualMachines/jdk1.7.0_55.jdk/Contents/Home/jre/lib/./libmlib_image.dylib
0x0000000150da7000 	/Library/Java/JavaVirtualMachines/jdk1.7.0_55.jdk/Contents/Home/jre/lib/lwawt/liblwawt.dylib
0x0000000150e5b000 	/Library/Java/JavaVirtualMachines/jdk1.7.0_55.jdk/Contents/Home/jre/lib/libosxapp.dylib
0x000000000c660000 	/System/Library/Frameworks/ExceptionHandling.framework/Versions/A/ExceptionHandling
0x000000000c660000 	/System/Library/PrivateFrameworks/CoreServicesInternal.framework/Versions/A/CoreServicesInternal
0x000000000c660000 	/System/Library/PrivateFrameworks/Librarian.framework/Versions/A/Librarian
0x000000000c660000 	/System/Library/Frameworks/CoreGraphics.framework/Versions/A/Resources/libCGCMS.A.dylib
0x000000000c660000 	/System/Library/Frameworks/CoreGraphics.framework/Versions/A/Resources/libRIP.A.dylib
0x000000000c660000 	/System/Library/Frameworks/CoreGraphics.framework/Versions/A/Resources/libCGXType.A.dylib
0x000000000c660000 	/System/Library/PrivateFrameworks/FamilyControls.framework/Versions/A/FamilyControls
0x000000000c660000 	/System/Library/PrivateFrameworks/CommerceKit.framework/Versions/A/Frameworks/CommerceCore.framework/Versions/A/CommerceCore
0x000000000c660000 	/System/Library/PrivateFrameworks/SystemAdministration.framework/Versions/A/SystemAdministration
0x000000000c660000 	/System/Library/Frameworks/DirectoryService.framework/Versions/A/DirectoryService
0x000000000c660000 	/System/Library/PrivateFrameworks/DiskImages.framework/Versions/A/DiskImages
0x000000000c660000 	/System/Library/PrivateFrameworks/LoginUIKit.framework/Versions/A/Frameworks/LoginUICore.framework/Versions/A/LoginUICore
0x000000000c660000 	/usr/lib/libCoreStorage.dylib
0x000000000c660000 	/usr/lib/libcsfde.dylib
0x000000000c660000 	/usr/lib/libodfde.dylib
0x000000000c660000 	/System/Library/Frameworks/DiscRecording.framework/Versions/A/DiscRecording
0x000000000c660000 	/usr/lib/libcurl.4.dylib
0x000000000c660000 	/System/Library/PrivateFrameworks/MediaKit.framework/Versions/A/MediaKit
0x000000000c660000 	/System/Library/PrivateFrameworks/EFILogin.framework/Versions/A/EFILogin
0x000000000c660000 	/usr/lib/libutil.dylib
0x000000000c660000 	/System/Library/PrivateFrameworks/AOSNotification.framework/Versions/A/AOSNotification
0x000000000c660000 	/System/Library/Frameworks/LDAP.framework/Versions/A/LDAP
0x000000000c660000 	/usr/lib/libsasl2.2.dylib
0x000000000c660000 	/usr/lib/libcrypto.0.9.8.dylib
0x000000000c660000 	/usr/lib/libssl.0.9.8.dylib
0x0000000154ead000 	/Library/Java/JavaVirtualMachines/jdk1.7.0_55.jdk/Contents/Home/jre/lib/libfontmanager.dylib
0x0000000154f14000 	/Users/s010727/Documents/workspace/Platformer/lib/natives/liblwjgl.dylib
0x0000000153556000 	/Library/Java/JavaVirtualMachines/jdk1.7.0_55.jdk/Contents/Home/jre/lib/libjawt.dylib
0x000000000c660000 	/System/Library/Frameworks/OpenGL.framework/Versions/A/Resources/GLEngine.bundle/GLEngine
0x000000000c660000 	/System/Library/Frameworks/OpenGL.framework/Versions/A/Libraries/libGLProgrammability.dylib
0x0000000000000000 	/System/Library/Extensions/AppleIntelHD5000GraphicsGLDriver.bundle/Contents/MacOS/AppleIntelHD5000GraphicsGLDriver
0x000000000c660000 	/System/Library/PrivateFrameworks/IOAccelerator.framework/Versions/A/IOAccelerator
0x000000000c660000 	/System/Library/PrivateFrameworks/GPUSupport.framework/Versions/A/Libraries/libGPUSupportMercury.dylib
0x000000000c660000 	/System/Library/Frameworks/OpenGL.framework/Versions/A/Resources/GLRendererFloat.bundle/GLRendererFloat
0x000000000c660000 	/System/Library/Frameworks/OpenCL.framework/Versions/A/Libraries/libcldcpuengine.dylib
0x000000015592a000 	/Library/Java/JavaVirtualMachines/jdk1.7.0_55.jdk/Contents/Home/jre/lib/libnio.dylib
0x0000000155939000 	/Library/Java/JavaVirtualMachines/jdk1.7.0_55.jdk/Contents/Home/jre/lib/./libnet.dylib

VM Arguments:
jvm_args: -Djava.library.path=/Users/s010727/Documents/workspace/Platformer/lib/natives:/Users/s010727/Documents/workspace/Platformer/lib/natives:/Users/s010727/Documents/workspace/Platformer/lib/natives:/Users/s010727/Documents/workspace/Platformer/lib/natives -Dfile.encoding=US-ASCII 
java_command: com.pixelaborate.platformer.Main
Launcher Type: SUN_STANDARD

Environment Variables:
PATH=/usr/bin:/bin:/usr/sbin:/sbin
SHELL=/bin/bash

Signal Handlers:
SIGSEGV: [libjvm.dylib+0x5253e5], sa_mask[0]=0xfffefeff, sa_flags=0x00000043
SIGBUS: [libjvm.dylib+0x5253e5], sa_mask[0]=0xfffefeff, sa_flags=0x00000042
SIGFPE: [libjvm.dylib+0x4188a2], sa_mask[0]=0xfffefeff, sa_flags=0x00000042
SIGPIPE: [libjvm.dylib+0x4188a2], sa_mask[0]=0xfffefeff, sa_flags=0x00000042
SIGXFSZ: [libjvm.dylib+0x4188a2], sa_mask[0]=0xfffefeff, sa_flags=0x00000042
SIGILL: [libjvm.dylib+0x4188a2], sa_mask[0]=0xfffefeff, sa_flags=0x00000042
SIGUSR1: SIG_DFL, sa_mask[0]=0x00000000, sa_flags=0x00000002
SIGUSR2: [libjvm.dylib+0x418394], sa_mask[0]=0x00000004, sa_flags=0x00000042
SIGHUP: [libjvm.dylib+0x416623], sa_mask[0]=0xfffefeff, sa_flags=0x00000042
SIGINT: [libjvm.dylib+0x416623], sa_mask[0]=0xfffefeff, sa_flags=0x00000042
SIGTERM: [libjvm.dylib+0x416623], sa_mask[0]=0xfffefeff, sa_flags=0x00000042
SIGQUIT: [libjvm.dylib+0x416623], sa_mask[0]=0xfffefeff, sa_flags=0x00000042


---------------  S Y S T E M  ---------------

OS:Bsduname:Darwin 13.3.0 Darwin Kernel Version 13.3.0: Tue Jun  3 21:27:35 PDT 2014; root:xnu-2422.110.17~1/RELEASE_X86_64 x86_64
rlimit: STACK 8192k, CORE 0k, NPROC 709, NOFILE 10240, AS infinity
load average:1.59 1.59 1.67

CPU:total 4 (2 cores per cpu, 2 threads per core) family 6 model 69 stepping 1, cmov, cx8, fxsr, mmx, sse, sse2, sse3, ssse3, sse4.1, sse4.2, popcnt, avx, avx2, aes, erms, ht, tsc, tscinvbit

Memory: 4k page, physical 4194304k(1048576k free)

/proc/meminfo:


vm_info: Java HotSpot(TM) 64-Bit Server VM (24.55-b03) for bsd-amd64 JRE (1.7.0_55-b13), built on Mar 17 2014 19:40:08 by "java_re" with gcc 4.2.1 (Based on Apple Inc. build 5658) (LLVM build 2336.11.00)

time: Wed May  6 15:39:42 2015
elapsed time: 2 seconds

