#
# A fatal error has been detected by the Java Runtime Environment:
#
#  SIGSEGV (0xb) at pc=0x00007fff97a381e3, pid=25953, tid=6403
#
# JRE version: Java(TM) SE Runtime Environment (7.0_55-b13) (build 1.7.0_55-b13)
# Java VM: Java HotSpot(TM) 64-Bit Server VM (24.55-b03 mixed mode bsd-amd64 compressed oops)
# Problematic frame:
# C  [GLEngine+0x1401e3]  gleRunVertexSubmitImmediate+0x27e3
#
# Failed to write core dump. Core dumps have been disabled. To enable core dumping, try "ulimit -c unlimited" before starting Java again
#
# If you would like to submit a bug report, please visit:
#   http://bugreport.sun.com/bugreport/crash.jsp
# The crash happened outside the Java Virtual Machine in native code.
# See problematic frame for where to report the bug.
#

---------------  T H R E A D  ---------------

Current thread (0x00007f904200e800):  JavaThread "main" [_thread_in_native, id=6403, stack(0x0000000103e54000,0x0000000103f54000)]

siginfo:si_signo=SIGSEGV: si_errno=0, si_code=1 (SEGV_MAPERR), si_addr=0x0000000000000000

Registers:
RAX=0x00007fff97a37eaf, RBX=0x0000000000000006, RCX=0x0000000000000000, RDX=0x00007fff97a386b8
RSP=0x0000000103f53400, RBP=0x0000000103f53650, RSI=0x0000000000000006, RDI=0x0000000000000027
R8 =0x0000000001809804, R9 =0x00007f9044800c00, R10=0x00007f9041e770a0, R11=0xc08376d3402b4da1
R12=0x0000000000000004, R13=0x0000000001809804, R14=0xc08376d3402b4da1, R15=0x000000004165b0c9
RIP=0x00007fff97a381e3, EFLAGS=0x0000000000010206, ERR=0x0000000000000004
  TRAPNO=0x000000000000000e

Top of Stack: (sp=0x0000000103f53400)
0x0000000103f53400:   00000000eaa25571 0000000020000000
0x0000000103f53410:   00007f9043137830 00007f9041e80050
0x0000000103f53420:   007e7f003ffff3e7 00007f904313de48
0x0000000103f53430:   0000000103f535d0 00001234003aecff
0x0000000103f53440:   00007f9043850600 00007f904501ae68
0x0000000103f53450:   0000000103f534d0 00007fff959c56d8
0x0000000103f53460:   00007f9041c12b08 0000000103f53520
0x0000000103f53470:   000000010c3b6210 0000000139445e78
0x0000000103f53480:   0000000103f534b0 00000001036dd666
0x0000000103f53490:   0100ffff00000000 00007f9043140b30
0x0000000103f534a0:   0f30000a00108031 0000000000000000
0x0000000103f534b0:   00007f9043136a00 0000000000000000
0x0000000103f534c0:   0000000000000000 007e7f003ffff3e7
0x0000000103f534d0:   00007f9044800d50 00007f9044800d80
0x0000000103f534e0:   00007f9044800d60 00007f9044800d90
0x0000000103f534f0:   00007f9044800d70 00007f9044800db0
0x0000000103f53500:   0000000000000000 0000000000000000
0x0000000103f53510:   fffffffe00000002 0000000154e5b100
0x0000000103f53520:   0000000000003013 0000000000000002
0x0000000103f53530:   ffffffff00000000 0000000000000002
0x0000000103f53540:   00007f9044800da0 0000000000000006
0x0000000103f53550:   0000000000000000 00007f9044800c00
0x0000000103f53560:   0000003400000000 0000000001809804
0x0000000103f53570:   0000000006026010 0000000000000000
0x0000000103f53580:   0000000103f535fc 00007f9041e77024
0x0000000103f53590:   000000000013460f 0000010000000020
0x0000000103f535a0:   0000000000000000 0000000000000000
0x0000000103f535b0:   0000000000000000 0000000000000000
0x0000000103f535c0:   0000000000000008 0000000000000000
0x0000000103f535d0:   00007f9041e77008 0000000000000000
0x0000000103f535e0:   0000000000000000 00000001554dc060
0x0000000103f535f0:   00000001554dc160 0000000000000000 

Instructions: (pc=0x00007fff97a381e3)
0x00007fff97a381c3:   10 da 0f 14 c1 0f 16 c3 66 49 0f 7e c6 66 0f 6d
0x00007fff97a381d3:   c0 66 49 0f 7e c7 bb 05 00 00 00 e9 bd 02 00 00
0x00007fff97a381e3:   4c 8b 31 4c 8b 79 08 e9 2c f9 ff ff f3 0f 10 49
0x00007fff97a381f3:   08 f2 0f 10 01 66 0f 14 c1 66 49 0f 7e c6 66 0f 

Register to memory mapping:

RAX=0x00007fff97a37eaf: gleRunVertexSubmitImmediate+0x24af in /System/Library/Frameworks/OpenGL.framework/Versions/A/Resources/GLEngine.bundle/GLEngine at 0x00007fff978f8000
RBX=0x0000000000000006 is an unknown value
RCX=0x0000000000000000 is an unknown value
RDX=0x00007fff97a386b8: gleRunVertexSubmitImmediate+0x2cb8 in /System/Library/Frameworks/OpenGL.framework/Versions/A/Resources/GLEngine.bundle/GLEngine at 0x00007fff978f8000
RSP=0x0000000103f53400 is pointing into the stack for thread: 0x00007f904200e800
RBP=0x0000000103f53650 is pointing into the stack for thread: 0x00007f904200e800
RSI=0x0000000000000006 is an unknown value
RDI=0x0000000000000027 is an unknown value
R8 =0x0000000001809804 is an unknown value
R9 =0x00007f9044800c00 is an unknown value
R10=0x00007f9041e770a0 is an unknown value
R11=0xc08376d3402b4da1 is an unknown value
R12=0x0000000000000004 is an unknown value
R13=0x0000000001809804 is an unknown value
R14=0xc08376d3402b4da1 is an unknown value
R15=0x000000004165b0c9 is an unknown value


Stack: [0x0000000103e54000,0x0000000103f54000],  sp=0x0000000103f53400,  free space=1021k
Native frames: (J=compiled Java code, j=interpreted, Vv=VM code, C=native code)
C  [GLEngine+0x1401e3]  gleRunVertexSubmitImmediate+0x27e3
C  [GLEngine+0x1fdfe]  glDrawArrays_Exec+0x272
j  org.lwjgl.opengl.GL11.nglDrawArrays(IIIJ)V+0
j  org.lwjgl.opengl.GL11.glDrawArrays(III)V+20
j  com.pixelaborate.platformer.Model.renderVBOModel()V+54
j  com.pixelaborate.platformer.Model.render()V+18
j  com.pixelaborate.platformer.Entity.render()V+12
j  com.pixelaborate.platformer.PlayingState.render()V+10
j  com.pixelaborate.platformer.Game.run()V+120
j  com.pixelaborate.platformer.Main.main([Ljava/lang/String;)V+9
v  ~StubRoutines::call_stub
V  [libjvm.dylib+0x2d6a90]
V  [libjvm.dylib+0x2d6860]
V  [libjvm.dylib+0x30a004]
V  [libjvm.dylib+0x30319f]
C  [java+0x30fe]  JavaMain+0x91d
C  [libsystem_pthread.dylib+0x1899]  _pthread_body+0x8a
C  [libsystem_pthread.dylib+0x172a]  _pthread_struct_init+0x0
C  [libsystem_pthread.dylib+0x5fc9]  thread_start+0xd

Java frames: (J=compiled Java code, j=interpreted, Vv=VM code)
j  org.lwjgl.opengl.GL11.nglDrawArrays(IIIJ)V+0
j  org.lwjgl.opengl.GL11.glDrawArrays(III)V+20
j  com.pixelaborate.platformer.Model.renderVBOModel()V+54
j  com.pixelaborate.platformer.Model.render()V+18
j  com.pixelaborate.platformer.Entity.render()V+12
j  com.pixelaborate.platformer.PlayingState.render()V+10
j  com.pixelaborate.platformer.Game.run()V+120
j  com.pixelaborate.platformer.Main.main([Ljava/lang/String;)V+9
v  ~StubRoutines::call_stub

---------------  P R O C E S S  ---------------

Java Threads: ( => current thread )
  0x00007f90430f0000 JavaThread "AWT-Shutdown" [_thread_blocked, id=26383, stack(0x00000001524ed000,0x00000001525ed000)]
  0x00007f90430ed000 JavaThread "AppKit Thread" daemon [_thread_in_native, id=3335, stack(0x00007fff5d0db000,0x00007fff5d15b000)]
  0x00007f9042026000 JavaThread "Service Thread" daemon [_thread_blocked, id=19203, stack(0x0000000150939000,0x0000000150a39000)]
  0x00007f9042024800 JavaThread "C2 CompilerThread1" daemon [_thread_blocked, id=18691, stack(0x0000000150836000,0x0000000150936000)]
  0x00007f9043022000 JavaThread "C2 CompilerThread0" daemon [_thread_blocked, id=18179, stack(0x0000000150733000,0x0000000150833000)]
  0x00007f904301b000 JavaThread "Signal Dispatcher" daemon [_thread_blocked, id=17667, stack(0x0000000150630000,0x0000000150730000)]
  0x00007f9042022000 JavaThread "Finalizer" daemon [_thread_blocked, id=12547, stack(0x00000001503e3000,0x00000001504e3000)]
  0x00007f904300c000 JavaThread "Reference Handler" daemon [_thread_blocked, id=12035, stack(0x00000001502e0000,0x00000001503e0000)]
=>0x00007f904200e800 JavaThread "main" [_thread_in_native, id=6403, stack(0x0000000103e54000,0x0000000103f54000)]

Other Threads:
  0x00007f904300b800 VMThread [stack: 0x00000001501dd000,0x00000001502dd000] [id=11523]
  0x00007f904202f800 WatcherThread [stack: 0x0000000150a3c000,0x0000000150b3c000] [id=19715]

VM state:not at safepoint (normal execution)

VM Mutex/Monitor currently owned by a thread: None

Heap
 PSYoungGen      total 70656K, used 45026K [0x0000000136d80000, 0x000000013f880000, 0x000000014c300000)
  eden space 67072K, 61% used [0x0000000136d80000,0x00000001396033c8,0x000000013af00000)
  from space 3584K, 98% used [0x000000013af00000,0x000000013b2756a0,0x000000013b280000)
  to   space 4096K, 0% used [0x000000013f480000,0x000000013f480000,0x000000013f880000)
 ParOldGen       total 43520K, used 1756K [0x000000010c300000, 0x000000010ed80000, 0x0000000136d80000)
  object space 43520K, 4% used [0x000000010c300000,0x000000010c4b7190,0x000000010ed80000)
 PSPermGen       total 21504K, used 5809K [0x0000000107100000, 0x0000000108600000, 0x000000010c300000)
  object space 21504K, 27% used [0x0000000107100000,0x00000001076ac788,0x0000000108600000)

Card table byte_map: [0x000000014c300000,0x000000014c52a000] byte_map_base: 0x000000014bac7800

Polling page: 0x0000000102bf6000

Code Cache  [0x0000000103f5f000, 0x00000001041cf000, 0x0000000106f5f000)
 total_blobs=416 nmethods=94 adapters=277 free_code_cache=48517Kb largest_free_block=49662208

Compilation events (10 events):
Event: 1.534 Thread 0x00007f9043022000   90             org.lwjgl.util.vector.Vector3f::getX (5 bytes)
Event: 1.534 Thread 0x00007f9042024800   91             org.lwjgl.util.vector.Vector3f::getY (5 bytes)
Event: 1.535 Thread 0x00007f9043022000 nmethod 90 0x0000000103ff0e90 code [0x0000000103ff0fc0, 0x0000000103ff1018]
Event: 1.535 Thread 0x00007f9042024800 nmethod 91 0x0000000103ff3490 code [0x0000000103ff35c0, 0x0000000103ff3618]
Event: 1.535 Thread 0x00007f9043022000   92             org.lwjgl.util.vector.Vector3f::getZ (5 bytes)
Event: 1.535 Thread 0x00007f9043022000 nmethod 92 0x0000000103ff3290 code [0x0000000103ff33c0, 0x0000000103ff3418]
Event: 1.536 Thread 0x00007f9042024800   93 %           com.pixelaborate.platformer.Model::prepareVBOModel @ 60 (413 bytes)
Event: 1.544 Thread 0x00007f9042024800 nmethod 93% 0x0000000103ff1d90 code [0x0000000103ff1f00, 0x0000000103ff23b8]
Event: 1.544 Thread 0x00007f9043022000   94 %           com.pixelaborate.platformer.Model::prepareVBOModel @ 175 (413 bytes)
Event: 1.551 Thread 0x00007f9043022000 nmethod 94% 0x0000000103ff1610 code [0x0000000103ff1780, 0x0000000103ff1b88]

GC Heap History (10 events):
Event: 1.277 GC heap before
{Heap before GC invocations=3 (full 0):
 PSYoungGen      total 19456K, used 18401K [0x0000000136d80000, 0x0000000139380000, 0x000000014c300000)
  eden space 16896K, 100% used [0x0000000136d80000,0x0000000137e00000,0x0000000137e00000)
  from space 2560K, 58% used [0x0000000138080000,0x00000001381f86b8,0x0000000138300000)
  to   space 2560K, 0% used [0x0000000137e00000,0x0000000137e00000,0x0000000138080000)
 ParOldGen       total 43520K, used 8K [0x000000010c300000, 0x000000010ed80000, 0x0000000136d80000)
  object space 43520K, 0% used [0x000000010c300000,0x000000010c302000,0x000000010ed80000)
 PSPermGen       total 21504K, used 5782K [0x0000000107100000, 0x0000000108600000, 0x000000010c300000)
  object space 21504K, 26% used [0x0000000107100000,0x00000001076a5a58,0x0000000108600000)
Event: 1.280 GC heap after
Heap after GC invocations=3 (full 0):
 PSYoungGen      total 19456K, used 1858K [0x0000000136d80000, 0x0000000139380000, 0x000000014c300000)
  eden space 16896K, 0% used [0x0000000136d80000,0x0000000136d80000,0x0000000137e00000)
  from space 2560K, 72% used [0x0000000137e00000,0x0000000137fd09d8,0x0000000138080000)
  to   space 2560K, 0% used [0x0000000139100000,0x0000000139100000,0x0000000139380000)
 ParOldGen       total 43520K, used 16K [0x000000010c300000, 0x000000010ed80000, 0x0000000136d80000)
  object space 43520K, 0% used [0x000000010c300000,0x000000010c304000,0x000000010ed80000)
 PSPermGen       total 21504K, used 5782K [0x0000000107100000, 0x0000000108600000, 0x000000010c300000)
  object space 21504K, 26% used [0x0000000107100000,0x00000001076a5a58,0x0000000108600000)
}
Event: 1.302 GC heap before
{Heap before GC invocations=4 (full 0):
 PSYoungGen      total 19456K, used 18754K [0x0000000136d80000, 0x0000000139380000, 0x000000014c300000)
  eden space 16896K, 100% used [0x0000000136d80000,0x0000000137e00000,0x0000000137e00000)
  from space 2560K, 72% used [0x0000000137e00000,0x0000000137fd09d8,0x0000000138080000)
  to   space 2560K, 0% used [0x0000000139100000,0x0000000139100000,0x0000000139380000)
 ParOldGen       total 43520K, used 16K [0x000000010c300000, 0x000000010ed80000, 0x0000000136d80000)
  object space 43520K, 0% used [0x000000010c300000,0x000000010c304000,0x000000010ed80000)
 PSPermGen       total 21504K, used 5782K [0x0000000107100000, 0x0000000108600000, 0x000000010c300000)
  object space 21504K, 26% used [0x0000000107100000,0x00000001076a5a58,0x0000000108600000)
Event: 1.310 GC heap after
Heap after GC invocations=4 (full 0):
 PSYoungGen      total 36352K, used 2203K [0x0000000136d80000, 0x0000000139380000, 0x000000014c300000)
  eden space 33792K, 0% used [0x0000000136d80000,0x0000000136d80000,0x0000000138e80000)
  from space 2560K, 86% used [0x0000000139100000,0x0000000139326ea8,0x0000000139380000)
  to   space 2560K, 0% used [0x0000000138e80000,0x0000000138e80000,0x0000000139100000)
 ParOldGen       total 43520K, used 24K [0x000000010c300000, 0x000000010ed80000, 0x0000000136d80000)
  object space 43520K, 0% used [0x000000010c300000,0x000000010c306000,0x000000010ed80000)
 PSPermGen       total 21504K, used 5782K [0x0000000107100000, 0x0000000108600000, 0x000000010c300000)
  object space 21504K, 26% used [0x0000000107100000,0x00000001076a5a58,0x0000000108600000)
}
Event: 1.354 GC heap before
{Heap before GC invocations=5 (full 0):
 PSYoungGen      total 36352K, used 35995K [0x0000000136d80000, 0x0000000139380000, 0x000000014c300000)
  eden space 33792K, 100% used [0x0000000136d80000,0x0000000138e80000,0x0000000138e80000)
  from space 2560K, 86% used [0x0000000139100000,0x0000000139326ea8,0x0000000139380000)
  to   space 2560K, 0% used [0x0000000138e80000,0x0000000138e80000,0x0000000139100000)
 ParOldGen       total 43520K, used 24K [0x000000010c300000, 0x000000010ed80000, 0x0000000136d80000)
  object space 43520K, 0% used [0x000000010c300000,0x000000010c306000,0x000000010ed80000)
 PSPermGen       total 21504K, used 5782K [0x0000000107100000, 0x0000000108600000, 0x000000010c300000)
  object space 21504K, 26% used [0x0000000107100000,0x00000001076a5a58,0x0000000108600000)
Event: 1.362 GC heap after
Heap after GC invocations=5 (full 0):
 PSYoungGen      total 36352K, used 2555K [0x0000000136d80000, 0x000000013b580000, 0x000000014c300000)
  eden space 33792K, 0% used [0x0000000136d80000,0x0000000136d80000,0x0000000138e80000)
  from space 2560K, 99% used [0x0000000138e80000,0x00000001390feef0,0x0000000139100000)
  to   space 3072K, 0% used [0x000000013b280000,0x000000013b280000,0x000000013b580000)
 ParOldGen       total 43520K, used 432K [0x000000010c300000, 0x000000010ed80000, 0x0000000136d80000)
  object space 43520K, 0% used [0x000000010c300000,0x000000010c36c000,0x000000010ed80000)
 PSPermGen       total 21504K, used 5782K [0x0000000107100000, 0x0000000108600000, 0x000000010c300000)
  object space 21504K, 26% used [0x0000000107100000,0x00000001076a5a58,0x0000000108600000)
}
Event: 1.389 GC heap before
{Heap before GC invocations=6 (full 0):
 PSYoungGen      total 36352K, used 36347K [0x0000000136d80000, 0x000000013b580000, 0x000000014c300000)
  eden space 33792K, 100% used [0x0000000136d80000,0x0000000138e80000,0x0000000138e80000)
  from space 2560K, 99% used [0x0000000138e80000,0x00000001390feef0,0x0000000139100000)
  to   space 3072K, 0% used [0x000000013b280000,0x000000013b280000,0x000000013b580000)
 ParOldGen       total 43520K, used 432K [0x000000010c300000, 0x000000010ed80000, 0x0000000136d80000)
  object space 43520K, 0% used [0x000000010c300000,0x000000010c36c000,0x000000010ed80000)
 PSPermGen       total 21504K, used 5782K [0x0000000107100000, 0x0000000108600000, 0x000000010c300000)
  object space 21504K, 26% used [0x0000000107100000,0x00000001076a5b00,0x0000000108600000)
Event: 1.398 GC heap after
Heap after GC invocations=6 (full 0):
 PSYoungGen      total 70144K, used 3043K [0x0000000136d80000, 0x000000013b680000, 0x000000014c300000)
  eden space 67072K, 0% used [0x0000000136d80000,0x0000000136d80000,0x000000013af00000)
  from space 3072K, 99% used [0x000000013b280000,0x000000013b578f48,0x000000013b580000)
  to   space 3584K, 0% used [0x000000013af00000,0x000000013af00000,0x000000013b280000)
 ParOldGen       total 43520K, used 728K [0x000000010c300000, 0x000000010ed80000, 0x0000000136d80000)
  object space 43520K, 1% used [0x000000010c300000,0x000000010c3b6000,0x000000010ed80000)
 PSPermGen       total 21504K, used 5782K [0x0000000107100000, 0x0000000108600000, 0x000000010c300000)
  object space 21504K, 26% used [0x0000000107100000,0x00000001076a5b00,0x0000000108600000)
}
Event: 1.488 GC heap before
{Heap before GC invocations=7 (full 0):
 PSYoungGen      total 70144K, used 70115K [0x0000000136d80000, 0x000000013b680000, 0x000000014c300000)
  eden space 67072K, 100% used [0x0000000136d80000,0x000000013af00000,0x000000013af00000)
  from space 3072K, 99% used [0x000000013b280000,0x000000013b578f48,0x000000013b580000)
  to   space 3584K, 0% used [0x000000013af00000,0x000000013af00000,0x000000013b280000)
 ParOldGen       total 43520K, used 728K [0x000000010c300000, 0x000000010ed80000, 0x0000000136d80000)
  object space 43520K, 1% used [0x000000010c300000,0x000000010c3b6000,0x000000010ed80000)
 PSPermGen       total 21504K, used 5783K [0x0000000107100000, 0x0000000108600000, 0x000000010c300000)
  object space 21504K, 26% used [0x0000000107100000,0x00000001076a5e50,0x0000000108600000)
Event: 1.496 GC heap after
Heap after GC invocations=7 (full 0):
 PSYoungGen      total 70656K, used 3541K [0x0000000136d80000, 0x000000013f880000, 0x000000014c300000)
  eden space 67072K, 0% used [0x0000000136d80000,0x0000000136d80000,0x000000013af00000)
  from space 3584K, 98% used [0x000000013af00000,0x000000013b2756a0,0x000000013b280000)
  to   space 4096K, 0% used [0x000000013f480000,0x000000013f480000,0x000000013f880000)
 ParOldGen       total 43520K, used 1756K [0x000000010c300000, 0x000000010ed80000, 0x0000000136d80000)
  object space 43520K, 4% used [0x000000010c300000,0x000000010c4b7190,0x000000010ed80000)
 PSPermGen       total 21504K, used 5783K [0x0000000107100000, 0x0000000108600000, 0x000000010c300000)
  object space 21504K, 26% used [0x0000000107100000,0x00000001076a5e50,0x0000000108600000)
}

Deoptimization events (7 events):
Event: 1.056 Thread 0x00007f904200e800 Uncommon trap: reason=unloaded action=reinterpret pc=0x0000000103fdf590 method=java.io.BufferedReader.readLine(Z)Ljava/lang/String; @ 268
Event: 1.097 Thread 0x00007f904200e800 Uncommon trap: reason=array_check action=maybe_recompile pc=0x0000000103fd9b98 method=java.util.AbstractCollection.toArray([Ljava/lang/Object;)[Ljava/lang/Object; @ 119
Event: 1.097 Thread 0x00007f904200e800 Uncommon trap: reason=array_check action=maybe_recompile pc=0x0000000103fd9b98 method=java.util.AbstractCollection.toArray([Ljava/lang/Object;)[Ljava/lang/Object; @ 119
Event: 1.098 Thread 0x00007f904200e800 Uncommon trap: reason=array_check action=maybe_recompile pc=0x0000000103fd9b98 method=java.util.AbstractCollection.toArray([Ljava/lang/Object;)[Ljava/lang/Object; @ 119
Event: 1.098 Thread 0x00007f904200e800 Uncommon trap: reason=array_check action=maybe_recompile pc=0x0000000103fd9b98 method=java.util.AbstractCollection.toArray([Ljava/lang/Object;)[Ljava/lang/Object; @ 119
Event: 1.530 Thread 0x00007f904200e800 Uncommon trap: reason=unreached action=reinterpret pc=0x0000000104000600 method=com.pixelaborate.platformer.OBJ_Parser.parseFile(Ljava/io/File;)Lcom/pixelaborate/platformer/Model; @ 221
Event: 1.551 Thread 0x00007f904200e800 Uncommon trap: reason=unloaded action=reinterpret pc=0x0000000103ff1a6c method=com.pixelaborate.platformer.Model.prepareVBOModel()V @ 286

Internal exceptions (10 events):
Event: 1.003 Thread 0x00007f904200e800 Threw 0x000000013737b870 at /HUDSON/workspace/7u-2-build-macosx-x86_64/jdk7u55/869/hotspot/src/share/vm/prims/jvm.cpp:1244
Event: 1.006 Thread 0x00007f904200e800 Threw 0x0000000137380a08 at /HUDSON/workspace/7u-2-build-macosx-x86_64/jdk7u55/869/hotspot/src/share/vm/prims/jvm.cpp:1244
Event: 1.007 Thread 0x00007f904200e800 Threw 0x0000000137386cf8 at /HUDSON/workspace/7u-2-build-macosx-x86_64/jdk7u55/869/hotspot/src/share/vm/prims/jvm.cpp:1244
Event: 1.007 Thread 0x00007f904200e800 Threw 0x0000000137389a60 at /HUDSON/workspace/7u-2-build-macosx-x86_64/jdk7u55/869/hotspot/src/share/vm/prims/jvm.cpp:1244
Event: 1.008 Thread 0x00007f904200e800 Threw 0x000000013738c930 at /HUDSON/workspace/7u-2-build-macosx-x86_64/jdk7u55/869/hotspot/src/share/vm/prims/jvm.cpp:1244
Event: 1.009 Thread 0x00007f904200e800 Threw 0x000000013738f7f0 at /HUDSON/workspace/7u-2-build-macosx-x86_64/jdk7u55/869/hotspot/src/share/vm/prims/jvm.cpp:1244
Event: 1.009 Thread 0x00007f904200e800 Threw 0x0000000137392588 at /HUDSON/workspace/7u-2-build-macosx-x86_64/jdk7u55/869/hotspot/src/share/vm/prims/jvm.cpp:1244
Event: 1.010 Thread 0x00007f904200e800 Threw 0x00000001373952c8 at /HUDSON/workspace/7u-2-build-macosx-x86_64/jdk7u55/869/hotspot/src/share/vm/prims/jvm.cpp:1244
Event: 1.025 Thread 0x00007f904200e800 Threw 0x00000001373f1920 at /HUDSON/workspace/7u-2-build-macosx-x86_64/jdk7u55/869/hotspot/src/share/vm/prims/jvm.cpp:1244
Event: 1.553 Thread 0x00007f904200e800 Threw 0x000000013943ae38 at /HUDSON/workspace/7u-2-build-macosx-x86_64/jdk7u55/869/hotspot/src/share/vm/prims/jvm.cpp:1244

Events (10 events):
Event: 1.488 Executing VM operation: ParallelGCFailedAllocation
Event: 1.496 Executing VM operation: ParallelGCFailedAllocation done
Event: 1.530 Thread 0x00007f904200e800 Uncommon trap: trap_request=0xffffffad fr.pc=0x0000000104000600
Event: 1.530 Thread 0x00007f904200e800 DEOPT PACKING pc=0x0000000104000600 sp=0x0000000103f536b0
Event: 1.530 Thread 0x00007f904200e800 DEOPT UNPACKING pc=0x0000000103f98045 sp=0x0000000103f536d0 mode 2
Event: 1.551 Thread 0x00007f904200e800 Uncommon trap: trap_request=0x000000a6 fr.pc=0x0000000103ff1a6c
Event: 1.551 Thread 0x00007f904200e800 DEOPT PACKING pc=0x0000000103ff1a6c sp=0x0000000103f53780
Event: 1.551 Thread 0x00007f904200e800 DEOPT UNPACKING pc=0x0000000103f98045 sp=0x0000000103f53750 mode 2
Event: 1.553 loading class 0x00007f9041e7ec70
Event: 1.553 loading class 0x00007f9041e7ec70 done


Dynamic libraries:
0x000000000c660000 	/System/Library/Frameworks/Cocoa.framework/Versions/A/Cocoa
0x000000000c660000 	/System/Library/Frameworks/Security.framework/Versions/A/Security
0x000000000c660000 	/System/Library/Frameworks/ApplicationServices.framework/Versions/A/ApplicationServices
0x000000000c660000 	/usr/lib/libz.1.dylib
0x000000000c660000 	/usr/lib/libSystem.B.dylib
0x000000000c660000 	/usr/lib/libobjc.A.dylib
0x000000000c660000 	/System/Library/Frameworks/CoreFoundation.framework/Versions/A/CoreFoundation
0x000000000c660000 	/System/Library/Frameworks/Foundation.framework/Versions/C/Foundation
0x000000000c660000 	/System/Library/Frameworks/AppKit.framework/Versions/C/AppKit
0x000000000c660000 	/System/Library/Frameworks/CoreData.framework/Versions/A/CoreData
0x000000000c660000 	/System/Library/PrivateFrameworks/RemoteViewServices.framework/Versions/A/RemoteViewServices
0x000000000c660000 	/System/Library/Frameworks/AudioToolbox.framework/Versions/A/AudioToolbox
0x000000000c660000 	/System/Library/Frameworks/AudioUnit.framework/Versions/A/AudioUnit
0x000000000c660000 	/System/Library/PrivateFrameworks/DataDetectorsCore.framework/Versions/A/DataDetectorsCore
0x000000000c660000 	/System/Library/PrivateFrameworks/DesktopServicesPriv.framework/Versions/A/DesktopServicesPriv
0x000000000c660000 	/System/Library/Frameworks/Carbon.framework/Versions/A/Frameworks/HIToolbox.framework/Versions/A/HIToolbox
0x000000000c660000 	/System/Library/Frameworks/QuartzCore.framework/Versions/A/QuartzCore
0x000000000c660000 	/System/Library/Frameworks/Carbon.framework/Versions/A/Frameworks/SpeechRecognition.framework/Versions/A/SpeechRecognition
0x000000000c660000 	/usr/lib/libauto.dylib
0x000000000c660000 	/usr/lib/libicucore.A.dylib
0x000000000c660000 	/usr/lib/libxml2.2.dylib
0x000000000c660000 	/System/Library/PrivateFrameworks/CoreUI.framework/Versions/A/CoreUI
0x000000000c660000 	/System/Library/Frameworks/CoreAudio.framework/Versions/A/CoreAudio
0x000000000c660000 	/System/Library/Frameworks/DiskArbitration.framework/Versions/A/DiskArbitration
0x000000000c660000 	/usr/lib/liblangid.dylib
0x000000000c660000 	/System/Library/PrivateFrameworks/MultitouchSupport.framework/Versions/A/MultitouchSupport
0x000000000c660000 	/System/Library/Frameworks/IOKit.framework/Versions/A/IOKit
0x000000000c660000 	/usr/lib/libDiagnosticMessagesClient.dylib
0x000000000c660000 	/System/Library/Frameworks/CoreServices.framework/Versions/A/CoreServices
0x000000000c660000 	/System/Library/PrivateFrameworks/PerformanceAnalysis.framework/Versions/A/PerformanceAnalysis
0x000000000c660000 	/System/Library/PrivateFrameworks/GenerationalStorage.framework/Versions/A/GenerationalStorage
0x000000000c660000 	/System/Library/Frameworks/OpenGL.framework/Versions/A/OpenGL
0x000000000c660000 	/System/Library/PrivateFrameworks/Sharing.framework/Versions/A/Sharing
0x000000000c660000 	/System/Library/Frameworks/ImageIO.framework/Versions/A/ImageIO
0x000000000c660000 	/System/Library/Frameworks/CoreText.framework/Versions/A/CoreText
0x000000000c660000 	/System/Library/Frameworks/CoreGraphics.framework/Versions/A/CoreGraphics
0x000000000c660000 	/System/Library/PrivateFrameworks/Backup.framework/Versions/A/Backup
0x000000000c660000 	/System/Library/Frameworks/CFNetwork.framework/Versions/A/CFNetwork
0x000000000c660000 	/System/Library/Frameworks/SystemConfiguration.framework/Versions/A/SystemConfiguration
0x000000000c660000 	/usr/lib/libCRFSuite.dylib
0x000000000c660000 	/usr/lib/libc++.1.dylib
0x000000000c660000 	/usr/lib/libc++abi.dylib
0x000000000c660000 	/usr/lib/system/libcache.dylib
0x000000000c660000 	/usr/lib/system/libcommonCrypto.dylib
0x000000000c660000 	/usr/lib/system/libcompiler_rt.dylib
0x000000000c660000 	/usr/lib/system/libcopyfile.dylib
0x000000000c660000 	/usr/lib/system/libcorecrypto.dylib
0x000000000c660000 	/usr/lib/system/libdispatch.dylib
0x000000000c660000 	/usr/lib/system/libdyld.dylib
0x000000000c660000 	/usr/lib/system/libkeymgr.dylib
0x000000000c660000 	/usr/lib/system/liblaunch.dylib
0x000000000c660000 	/usr/lib/system/libmacho.dylib
0x000000000c660000 	/usr/lib/system/libquarantine.dylib
0x000000000c660000 	/usr/lib/system/libremovefile.dylib
0x000000000c660000 	/usr/lib/system/libsystem_asl.dylib
0x000000000c660000 	/usr/lib/system/libsystem_blocks.dylib
0x000000000c660000 	/usr/lib/system/libsystem_c.dylib
0x000000000c660000 	/usr/lib/system/libsystem_configuration.dylib
0x000000000c660000 	/usr/lib/system/libsystem_dnssd.dylib
0x000000000c660000 	/usr/lib/system/libsystem_info.dylib
0x000000000c660000 	/usr/lib/system/libsystem_kernel.dylib
0x000000000c660000 	/usr/lib/system/libsystem_m.dylib
0x000000000c660000 	/usr/lib/system/libsystem_malloc.dylib
0x000000000c660000 	/usr/lib/system/libsystem_network.dylib
0x000000000c660000 	/usr/lib/system/libsystem_notify.dylib
0x000000000c660000 	/usr/lib/system/libsystem_platform.dylib
0x000000000c660000 	/usr/lib/system/libsystem_pthread.dylib
0x000000000c660000 	/usr/lib/system/libsystem_sandbox.dylib
0x000000000c660000 	/usr/lib/system/libsystem_stats.dylib
0x000000000c660000 	/usr/lib/system/libunc.dylib
0x000000000c660000 	/usr/lib/system/libunwind.dylib
0x000000000c660000 	/usr/lib/system/libxpc.dylib
0x000000000c660000 	/usr/lib/libbsm.0.dylib
0x000000000c660000 	/usr/lib/libsqlite3.dylib
0x000000000c660000 	/usr/lib/libxar.1.dylib
0x000000000c660000 	/usr/lib/libpam.2.dylib
0x000000000c660000 	/usr/lib/libOpenScriptingUtil.dylib
0x000000000c660000 	/usr/lib/libbz2.1.0.dylib
0x000000000c660000 	/System/Library/Frameworks/CoreServices.framework/Versions/A/Frameworks/CarbonCore.framework/Versions/A/CarbonCore
0x000000000c660000 	/System/Library/Frameworks/CoreServices.framework/Versions/A/Frameworks/Metadata.framework/Versions/A/Metadata
0x000000000c660000 	/System/Library/Frameworks/CoreServices.framework/Versions/A/Frameworks/OSServices.framework/Versions/A/OSServices
0x000000000c660000 	/System/Library/Frameworks/CoreServices.framework/Versions/A/Frameworks/SearchKit.framework/Versions/A/SearchKit
0x000000000c660000 	/System/Library/Frameworks/CoreServices.framework/Versions/A/Frameworks/AE.framework/Versions/A/AE
0x000000000c660000 	/System/Library/Frameworks/CoreServices.framework/Versions/A/Frameworks/LaunchServices.framework/Versions/A/LaunchServices
0x000000000c660000 	/System/Library/Frameworks/CoreServices.framework/Versions/A/Frameworks/DictionaryServices.framework/Versions/A/DictionaryServices
0x000000000c660000 	/System/Library/Frameworks/NetFS.framework/Versions/A/NetFS
0x000000000c660000 	/usr/lib/system/libkxld.dylib
0x000000000c660000 	/System/Library/PrivateFrameworks/NetAuth.framework/Versions/A/NetAuth
0x000000000c660000 	/System/Library/PrivateFrameworks/TCC.framework/Versions/A/TCC
0x000000000c660000 	/System/Library/Frameworks/OpenDirectory.framework/Versions/A/Frameworks/CFOpenDirectory.framework/Versions/A/CFOpenDirectory
0x000000000c660000 	/System/Library/Frameworks/ServiceManagement.framework/Versions/A/ServiceManagement
0x000000000c660000 	/usr/lib/libxslt.1.dylib
0x000000000c660000 	/System/Library/Frameworks/Carbon.framework/Versions/A/Frameworks/Ink.framework/Versions/A/Ink
0x000000000c660000 	/System/Library/Frameworks/ApplicationServices.framework/Versions/A/Frameworks/ATS.framework/Versions/A/ATS
0x000000000c660000 	/System/Library/Frameworks/ApplicationServices.framework/Versions/A/Frameworks/ColorSync.framework/Versions/A/ColorSync
0x000000000c660000 	/System/Library/Frameworks/ApplicationServices.framework/Versions/A/Frameworks/HIServices.framework/Versions/A/HIServices
0x000000000c660000 	/System/Library/Frameworks/ApplicationServices.framework/Versions/A/Frameworks/LangAnalysis.framework/Versions/A/LangAnalysis
0x000000000c660000 	/System/Library/Frameworks/ApplicationServices.framework/Versions/A/Frameworks/PrintCore.framework/Versions/A/PrintCore
0x000000000c660000 	/System/Library/Frameworks/ApplicationServices.framework/Versions/A/Frameworks/QD.framework/Versions/A/QD
0x000000000c660000 	/System/Library/Frameworks/ApplicationServices.framework/Versions/A/Frameworks/SpeechSynthesis.framework/Versions/A/SpeechSynthesis
0x000000000c660000 	/System/Library/Frameworks/IOSurface.framework/Versions/A/IOSurface
0x000000000c660000 	/System/Library/Frameworks/Accelerate.framework/Versions/A/Accelerate
0x000000000c660000 	/System/Library/Frameworks/Accelerate.framework/Versions/A/Frameworks/vImage.framework/Versions/A/vImage
0x000000000c660000 	/System/Library/Frameworks/Accelerate.framework/Versions/A/Frameworks/vecLib.framework/Versions/A/vecLib
0x000000000c660000 	/System/Library/Frameworks/Accelerate.framework/Versions/A/Frameworks/vecLib.framework/Versions/A/libvDSP.dylib
0x000000000c660000 	/System/Library/Frameworks/Accelerate.framework/Versions/A/Frameworks/vecLib.framework/Versions/A/libvMisc.dylib
0x000000000c660000 	/System/Library/Frameworks/Accelerate.framework/Versions/A/Frameworks/vecLib.framework/Versions/A/libLAPACK.dylib
0x000000000c660000 	/System/Library/Frameworks/Accelerate.framework/Versions/A/Frameworks/vecLib.framework/Versions/A/libBLAS.dylib
0x000000000c660000 	/System/Library/Frameworks/ApplicationServices.framework/Versions/A/Frameworks/ATS.framework/Versions/A/Resources/libFontParser.dylib
0x000000000c660000 	/System/Library/Frameworks/ApplicationServices.framework/Versions/A/Frameworks/ATS.framework/Versions/A/Resources/libFontRegistry.dylib
0x000000000c660000 	/System/Library/Frameworks/ImageIO.framework/Versions/A/Resources/libJPEG.dylib
0x000000000c660000 	/System/Library/Frameworks/ImageIO.framework/Versions/A/Resources/libTIFF.dylib
0x000000000c660000 	/System/Library/Frameworks/ImageIO.framework/Versions/A/Resources/libPng.dylib
0x000000000c660000 	/System/Library/Frameworks/ImageIO.framework/Versions/A/Resources/libGIF.dylib
0x000000000c660000 	/System/Library/Frameworks/ImageIO.framework/Versions/A/Resources/libJP2.dylib
0x000000000c660000 	/System/Library/Frameworks/ImageIO.framework/Versions/A/Resources/libRadiance.dylib
0x000000000c660000 	/usr/lib/libcups.2.dylib
0x000000000c660000 	/System/Library/Frameworks/Kerberos.framework/Versions/A/Kerberos
0x000000000c660000 	/System/Library/Frameworks/GSS.framework/Versions/A/GSS
0x000000000c660000 	/usr/lib/libresolv.9.dylib
0x000000000c660000 	/usr/lib/libiconv.2.dylib
0x000000000c660000 	/System/Library/PrivateFrameworks/Heimdal.framework/Versions/A/Heimdal
0x000000000c660000 	/System/Library/PrivateFrameworks/TrustEvaluationAgent.framework/Versions/A/TrustEvaluationAgent
0x000000000c660000 	/usr/lib/libheimdal-asn1.dylib
0x000000000c660000 	/System/Library/Frameworks/OpenDirectory.framework/Versions/A/OpenDirectory
0x000000000c660000 	/System/Library/PrivateFrameworks/CommonAuth.framework/Versions/A/CommonAuth
0x000000000c660000 	/System/Library/Frameworks/SecurityFoundation.framework/Versions/A/SecurityFoundation
0x000000000c660000 	/System/Library/PrivateFrameworks/Bom.framework/Versions/A/Bom
0x000000000c660000 	/System/Library/Frameworks/CoreVideo.framework/Versions/A/CoreVideo
0x000000000c660000 	/System/Library/Frameworks/QuartzCore.framework/Versions/A/Frameworks/CoreImage.framework/Versions/A/CoreImage
0x000000000c660000 	/System/Library/Frameworks/QuartzCore.framework/Versions/A/Frameworks/ScalableUserInterface.framework/Versions/A/ScalableUserInterface
0x000000000c660000 	/System/Library/Frameworks/OpenGL.framework/Versions/A/Libraries/libGLU.dylib
0x000000000c660000 	/System/Library/Frameworks/OpenGL.framework/Versions/A/Libraries/libGFXShared.dylib
0x000000000c660000 	/System/Library/Frameworks/OpenGL.framework/Versions/A/Libraries/libGL.dylib
0x000000000c660000 	/System/Library/Frameworks/OpenGL.framework/Versions/A/Libraries/libGLImage.dylib
0x000000000c660000 	/System/Library/Frameworks/OpenGL.framework/Versions/A/Libraries/libCVMSPluginSupport.dylib
0x000000000c660000 	/System/Library/Frameworks/OpenGL.framework/Versions/A/Libraries/libCoreVMClient.dylib
0x000000000c660000 	/System/Library/PrivateFrameworks/FaceCore.framework/Versions/A/FaceCore
0x000000000c660000 	/System/Library/PrivateFrameworks/CrashReporterSupport.framework/Versions/A/CrashReporterSupport
0x000000000c660000 	/System/Library/Frameworks/OpenCL.framework/Versions/A/OpenCL
0x000000000c660000 	/System/Library/PrivateFrameworks/AppleFSCompression.framework/Versions/A/AppleFSCompression
0x000000000c660000 	/System/Library/PrivateFrameworks/Ubiquity.framework/Versions/A/Ubiquity
0x000000000c660000 	/System/Library/PrivateFrameworks/IconServices.framework/Versions/A/IconServices
0x000000000c660000 	/System/Library/PrivateFrameworks/ChunkingLibrary.framework/Versions/A/ChunkingLibrary
0x000000000c660000 	/System/Library/PrivateFrameworks/CoreSymbolication.framework/Versions/A/CoreSymbolication
0x000000000c660000 	/System/Library/PrivateFrameworks/Symbolication.framework/Versions/A/Symbolication
0x000000000c660000 	/System/Library/PrivateFrameworks/DebugSymbols.framework/Versions/A/DebugSymbols
0x0000000103400000 	/Library/Java/JavaVirtualMachines/jdk1.7.0_55.jdk/Contents/Home/jre/lib/server/libjvm.dylib
0x000000000c660000 	/usr/lib/libstdc++.6.dylib
0x0000000102bb9000 	/Library/Java/JavaVirtualMachines/jdk1.7.0_55.jdk/Contents/Home/jre/lib/libverify.dylib
0x0000000102bc6000 	/Library/Java/JavaVirtualMachines/jdk1.7.0_55.jdk/Contents/Home/jre/lib/libjava.dylib
0x0000000103f56000 	/Library/Java/JavaVirtualMachines/jdk1.7.0_55.jdk/Contents/Home/jre/lib/libzip.dylib
0x00000001504e5000 	/System/Library/Frameworks/JavaVM.framework/Frameworks/JavaRuntimeSupport.framework/JavaRuntimeSupport
0x00000001504fd000 	/System/Library/Frameworks/JavaVM.framework/Versions/A/Frameworks/JavaNativeFoundation.framework/Versions/A/JavaNativeFoundation
0x0000000150511000 	/System/Library/Frameworks/JavaVM.framework/Versions/A/JavaVM
0x000000000c660000 	/System/Library/Frameworks/Carbon.framework/Versions/A/Carbon
0x000000015051d000 	/System/Library/PrivateFrameworks/JavaLaunching.framework/Versions/A/JavaLaunching
0x000000000c660000 	/System/Library/Frameworks/Carbon.framework/Versions/A/Frameworks/CommonPanels.framework/Versions/A/CommonPanels
0x000000000c660000 	/System/Library/Frameworks/Carbon.framework/Versions/A/Frameworks/Help.framework/Versions/A/Help
0x000000000c660000 	/System/Library/Frameworks/Carbon.framework/Versions/A/Frameworks/ImageCapture.framework/Versions/A/ImageCapture
0x000000000c660000 	/System/Library/Frameworks/Carbon.framework/Versions/A/Frameworks/OpenScripting.framework/Versions/A/OpenScripting
0x000000000c660000 	/System/Library/Frameworks/Carbon.framework/Versions/A/Frameworks/Print.framework/Versions/A/Print
0x000000000c660000 	/System/Library/Frameworks/Carbon.framework/Versions/A/Frameworks/SecurityHI.framework/Versions/A/SecurityHI
0x0000000150b5d000 	/Library/Java/JavaVirtualMachines/jdk1.7.0_55.jdk/Contents/Home/jre/lib/libawt.dylib
0x0000000150c0c000 	/Library/Java/JavaVirtualMachines/jdk1.7.0_55.jdk/Contents/Home/jre/lib/./libmlib_image.dylib
0x0000000150cd8000 	/Library/Java/JavaVirtualMachines/jdk1.7.0_55.jdk/Contents/Home/jre/lib/lwawt/liblwawt.dylib
0x0000000150d8c000 	/Library/Java/JavaVirtualMachines/jdk1.7.0_55.jdk/Contents/Home/jre/lib/libosxapp.dylib
0x000000000c660000 	/System/Library/Frameworks/ExceptionHandling.framework/Versions/A/ExceptionHandling
0x000000000c660000 	/System/Library/PrivateFrameworks/CoreServicesInternal.framework/Versions/A/CoreServicesInternal
0x000000000c660000 	/System/Library/PrivateFrameworks/Librarian.framework/Versions/A/Librarian
0x000000000c660000 	/System/Library/Frameworks/CoreGraphics.framework/Versions/A/Resources/libCGCMS.A.dylib
0x000000000c660000 	/System/Library/Frameworks/CoreGraphics.framework/Versions/A/Resources/libRIP.A.dylib
0x000000000c660000 	/System/Library/Frameworks/CoreGraphics.framework/Versions/A/Resources/libCGXType.A.dylib
0x000000000c660000 	/System/Library/PrivateFrameworks/FamilyControls.framework/Versions/A/FamilyControls
0x000000000c660000 	/System/Library/PrivateFrameworks/CommerceKit.framework/Versions/A/Frameworks/CommerceCore.framework/Versions/A/CommerceCore
0x000000000c660000 	/System/Library/PrivateFrameworks/SystemAdministration.framework/Versions/A/SystemAdministration
0x000000000c660000 	/System/Library/Frameworks/DirectoryService.framework/Versions/A/DirectoryService
0x000000000c660000 	/System/Library/PrivateFrameworks/DiskImages.framework/Versions/A/DiskImages
0x000000000c660000 	/System/Library/PrivateFrameworks/LoginUIKit.framework/Versions/A/Frameworks/LoginUICore.framework/Versions/A/LoginUICore
0x000000000c660000 	/usr/lib/libCoreStorage.dylib
0x000000000c660000 	/usr/lib/libcsfde.dylib
0x000000000c660000 	/usr/lib/libodfde.dylib
0x000000000c660000 	/System/Library/Frameworks/DiscRecording.framework/Versions/A/DiscRecording
0x000000000c660000 	/usr/lib/libcurl.4.dylib
0x000000000c660000 	/System/Library/PrivateFrameworks/MediaKit.framework/Versions/A/MediaKit
0x000000000c660000 	/System/Library/PrivateFrameworks/EFILogin.framework/Versions/A/EFILogin
0x000000000c660000 	/usr/lib/libutil.dylib
0x000000000c660000 	/System/Library/PrivateFrameworks/AOSNotification.framework/Versions/A/AOSNotification
0x000000000c660000 	/System/Library/Frameworks/LDAP.framework/Versions/A/LDAP
0x000000000c660000 	/usr/lib/libsasl2.2.dylib
0x000000000c660000 	/usr/lib/libcrypto.0.9.8.dylib
0x000000000c660000 	/usr/lib/libssl.0.9.8.dylib
0x0000000154de4000 	/Library/Java/JavaVirtualMachines/jdk1.7.0_55.jdk/Contents/Home/jre/lib/libfontmanager.dylib
0x0000000154e4b000 	/Users/s010727/Documents/workspace/Platformer/lib/natives/liblwjgl.dylib
0x000000015348d000 	/Library/Java/JavaVirtualMachines/jdk1.7.0_55.jdk/Contents/Home/jre/lib/libjawt.dylib
0x000000000c660000 	/System/Library/Frameworks/OpenGL.framework/Versions/A/Resources/GLEngine.bundle/GLEngine
0x000000000c660000 	/System/Library/Frameworks/OpenGL.framework/Versions/A/Libraries/libGLProgrammability.dylib
0x0000000000000000 	/System/Library/Extensions/AppleIntelHD5000GraphicsGLDriver.bundle/Contents/MacOS/AppleIntelHD5000GraphicsGLDriver
0x000000000c660000 	/System/Library/PrivateFrameworks/IOAccelerator.framework/Versions/A/IOAccelerator
0x000000000c660000 	/System/Library/PrivateFrameworks/GPUSupport.framework/Versions/A/Libraries/libGPUSupportMercury.dylib
0x000000000c660000 	/System/Library/Frameworks/OpenGL.framework/Versions/A/Resources/GLRendererFloat.bundle/GLRendererFloat
0x000000000c660000 	/System/Library/Frameworks/OpenCL.framework/Versions/A/Libraries/libcldcpuengine.dylib
0x0000000155861000 	/Library/Java/JavaVirtualMachines/jdk1.7.0_55.jdk/Contents/Home/jre/lib/libnio.dylib
0x0000000155870000 	/Library/Java/JavaVirtualMachines/jdk1.7.0_55.jdk/Contents/Home/jre/lib/./libnet.dylib

VM Arguments:
jvm_args: -Djava.library.path=/Users/s010727/Documents/workspace/Platformer/lib/natives:/Users/s010727/Documents/workspace/Platformer/lib/natives:/Users/s010727/Documents/workspace/Platformer/lib/natives:/Users/s010727/Documents/workspace/Platformer/lib/natives -Dfile.encoding=US-ASCII 
java_command: com.pixelaborate.platformer.Main
Launcher Type: SUN_STANDARD

Environment Variables:
PATH=/usr/bin:/bin:/usr/sbin:/sbin
SHELL=/bin/bash

Signal Handlers:
SIGSEGV: [libjvm.dylib+0x5253e5], sa_mask[0]=0xfffefeff, sa_flags=0x00000043
SIGBUS: [libjvm.dylib+0x5253e5], sa_mask[0]=0xfffefeff, sa_flags=0x00000042
SIGFPE: [libjvm.dylib+0x4188a2], sa_mask[0]=0xfffefeff, sa_flags=0x00000042
SIGPIPE: [libjvm.dylib+0x4188a2], sa_mask[0]=0xfffefeff, sa_flags=0x00000042
SIGXFSZ: [libjvm.dylib+0x4188a2], sa_mask[0]=0xfffefeff, sa_flags=0x00000042
SIGILL: [libjvm.dylib+0x4188a2], sa_mask[0]=0xfffefeff, sa_flags=0x00000042
SIGUSR1: SIG_DFL, sa_mask[0]=0x00000000, sa_flags=0x00000002
SIGUSR2: [libjvm.dylib+0x418394], sa_mask[0]=0x00000004, sa_flags=0x00000042
SIGHUP: [libjvm.dylib+0x416623], sa_mask[0]=0xfffefeff, sa_flags=0x00000042
SIGINT: [libjvm.dylib+0x416623], sa_mask[0]=0xfffefeff, sa_flags=0x00000042
SIGTERM: [libjvm.dylib+0x416623], sa_mask[0]=0xfffefeff, sa_flags=0x00000042
SIGQUIT: [libjvm.dylib+0x416623], sa_mask[0]=0xfffefeff, sa_flags=0x00000042


---------------  S Y S T E M  ---------------

OS:Bsduname:Darwin 13.3.0 Darwin Kernel Version 13.3.0: Tue Jun  3 21:27:35 PDT 2014; root:xnu-2422.110.17~1/RELEASE_X86_64 x86_64
rlimit: STACK 8192k, CORE 0k, NPROC 709, NOFILE 10240, AS infinity
load average:3.87 1.92 1.64

CPU:total 4 (2 cores per cpu, 2 threads per core) family 6 model 69 stepping 1, cmov, cx8, fxsr, mmx, sse, sse2, sse3, ssse3, sse4.1, sse4.2, popcnt, avx, avx2, aes, erms, ht, tsc, tscinvbit

Memory: 4k page, physical 4194304k(1048576k free)

/proc/meminfo:


vm_info: Java HotSpot(TM) 64-Bit Server VM (24.55-b03) for bsd-amd64 JRE (1.7.0_55-b13), built on Mar 17 2014 19:40:08 by "java_re" with gcc 4.2.1 (Based on Apple Inc. build 5658) (LLVM build 2336.11.00)

time: Fri May  8 13:15:21 2015
elapsed time: 1 seconds

