#
# A fatal error has been detected by the Java Runtime Environment:
#
#  SIGSEGV (0xb) at pc=0x00007fff97a381e3, pid=65006, tid=6403
#
# JRE version: Java(TM) SE Runtime Environment (7.0_55-b13) (build 1.7.0_55-b13)
# Java VM: Java HotSpot(TM) 64-Bit Server VM (24.55-b03 mixed mode bsd-amd64 compressed oops)
# Problematic frame:
# C  [GLEngine+0x1401e3]  gleRunVertexSubmitImmediate+0x27e3
#
# Failed to write core dump. Core dumps have been disabled. To enable core dumping, try "ulimit -c unlimited" before starting Java again
#
# If you would like to submit a bug report, please visit:
#   http://bugreport.sun.com/bugreport/crash.jsp
# The crash happened outside the Java Virtual Machine in native code.
# See problematic frame for where to report the bug.
#

---------------  T H R E A D  ---------------

Current thread (0x00007fbac4000000):  JavaThread "main" [_thread_in_native, id=6403, stack(0x0000000101c54000,0x0000000101d54000)]

siginfo:si_signo=SIGSEGV: si_errno=0, si_code=1 (SEGV_MAPERR), si_addr=0x0000000000000000

Registers:
RAX=0x00007fff97a37eaf, RBX=0x0000000000000006, RCX=0x0000000000000000, RDX=0x00007fff97a386b8
RSP=0x0000000101d53400, RBP=0x0000000101d53650, RSI=0x0000000000000006, RDI=0x0000000000000027
R8 =0x0000000001809804, R9 =0x00007fbac6000000, R10=0x00007fbac2d468f0, R11=0xc08376d3402b4da1
R12=0x0000000000000004, R13=0x0000000001809804, R14=0xc08376d3402b4da1, R15=0x000000004165b0c9
RIP=0x00007fff97a381e3, EFLAGS=0x0000000000010206, ERR=0x0000000000000004
  TRAPNO=0x000000000000000e

Top of Stack: (sp=0x0000000101d53400)
0x0000000101d53400:   0000000094a74d46 0000000020000000
0x0000000101d53410:   00007fbac406b830 00007fbac2e2cb80
0x0000000101d53420:   007e7f003ffff3e7 00007fbac4071e48
0x0000000101d53430:   0000000101d535d0 00001234003aecff
0x0000000101d53440:   00007fbac3176a00 00007fbac581dc68
0x0000000101d53450:   0000000101d534d0 00007fff959c56d8
0x0000000101d53460:   00007fbac2d00f68 0000000101d53520
0x0000000101d53470:   00000007c00de7a0 00000007ef257110
0x0000000101d53480:   0000000101d534b0 00000001014dd666
0x0000000101d53490:   0100ffff00000000 00007fbac4074b30
0x0000000101d534a0:   0f30000a00108031 0000000000000000
0x0000000101d534b0:   00007fbac406aa00 0000000000000000
0x0000000101d534c0:   0000000000000000 007e7f003ffff3e7
0x0000000101d534d0:   00007fbac6000150 00007fbac6000180
0x0000000101d534e0:   00007fbac6000160 00007fbac6000190
0x0000000101d534f0:   00007fbac6000170 00007fbac60001b0
0x0000000101d53500:   0000000000000000 0000000000000000
0x0000000101d53510:   fffffffe00000002 000000010d965100
0x0000000101d53520:   0000000000003013 0000000000000002
0x0000000101d53530:   ffffffff00000000 0000000000000002
0x0000000101d53540:   00007fbac60001a0 0000000000000006
0x0000000101d53550:   0000000000000000 00007fbac6000000
0x0000000101d53560:   0000003400000000 0000000001809804
0x0000000101d53570:   0000000006026010 0000000000000000
0x0000000101d53580:   0000000101d535fc 00007fbac2d46874
0x0000000101d53590:   00000000001b63a8 0000010000000020
0x0000000101d535a0:   0000000000000000 0000000000000000
0x0000000101d535b0:   0000000000000000 0000000000000000
0x0000000101d535c0:   0000000000014f0a 0000000000000000
0x0000000101d535d0:   00007fbac2d46858 0000000000000000
0x0000000101d535e0:   0000000000000000 000000010e40f060
0x0000000101d535f0:   000000010e44ede0 0000000000000000 

Instructions: (pc=0x00007fff97a381e3)
0x00007fff97a381c3:   10 da 0f 14 c1 0f 16 c3 66 49 0f 7e c6 66 0f 6d
0x00007fff97a381d3:   c0 66 49 0f 7e c7 bb 05 00 00 00 e9 bd 02 00 00
0x00007fff97a381e3:   4c 8b 31 4c 8b 79 08 e9 2c f9 ff ff f3 0f 10 49
0x00007fff97a381f3:   08 f2 0f 10 01 66 0f 14 c1 66 49 0f 7e c6 66 0f 

Register to memory mapping:

RAX=0x00007fff97a37eaf: gleRunVertexSubmitImmediate+0x24af in /System/Library/Frameworks/OpenGL.framework/Versions/A/Resources/GLEngine.bundle/GLEngine at 0x00007fff978f8000
RBX=0x0000000000000006 is an unknown value
RCX=0x0000000000000000 is an unknown value
RDX=0x00007fff97a386b8: gleRunVertexSubmitImmediate+0x2cb8 in /System/Library/Frameworks/OpenGL.framework/Versions/A/Resources/GLEngine.bundle/GLEngine at 0x00007fff978f8000
RSP=0x0000000101d53400 is pointing into the stack for thread: 0x00007fbac4000000
RBP=0x0000000101d53650 is pointing into the stack for thread: 0x00007fbac4000000
RSI=0x0000000000000006 is an unknown value
RDI=0x0000000000000027 is an unknown value
R8 =0x0000000001809804 is an unknown value
R9 =0x00007fbac6000000 is an unknown value
R10=0x00007fbac2d468f0 is an unknown value
R11=0xc08376d3402b4da1 is an unknown value
R12=0x0000000000000004 is an unknown value
R13=0x0000000001809804 is an unknown value
R14=0xc08376d3402b4da1 is an unknown value
R15=0x000000004165b0c9 is an unknown value


Stack: [0x0000000101c54000,0x0000000101d54000],  sp=0x0000000101d53400,  free space=1021k
Native frames: (J=compiled Java code, j=interpreted, Vv=VM code, C=native code)
C  [GLEngine+0x1401e3]  gleRunVertexSubmitImmediate+0x27e3
C  [GLEngine+0x1fdfe]  glDrawArrays_Exec+0x272
j  org.lwjgl.opengl.GL11.nglDrawArrays(IIIJ)V+0
j  org.lwjgl.opengl.GL11.glDrawArrays(III)V+20
j  com.pixelaborate.platformer.Model.renderVBOModel()V+37
j  com.pixelaborate.platformer.Model.render()V+10
j  com.pixelaborate.platformer.Entity.render()V+12
j  com.pixelaborate.platformer.PlayingState.render()V+10
j  com.pixelaborate.platformer.Game.run()V+116
j  com.pixelaborate.platformer.Main.main([Ljava/lang/String;)V+9
v  ~StubRoutines::call_stub
V  [libjvm.dylib+0x2d6a90]  JavaCalls::call_helper(JavaValue*, methodHandle*, JavaCallArguments*, Thread*)+0x22a
V  [libjvm.dylib+0x2d6860]  JavaCalls::call(JavaValue*, methodHandle, JavaCallArguments*, Thread*)+0x28
V  [libjvm.dylib+0x30a004]  jni_invoke_static(JNIEnv_*, JavaValue*, _jobject*, JNICallType, _jmethodID*, JNI_ArgumentPusher*, Thread*)+0xe6
V  [libjvm.dylib+0x30319f]  jni_CallStaticVoidMethod+0x10b
C  [java+0x30fe]  JavaMain+0x91d
C  [libsystem_pthread.dylib+0x1899]  _pthread_body+0x8a
C  [libsystem_pthread.dylib+0x172a]  _pthread_struct_init+0x0
C  [libsystem_pthread.dylib+0x5fc9]  thread_start+0xd

Java frames: (J=compiled Java code, j=interpreted, Vv=VM code)
j  org.lwjgl.opengl.GL11.nglDrawArrays(IIIJ)V+0
j  org.lwjgl.opengl.GL11.glDrawArrays(III)V+20
j  com.pixelaborate.platformer.Model.renderVBOModel()V+37
j  com.pixelaborate.platformer.Model.render()V+10
j  com.pixelaborate.platformer.Entity.render()V+12
j  com.pixelaborate.platformer.PlayingState.render()V+10
j  com.pixelaborate.platformer.Game.run()V+116
j  com.pixelaborate.platformer.Main.main([Ljava/lang/String;)V+9
v  ~StubRoutines::call_stub

---------------  P R O C E S S  ---------------

Java Threads: ( => current thread )
  0x00007fbac383c800 JavaThread "AWT-Shutdown" [_thread_blocked, id=28171, stack(0x000000010aff7000,0x000000010b0f7000)]
  0x00007fbac383c000 JavaThread "AppKit Thread" daemon [_thread_in_native, id=3335, stack(0x00007fff5f351000,0x00007fff5f3d1000)]
  0x00007fbac4817800 JavaThread "Service Thread" daemon [_thread_blocked, id=19203, stack(0x0000000109446000,0x0000000109546000)]
  0x00007fbac4817000 JavaThread "C2 CompilerThread1" daemon [_thread_blocked, id=18691, stack(0x0000000109343000,0x0000000109443000)]
  0x00007fbac4815800 JavaThread "C2 CompilerThread0" daemon [_thread_blocked, id=18179, stack(0x0000000109240000,0x0000000109340000)]
  0x00007fbac4814800 JavaThread "Signal Dispatcher" daemon [_thread_blocked, id=17667, stack(0x000000010913d000,0x000000010923d000)]
  0x00007fbac3810800 JavaThread "Finalizer" daemon [_thread_blocked, id=12547, stack(0x0000000108ef1000,0x0000000108ff1000)]
  0x00007fbac380e000 JavaThread "Reference Handler" daemon [_thread_blocked, id=12035, stack(0x0000000108dee000,0x0000000108eee000)]
=>0x00007fbac4000000 JavaThread "main" [_thread_in_native, id=6403, stack(0x0000000101c54000,0x0000000101d54000)]

Other Threads:
  0x00007fbac380d000 VMThread [stack: 0x0000000108ceb000,0x0000000108deb000] [id=11523]
  0x00007fbac4828800 WatcherThread [stack: 0x0000000109549000,0x0000000109649000] [id=19715]

VM state:not at safepoint (normal execution)

VM Mutex/Monitor currently owned by a thread: None

Heap
 PSYoungGen      total 138752K, used 81418K [0x00000007eaa80000, 0x00000007f3a80000, 0x0000000800000000)
  eden space 133120K, 56% used [0x00000007eaa80000,0x00000007ef488a30,0x00000007f2c80000)
  from space 5632K, 99% used [0x00000007f3300000,0x00000007f387a010,0x00000007f3880000)
  to   space 6656K, 0% used [0x00000007f2c80000,0x00000007f2c80000,0x00000007f3300000)
 ParOldGen       total 43520K, used 2628K [0x00000007c0000000, 0x00000007c2a80000, 0x00000007eaa80000)
  object space 43520K, 6% used [0x00000007c0000000,0x00000007c0291190,0x00000007c2a80000)
 PSPermGen       total 21504K, used 5832K [0x00000007bae00000, 0x00000007bc300000, 0x00000007c0000000)
  object space 21504K, 27% used [0x00000007bae00000,0x00000007bb3b23a0,0x00000007bc300000)

Card table byte_map: [0x0000000104e16000,0x0000000105040000] byte_map_base: 0x000000010103f000

Polling page: 0x0000000100980000

Code Cache  [0x0000000101d56000, 0x0000000101fc6000, 0x0000000104d56000)
 total_blobs=434 nmethods=112 adapters=277 free_code_cache=48479Kb largest_free_block=49614080

Compilation events (10 events):
Event: 2.840 Thread 0x00007fbac4817000  108             org.lwjgl.util.vector.Vector3f::getX (5 bytes)
Event: 2.840 Thread 0x00007fbac4815800  109             org.lwjgl.util.vector.Vector3f::getY (5 bytes)
Event: 2.841 Thread 0x00007fbac4817000 nmethod 108 0x0000000101df3ad0 code [0x0000000101df3c00, 0x0000000101df3c58]
Event: 2.841 Thread 0x00007fbac4817000  110             org.lwjgl.util.vector.Vector3f::getZ (5 bytes)
Event: 2.841 Thread 0x00007fbac4815800 nmethod 109 0x0000000101dcd8d0 code [0x0000000101dcda00, 0x0000000101dcda58]
Event: 2.841 Thread 0x00007fbac4817000 nmethod 110 0x0000000101dcd6d0 code [0x0000000101dcd800, 0x0000000101dcd858]
Event: 2.842 Thread 0x00007fbac4815800  111 %           com.pixelaborate.platformer.Model::prepareVBOModel @ 60 (434 bytes)
Event: 2.851 Thread 0x00007fbac4815800 nmethod 111% 0x0000000101dcce50 code [0x0000000101dccfc0, 0x0000000101dcd478]
Event: 2.852 Thread 0x00007fbac4817000  112 %           com.pixelaborate.platformer.Model::prepareVBOModel @ 175 (434 bytes)
Event: 2.863 Thread 0x00007fbac4817000 nmethod 112% 0x0000000101df6c90 code [0x0000000101df6e00, 0x0000000101df71e8]

GC Heap History (10 events):
Event: 2.562 GC heap before
{Heap before GC invocations=4 (full 0):
 PSYoungGen      total 19456K, used 18963K [0x00000007eaa80000, 0x00000007ed080000, 0x0000000800000000)
  eden space 16896K, 100% used [0x00000007eaa80000,0x00000007ebb00000,0x00000007ebb00000)
  from space 2560K, 80% used [0x00000007ebb00000,0x00000007ebd04fe8,0x00000007ebd80000)
  to   space 2560K, 0% used [0x00000007ece00000,0x00000007ece00000,0x00000007ed080000)
 ParOldGen       total 43520K, used 8K [0x00000007c0000000, 0x00000007c2a80000, 0x00000007eaa80000)
  object space 43520K, 0% used [0x00000007c0000000,0x00000007c0002000,0x00000007c2a80000)
 PSPermGen       total 21504K, used 5805K [0x00000007bae00000, 0x00000007bc300000, 0x00000007c0000000)
  object space 21504K, 26% used [0x00000007bae00000,0x00000007bb3ab620,0x00000007bc300000)
Event: 2.566 GC heap after
Heap after GC invocations=4 (full 0):
 PSYoungGen      total 36352K, used 2502K [0x00000007eaa80000, 0x00000007ed080000, 0x0000000800000000)
  eden space 33792K, 0% used [0x00000007eaa80000,0x00000007eaa80000,0x00000007ecb80000)
  from space 2560K, 97% used [0x00000007ece00000,0x00000007ed071938,0x00000007ed080000)
  to   space 2560K, 0% used [0x00000007ecb80000,0x00000007ecb80000,0x00000007ece00000)
 ParOldGen       total 43520K, used 16K [0x00000007c0000000, 0x00000007c2a80000, 0x00000007eaa80000)
  object space 43520K, 0% used [0x00000007c0000000,0x00000007c0004000,0x00000007c2a80000)
 PSPermGen       total 21504K, used 5805K [0x00000007bae00000, 0x00000007bc300000, 0x00000007c0000000)
  object space 21504K, 26% used [0x00000007bae00000,0x00000007bb3ab620,0x00000007bc300000)
}
Event: 2.621 GC heap before
{Heap before GC invocations=5 (full 0):
 PSYoungGen      total 36352K, used 36294K [0x00000007eaa80000, 0x00000007ed080000, 0x0000000800000000)
  eden space 33792K, 100% used [0x00000007eaa80000,0x00000007ecb80000,0x00000007ecb80000)
  from space 2560K, 97% used [0x00000007ece00000,0x00000007ed071938,0x00000007ed080000)
  to   space 2560K, 0% used [0x00000007ecb80000,0x00000007ecb80000,0x00000007ece00000)
 ParOldGen       total 43520K, used 16K [0x00000007c0000000, 0x00000007c2a80000, 0x00000007eaa80000)
  object space 43520K, 0% used [0x00000007c0000000,0x00000007c0004000,0x00000007c2a80000)
 PSPermGen       total 21504K, used 5805K [0x00000007bae00000, 0x00000007bc300000, 0x00000007c0000000)
  object space 21504K, 26% used [0x00000007bae00000,0x00000007bb3ab620,0x00000007bc300000)
Event: 2.626 GC heap after
Heap after GC invocations=5 (full 0):
 PSYoungGen      total 36352K, used 2553K [0x00000007eaa80000, 0x00000007ef380000, 0x0000000800000000)
  eden space 33792K, 0% used [0x00000007eaa80000,0x00000007eaa80000,0x00000007ecb80000)
  from space 2560K, 99% used [0x00000007ecb80000,0x00000007ecdfe5b8,0x00000007ece00000)
  to   space 3584K, 0% used [0x00000007ef000000,0x00000007ef000000,0x00000007ef380000)
 ParOldGen       total 43520K, used 848K [0x00000007c0000000, 0x00000007c2a80000, 0x00000007eaa80000)
  object space 43520K, 1% used [0x00000007c0000000,0x00000007c00d4000,0x00000007c2a80000)
 PSPermGen       total 21504K, used 5805K [0x00000007bae00000, 0x00000007bc300000, 0x00000007c0000000)
  object space 21504K, 26% used [0x00000007bae00000,0x00000007bb3ab620,0x00000007bc300000)
}
Event: 2.649 GC heap before
{Heap before GC invocations=6 (full 0):
 PSYoungGen      total 36352K, used 36345K [0x00000007eaa80000, 0x00000007ef380000, 0x0000000800000000)
  eden space 33792K, 100% used [0x00000007eaa80000,0x00000007ecb80000,0x00000007ecb80000)
  from space 2560K, 99% used [0x00000007ecb80000,0x00000007ecdfe5b8,0x00000007ece00000)
  to   space 3584K, 0% used [0x00000007ef000000,0x00000007ef000000,0x00000007ef380000)
 ParOldGen       total 43520K, used 848K [0x00000007c0000000, 0x00000007c2a80000, 0x00000007eaa80000)
  object space 43520K, 1% used [0x00000007c0000000,0x00000007c00d4000,0x00000007c2a80000)
 PSPermGen       total 21504K, used 5805K [0x00000007bae00000, 0x00000007bc300000, 0x00000007c0000000)
  object space 21504K, 26% used [0x00000007bae00000,0x00000007bb3ab620,0x00000007bc300000)
Event: 2.654 GC heap after
Heap after GC invocations=6 (full 0):
 PSYoungGen      total 70656K, used 3570K [0x00000007eaa80000, 0x00000007ef480000, 0x0000000800000000)
  eden space 67072K, 0% used [0x00000007eaa80000,0x00000007eaa80000,0x00000007eec00000)
  from space 3584K, 99% used [0x00000007ef000000,0x00000007ef37ca98,0x00000007ef380000)
  to   space 4096K, 0% used [0x00000007eec00000,0x00000007eec00000,0x00000007ef000000)
 ParOldGen       total 43520K, used 872K [0x00000007c0000000, 0x00000007c2a80000, 0x00000007eaa80000)
  object space 43520K, 2% used [0x00000007c0000000,0x00000007c00da000,0x00000007c2a80000)
 PSPermGen       total 21504K, used 5805K [0x00000007bae00000, 0x00000007bc300000, 0x00000007c0000000)
  object space 21504K, 26% used [0x00000007bae00000,0x00000007bb3ab620,0x00000007bc300000)
}
Event: 2.716 GC heap before
{Heap before GC invocations=7 (full 0):
 PSYoungGen      total 70656K, used 70642K [0x00000007eaa80000, 0x00000007ef480000, 0x0000000800000000)
  eden space 67072K, 100% used [0x00000007eaa80000,0x00000007eec00000,0x00000007eec00000)
  from space 3584K, 99% used [0x00000007ef000000,0x00000007ef37ca98,0x00000007ef380000)
  to   space 4096K, 0% used [0x00000007eec00000,0x00000007eec00000,0x00000007ef000000)
 ParOldGen       total 43520K, used 872K [0x00000007c0000000, 0x00000007c2a80000, 0x00000007eaa80000)
  object space 43520K, 2% used [0x00000007c0000000,0x00000007c00da000,0x00000007c2a80000)
 PSPermGen       total 21504K, used 5806K [0x00000007bae00000, 0x00000007bc300000, 0x00000007c0000000)
  object space 21504K, 27% used [0x00000007bae00000,0x00000007bb3ab9a8,0x00000007bc300000)
Event: 2.723 GC heap after
Heap after GC invocations=7 (full 0):
 PSYoungGen      total 71168K, used 4083K [0x00000007eaa80000, 0x00000007f3880000, 0x0000000800000000)
  eden space 67072K, 0% used [0x00000007eaa80000,0x00000007eaa80000,0x00000007eec00000)
  from space 4096K, 99% used [0x00000007eec00000,0x00000007eeffcfa0,0x00000007ef000000)
  to   space 5632K, 0% used [0x00000007f3300000,0x00000007f3300000,0x00000007f3880000)
 ParOldGen       total 43520K, used 2252K [0x00000007c0000000, 0x00000007c2a80000, 0x00000007eaa80000)
  object space 43520K, 5% used [0x00000007c0000000,0x00000007c0233190,0x00000007c2a80000)
 PSPermGen       total 21504K, used 5806K [0x00000007bae00000, 0x00000007bc300000, 0x00000007c0000000)
  object space 21504K, 27% used [0x00000007bae00000,0x00000007bb3ab9a8,0x00000007bc300000)
}
Event: 2.775 GC heap before
{Heap before GC invocations=8 (full 0):
 PSYoungGen      total 71168K, used 71155K [0x00000007eaa80000, 0x00000007f3880000, 0x0000000800000000)
  eden space 67072K, 100% used [0x00000007eaa80000,0x00000007eec00000,0x00000007eec00000)
  from space 4096K, 99% used [0x00000007eec00000,0x00000007eeffcfa0,0x00000007ef000000)
  to   space 5632K, 0% used [0x00000007f3300000,0x00000007f3300000,0x00000007f3880000)
 ParOldGen       total 43520K, used 2252K [0x00000007c0000000, 0x00000007c2a80000, 0x00000007eaa80000)
  object space 43520K, 5% used [0x00000007c0000000,0x00000007c0233190,0x00000007c2a80000)
 PSPermGen       total 21504K, used 5806K [0x00000007bae00000, 0x00000007bc300000, 0x00000007c0000000)
  object space 21504K, 27% used [0x00000007bae00000,0x00000007bb3aba58,0x00000007bc300000)
Event: 2.783 GC heap after
Heap after GC invocations=8 (full 0):
 PSYoungGen      total 138752K, used 5608K [0x00000007eaa80000, 0x00000007f3a80000, 0x0000000800000000)
  eden space 133120K, 0% used [0x00000007eaa80000,0x00000007eaa80000,0x00000007f2c80000)
  from space 5632K, 99% used [0x00000007f3300000,0x00000007f387a010,0x00000007f3880000)
  to   space 6656K, 0% used [0x00000007f2c80000,0x00000007f2c80000,0x00000007f3300000)
 ParOldGen       total 43520K, used 2628K [0x00000007c0000000, 0x00000007c2a80000, 0x00000007eaa80000)
  object space 43520K, 6% used [0x00000007c0000000,0x00000007c0291190,0x00000007c2a80000)
 PSPermGen       total 21504K, used 5806K [0x00000007bae00000, 0x00000007bc300000, 0x00000007c0000000)
  object space 21504K, 27% used [0x00000007bae00000,0x00000007bb3aba58,0x00000007bc300000)
}

Deoptimization events (7 events):
Event: 2.305 Thread 0x00007fbac4000000 Uncommon trap: reason=unloaded action=reinterpret pc=0x0000000101ddc790 method=java.io.BufferedReader.readLine(Z)Ljava/lang/String; @ 268
Event: 2.369 Thread 0x00007fbac4000000 Uncommon trap: reason=array_check action=maybe_recompile pc=0x0000000101deaad8 method=java.util.AbstractCollection.toArray([Ljava/lang/Object;)[Ljava/lang/Object; @ 119
Event: 2.369 Thread 0x00007fbac4000000 Uncommon trap: reason=array_check action=maybe_recompile pc=0x0000000101deaad8 method=java.util.AbstractCollection.toArray([Ljava/lang/Object;)[Ljava/lang/Object; @ 119
Event: 2.369 Thread 0x00007fbac4000000 Uncommon trap: reason=array_check action=maybe_recompile pc=0x0000000101deaad8 method=java.util.AbstractCollection.toArray([Ljava/lang/Object;)[Ljava/lang/Object; @ 119
Event: 2.369 Thread 0x00007fbac4000000 Uncommon trap: reason=array_check action=maybe_recompile pc=0x0000000101deaad8 method=java.util.AbstractCollection.toArray([Ljava/lang/Object;)[Ljava/lang/Object; @ 119
Event: 2.833 Thread 0x00007fbac4000000 Uncommon trap: reason=unreached action=reinterpret pc=0x0000000101e01e74 method=com.pixelaborate.platformer.OBJ_Parser.parseFile(Ljava/io/File;)Lcom/pixelaborate/platformer/Model; @ 239
Event: 2.864 Thread 0x00007fbac4000000 Uncommon trap: reason=unloaded action=reinterpret pc=0x0000000101df70e0 method=com.pixelaborate.platformer.Model.prepareVBOModel()V @ 279

Internal exceptions (10 events):
Event: 2.275 Thread 0x00007fbac4000000 Threw 0x00000007eb42d4a0 at /HUDSON/workspace/7u-2-build-macosx-x86_64/jdk7u55/869/hotspot/src/share/vm/prims/jvm.cpp:1244
Event: 2.275 Thread 0x00007fbac4000000 Threw 0x00000007eb433790 at /HUDSON/workspace/7u-2-build-macosx-x86_64/jdk7u55/869/hotspot/src/share/vm/prims/jvm.cpp:1244
Event: 2.275 Thread 0x00007fbac4000000 Threw 0x00000007eb4364f8 at /HUDSON/workspace/7u-2-build-macosx-x86_64/jdk7u55/869/hotspot/src/share/vm/prims/jvm.cpp:1244
Event: 2.275 Thread 0x00007fbac4000000 Threw 0x00000007eb439340 at /HUDSON/workspace/7u-2-build-macosx-x86_64/jdk7u55/869/hotspot/src/share/vm/prims/jvm.cpp:1244
Event: 2.276 Thread 0x00007fbac4000000 Threw 0x00000007eb43c200 at /HUDSON/workspace/7u-2-build-macosx-x86_64/jdk7u55/869/hotspot/src/share/vm/prims/jvm.cpp:1244
Event: 2.276 Thread 0x00007fbac4000000 Threw 0x00000007eb43ef98 at /HUDSON/workspace/7u-2-build-macosx-x86_64/jdk7u55/869/hotspot/src/share/vm/prims/jvm.cpp:1244
Event: 2.276 Thread 0x00007fbac4000000 Threw 0x00000007eb441cd8 at /HUDSON/workspace/7u-2-build-macosx-x86_64/jdk7u55/869/hotspot/src/share/vm/prims/jvm.cpp:1244
Event: 2.289 Thread 0x00007fbac4000000 Threw 0x00000007eb49e390 at /HUDSON/workspace/7u-2-build-macosx-x86_64/jdk7u55/869/hotspot/src/share/vm/prims/jvm.cpp:1244
Event: 2.340 Thread 0x00007fbac4000000 Threw 0x00000007eb5b7520 at /HUDSON/workspace/7u-2-build-macosx-x86_64/jdk7u55/869/hotspot/src/share/vm/prims/jvm.cpp:1244
Event: 2.864 Thread 0x00007fbac4000000 Threw 0x00000007ef24bf98 at /HUDSON/workspace/7u-2-build-macosx-x86_64/jdk7u55/869/hotspot/src/share/vm/prims/jvm.cpp:1244

Events (10 events):
Event: 2.775 Executing VM operation: ParallelGCFailedAllocation
Event: 2.783 Executing VM operation: ParallelGCFailedAllocation done
Event: 2.833 Thread 0x00007fbac4000000 Uncommon trap: trap_request=0xffffffad fr.pc=0x0000000101e01e74
Event: 2.833 Thread 0x00007fbac4000000 DEOPT PACKING pc=0x0000000101e01e74 sp=0x0000000101d536b0
Event: 2.833 Thread 0x00007fbac4000000 DEOPT UNPACKING pc=0x0000000101d8f045 sp=0x0000000101d536d0 mode 2
Event: 2.864 Thread 0x00007fbac4000000 Uncommon trap: trap_request=0x0000011c fr.pc=0x0000000101df70e0
Event: 2.864 loading class 0x00007fbac2f3e680
Event: 2.864 loading class 0x00007fbac2f3e680 done
Event: 2.865 Thread 0x00007fbac4000000 DEOPT PACKING pc=0x0000000101df70e0 sp=0x0000000101d53780
Event: 2.865 Thread 0x00007fbac4000000 DEOPT UNPACKING pc=0x0000000101d8f045 sp=0x0000000101d53758 mode 2


Dynamic libraries:
0x000000000c660000 	/System/Library/Frameworks/Cocoa.framework/Versions/A/Cocoa
0x000000000c660000 	/System/Library/Frameworks/Security.framework/Versions/A/Security
0x000000000c660000 	/System/Library/Frameworks/ApplicationServices.framework/Versions/A/ApplicationServices
0x000000000c660000 	/usr/lib/libz.1.dylib
0x000000000c660000 	/usr/lib/libSystem.B.dylib
0x000000000c660000 	/usr/lib/libobjc.A.dylib
0x000000000c660000 	/System/Library/Frameworks/CoreFoundation.framework/Versions/A/CoreFoundation
0x000000000c660000 	/System/Library/Frameworks/Foundation.framework/Versions/C/Foundation
0x000000000c660000 	/System/Library/Frameworks/AppKit.framework/Versions/C/AppKit
0x000000000c660000 	/System/Library/Frameworks/CoreData.framework/Versions/A/CoreData
0x000000000c660000 	/System/Library/PrivateFrameworks/RemoteViewServices.framework/Versions/A/RemoteViewServices
0x000000000c660000 	/System/Library/Frameworks/AudioToolbox.framework/Versions/A/AudioToolbox
0x000000000c660000 	/System/Library/Frameworks/AudioUnit.framework/Versions/A/AudioUnit
0x000000000c660000 	/System/Library/PrivateFrameworks/DataDetectorsCore.framework/Versions/A/DataDetectorsCore
0x000000000c660000 	/System/Library/PrivateFrameworks/DesktopServicesPriv.framework/Versions/A/DesktopServicesPriv
0x000000000c660000 	/System/Library/Frameworks/Carbon.framework/Versions/A/Frameworks/HIToolbox.framework/Versions/A/HIToolbox
0x000000000c660000 	/System/Library/Frameworks/QuartzCore.framework/Versions/A/QuartzCore
0x000000000c660000 	/System/Library/Frameworks/Carbon.framework/Versions/A/Frameworks/SpeechRecognition.framework/Versions/A/SpeechRecognition
0x000000000c660000 	/usr/lib/libauto.dylib
0x000000000c660000 	/usr/lib/libicucore.A.dylib
0x000000000c660000 	/usr/lib/libxml2.2.dylib
0x000000000c660000 	/System/Library/PrivateFrameworks/CoreUI.framework/Versions/A/CoreUI
0x000000000c660000 	/System/Library/Frameworks/CoreAudio.framework/Versions/A/CoreAudio
0x000000000c660000 	/System/Library/Frameworks/DiskArbitration.framework/Versions/A/DiskArbitration
0x000000000c660000 	/usr/lib/liblangid.dylib
0x000000000c660000 	/System/Library/PrivateFrameworks/MultitouchSupport.framework/Versions/A/MultitouchSupport
0x000000000c660000 	/System/Library/Frameworks/IOKit.framework/Versions/A/IOKit
0x000000000c660000 	/usr/lib/libDiagnosticMessagesClient.dylib
0x000000000c660000 	/System/Library/Frameworks/CoreServices.framework/Versions/A/CoreServices
0x000000000c660000 	/System/Library/PrivateFrameworks/PerformanceAnalysis.framework/Versions/A/PerformanceAnalysis
0x000000000c660000 	/System/Library/PrivateFrameworks/GenerationalStorage.framework/Versions/A/GenerationalStorage
0x000000000c660000 	/System/Library/Frameworks/OpenGL.framework/Versions/A/OpenGL
0x000000000c660000 	/System/Library/PrivateFrameworks/Sharing.framework/Versions/A/Sharing
0x000000000c660000 	/System/Library/Frameworks/ImageIO.framework/Versions/A/ImageIO
0x000000000c660000 	/System/Library/Frameworks/CoreText.framework/Versions/A/CoreText
0x000000000c660000 	/System/Library/Frameworks/CoreGraphics.framework/Versions/A/CoreGraphics
0x000000000c660000 	/System/Library/PrivateFrameworks/Backup.framework/Versions/A/Backup
0x000000000c660000 	/System/Library/Frameworks/CFNetwork.framework/Versions/A/CFNetwork
0x000000000c660000 	/System/Library/Frameworks/SystemConfiguration.framework/Versions/A/SystemConfiguration
0x000000000c660000 	/usr/lib/libCRFSuite.dylib
0x000000000c660000 	/usr/lib/libc++.1.dylib
0x000000000c660000 	/usr/lib/libc++abi.dylib
0x000000000c660000 	/usr/lib/system/libcache.dylib
0x000000000c660000 	/usr/lib/system/libcommonCrypto.dylib
0x000000000c660000 	/usr/lib/system/libcompiler_rt.dylib
0x000000000c660000 	/usr/lib/system/libcopyfile.dylib
0x000000000c660000 	/usr/lib/system/libcorecrypto.dylib
0x000000000c660000 	/usr/lib/system/libdispatch.dylib
0x000000000c660000 	/usr/lib/system/libdyld.dylib
0x000000000c660000 	/usr/lib/system/libkeymgr.dylib
0x000000000c660000 	/usr/lib/system/liblaunch.dylib
0x000000000c660000 	/usr/lib/system/libmacho.dylib
0x000000000c660000 	/usr/lib/system/libquarantine.dylib
0x000000000c660000 	/usr/lib/system/libremovefile.dylib
0x000000000c660000 	/usr/lib/system/libsystem_asl.dylib
0x000000000c660000 	/usr/lib/system/libsystem_blocks.dylib
0x000000000c660000 	/usr/lib/system/libsystem_c.dylib
0x000000000c660000 	/usr/lib/system/libsystem_configuration.dylib
0x000000000c660000 	/usr/lib/system/libsystem_dnssd.dylib
0x000000000c660000 	/usr/lib/system/libsystem_info.dylib
0x000000000c660000 	/usr/lib/system/libsystem_kernel.dylib
0x000000000c660000 	/usr/lib/system/libsystem_m.dylib
0x000000000c660000 	/usr/lib/system/libsystem_malloc.dylib
0x000000000c660000 	/usr/lib/system/libsystem_network.dylib
0x000000000c660000 	/usr/lib/system/libsystem_notify.dylib
0x000000000c660000 	/usr/lib/system/libsystem_platform.dylib
0x000000000c660000 	/usr/lib/system/libsystem_pthread.dylib
0x000000000c660000 	/usr/lib/system/libsystem_sandbox.dylib
0x000000000c660000 	/usr/lib/system/libsystem_stats.dylib
0x000000000c660000 	/usr/lib/system/libunc.dylib
0x000000000c660000 	/usr/lib/system/libunwind.dylib
0x000000000c660000 	/usr/lib/system/libxpc.dylib
0x000000000c660000 	/usr/lib/libbsm.0.dylib
0x000000000c660000 	/usr/lib/libsqlite3.dylib
0x000000000c660000 	/usr/lib/libxar.1.dylib
0x000000000c660000 	/usr/lib/libpam.2.dylib
0x000000000c660000 	/usr/lib/libOpenScriptingUtil.dylib
0x000000000c660000 	/usr/lib/libbz2.1.0.dylib
0x000000000c660000 	/System/Library/Frameworks/CoreServices.framework/Versions/A/Frameworks/CarbonCore.framework/Versions/A/CarbonCore
0x000000000c660000 	/System/Library/Frameworks/CoreServices.framework/Versions/A/Frameworks/Metadata.framework/Versions/A/Metadata
0x000000000c660000 	/System/Library/Frameworks/CoreServices.framework/Versions/A/Frameworks/OSServices.framework/Versions/A/OSServices
0x000000000c660000 	/System/Library/Frameworks/CoreServices.framework/Versions/A/Frameworks/SearchKit.framework/Versions/A/SearchKit
0x000000000c660000 	/System/Library/Frameworks/CoreServices.framework/Versions/A/Frameworks/AE.framework/Versions/A/AE
0x000000000c660000 	/System/Library/Frameworks/CoreServices.framework/Versions/A/Frameworks/LaunchServices.framework/Versions/A/LaunchServices
0x000000000c660000 	/System/Library/Frameworks/CoreServices.framework/Versions/A/Frameworks/DictionaryServices.framework/Versions/A/DictionaryServices
0x000000000c660000 	/System/Library/Frameworks/NetFS.framework/Versions/A/NetFS
0x000000000c660000 	/usr/lib/system/libkxld.dylib
0x000000000c660000 	/System/Library/PrivateFrameworks/NetAuth.framework/Versions/A/NetAuth
0x000000000c660000 	/System/Library/PrivateFrameworks/TCC.framework/Versions/A/TCC
0x000000000c660000 	/System/Library/Frameworks/OpenDirectory.framework/Versions/A/Frameworks/CFOpenDirectory.framework/Versions/A/CFOpenDirectory
0x000000000c660000 	/System/Library/Frameworks/ServiceManagement.framework/Versions/A/ServiceManagement
0x000000000c660000 	/usr/lib/libxslt.1.dylib
0x000000000c660000 	/System/Library/Frameworks/Carbon.framework/Versions/A/Frameworks/Ink.framework/Versions/A/Ink
0x000000000c660000 	/System/Library/Frameworks/ApplicationServices.framework/Versions/A/Frameworks/ATS.framework/Versions/A/ATS
0x000000000c660000 	/System/Library/Frameworks/ApplicationServices.framework/Versions/A/Frameworks/ColorSync.framework/Versions/A/ColorSync
0x000000000c660000 	/System/Library/Frameworks/ApplicationServices.framework/Versions/A/Frameworks/HIServices.framework/Versions/A/HIServices
0x000000000c660000 	/System/Library/Frameworks/ApplicationServices.framework/Versions/A/Frameworks/LangAnalysis.framework/Versions/A/LangAnalysis
0x000000000c660000 	/System/Library/Frameworks/ApplicationServices.framework/Versions/A/Frameworks/PrintCore.framework/Versions/A/PrintCore
0x000000000c660000 	/System/Library/Frameworks/ApplicationServices.framework/Versions/A/Frameworks/QD.framework/Versions/A/QD
0x000000000c660000 	/System/Library/Frameworks/ApplicationServices.framework/Versions/A/Frameworks/SpeechSynthesis.framework/Versions/A/SpeechSynthesis
0x000000000c660000 	/System/Library/Frameworks/IOSurface.framework/Versions/A/IOSurface
0x000000000c660000 	/System/Library/Frameworks/Accelerate.framework/Versions/A/Accelerate
0x000000000c660000 	/System/Library/Frameworks/Accelerate.framework/Versions/A/Frameworks/vImage.framework/Versions/A/vImage
0x000000000c660000 	/System/Library/Frameworks/Accelerate.framework/Versions/A/Frameworks/vecLib.framework/Versions/A/vecLib
0x000000000c660000 	/System/Library/Frameworks/Accelerate.framework/Versions/A/Frameworks/vecLib.framework/Versions/A/libvDSP.dylib
0x000000000c660000 	/System/Library/Frameworks/Accelerate.framework/Versions/A/Frameworks/vecLib.framework/Versions/A/libvMisc.dylib
0x000000000c660000 	/System/Library/Frameworks/Accelerate.framework/Versions/A/Frameworks/vecLib.framework/Versions/A/libLAPACK.dylib
0x000000000c660000 	/System/Library/Frameworks/Accelerate.framework/Versions/A/Frameworks/vecLib.framework/Versions/A/libBLAS.dylib
0x000000000c660000 	/System/Library/Frameworks/ApplicationServices.framework/Versions/A/Frameworks/ATS.framework/Versions/A/Resources/libFontParser.dylib
0x000000000c660000 	/System/Library/Frameworks/ApplicationServices.framework/Versions/A/Frameworks/ATS.framework/Versions/A/Resources/libFontRegistry.dylib
0x000000000c660000 	/System/Library/Frameworks/ImageIO.framework/Versions/A/Resources/libJPEG.dylib
0x000000000c660000 	/System/Library/Frameworks/ImageIO.framework/Versions/A/Resources/libTIFF.dylib
0x000000000c660000 	/System/Library/Frameworks/ImageIO.framework/Versions/A/Resources/libPng.dylib
0x000000000c660000 	/System/Library/Frameworks/ImageIO.framework/Versions/A/Resources/libGIF.dylib
0x000000000c660000 	/System/Library/Frameworks/ImageIO.framework/Versions/A/Resources/libJP2.dylib
0x000000000c660000 	/System/Library/Frameworks/ImageIO.framework/Versions/A/Resources/libRadiance.dylib
0x000000000c660000 	/usr/lib/libcups.2.dylib
0x000000000c660000 	/System/Library/Frameworks/Kerberos.framework/Versions/A/Kerberos
0x000000000c660000 	/System/Library/Frameworks/GSS.framework/Versions/A/GSS
0x000000000c660000 	/usr/lib/libresolv.9.dylib
0x000000000c660000 	/usr/lib/libiconv.2.dylib
0x000000000c660000 	/System/Library/PrivateFrameworks/Heimdal.framework/Versions/A/Heimdal
0x000000000c660000 	/System/Library/PrivateFrameworks/TrustEvaluationAgent.framework/Versions/A/TrustEvaluationAgent
0x000000000c660000 	/usr/lib/libheimdal-asn1.dylib
0x000000000c660000 	/System/Library/Frameworks/OpenDirectory.framework/Versions/A/OpenDirectory
0x000000000c660000 	/System/Library/PrivateFrameworks/CommonAuth.framework/Versions/A/CommonAuth
0x000000000c660000 	/System/Library/Frameworks/SecurityFoundation.framework/Versions/A/SecurityFoundation
0x000000000c660000 	/System/Library/PrivateFrameworks/Bom.framework/Versions/A/Bom
0x000000000c660000 	/System/Library/Frameworks/CoreVideo.framework/Versions/A/CoreVideo
0x000000000c660000 	/System/Library/Frameworks/QuartzCore.framework/Versions/A/Frameworks/CoreImage.framework/Versions/A/CoreImage
0x000000000c660000 	/System/Library/Frameworks/QuartzCore.framework/Versions/A/Frameworks/ScalableUserInterface.framework/Versions/A/ScalableUserInterface
0x000000000c660000 	/System/Library/Frameworks/OpenGL.framework/Versions/A/Libraries/libGLU.dylib
0x000000000c660000 	/System/Library/Frameworks/OpenGL.framework/Versions/A/Libraries/libGFXShared.dylib
0x000000000c660000 	/System/Library/Frameworks/OpenGL.framework/Versions/A/Libraries/libGL.dylib
0x000000000c660000 	/System/Library/Frameworks/OpenGL.framework/Versions/A/Libraries/libGLImage.dylib
0x000000000c660000 	/System/Library/Frameworks/OpenGL.framework/Versions/A/Libraries/libCVMSPluginSupport.dylib
0x000000000c660000 	/System/Library/Frameworks/OpenGL.framework/Versions/A/Libraries/libCoreVMClient.dylib
0x000000000c660000 	/System/Library/PrivateFrameworks/FaceCore.framework/Versions/A/FaceCore
0x000000000c660000 	/System/Library/PrivateFrameworks/CrashReporterSupport.framework/Versions/A/CrashReporterSupport
0x000000000c660000 	/System/Library/Frameworks/OpenCL.framework/Versions/A/OpenCL
0x000000000c660000 	/System/Library/PrivateFrameworks/AppleFSCompression.framework/Versions/A/AppleFSCompression
0x000000000c660000 	/System/Library/PrivateFrameworks/Ubiquity.framework/Versions/A/Ubiquity
0x000000000c660000 	/System/Library/PrivateFrameworks/IconServices.framework/Versions/A/IconServices
0x000000000c660000 	/System/Library/PrivateFrameworks/ChunkingLibrary.framework/Versions/A/ChunkingLibrary
0x000000000c660000 	/System/Library/PrivateFrameworks/CoreSymbolication.framework/Versions/A/CoreSymbolication
0x000000000c660000 	/System/Library/PrivateFrameworks/Symbolication.framework/Versions/A/Symbolication
0x000000000c660000 	/System/Library/PrivateFrameworks/DebugSymbols.framework/Versions/A/DebugSymbols
0x0000000101200000 	/Library/Java/JavaVirtualMachines/jdk1.7.0_55.jdk/Contents/Home/jre/lib/server/libjvm.dylib
0x000000000c660000 	/usr/lib/libstdc++.6.dylib
0x0000000100943000 	/Library/Java/JavaVirtualMachines/jdk1.7.0_55.jdk/Contents/Home/jre/lib/libverify.dylib
0x0000000100950000 	/Library/Java/JavaVirtualMachines/jdk1.7.0_55.jdk/Contents/Home/jre/lib/libjava.dylib
0x000000010098a000 	/Library/Java/JavaVirtualMachines/jdk1.7.0_55.jdk/Contents/Home/jre/lib/libzip.dylib
0x0000000108ff3000 	/System/Library/Frameworks/JavaVM.framework/Frameworks/JavaRuntimeSupport.framework/JavaRuntimeSupport
0x000000010900b000 	/System/Library/Frameworks/JavaVM.framework/Versions/A/Frameworks/JavaNativeFoundation.framework/Versions/A/JavaNativeFoundation
0x000000010901f000 	/System/Library/Frameworks/JavaVM.framework/Versions/A/JavaVM
0x000000000c660000 	/System/Library/Frameworks/Carbon.framework/Versions/A/Carbon
0x000000010902b000 	/System/Library/PrivateFrameworks/JavaLaunching.framework/Versions/A/JavaLaunching
0x000000000c660000 	/System/Library/Frameworks/Carbon.framework/Versions/A/Frameworks/CommonPanels.framework/Versions/A/CommonPanels
0x000000000c660000 	/System/Library/Frameworks/Carbon.framework/Versions/A/Frameworks/Help.framework/Versions/A/Help
0x000000000c660000 	/System/Library/Frameworks/Carbon.framework/Versions/A/Frameworks/ImageCapture.framework/Versions/A/ImageCapture
0x000000000c660000 	/System/Library/Frameworks/Carbon.framework/Versions/A/Frameworks/OpenScripting.framework/Versions/A/OpenScripting
0x000000000c660000 	/System/Library/Frameworks/Carbon.framework/Versions/A/Frameworks/Print.framework/Versions/A/Print
0x000000000c660000 	/System/Library/Frameworks/Carbon.framework/Versions/A/Frameworks/SecurityHI.framework/Versions/A/SecurityHI
0x0000000109668000 	/Library/Java/JavaVirtualMachines/jdk1.7.0_55.jdk/Contents/Home/jre/lib/libawt.dylib
0x0000000109717000 	/Library/Java/JavaVirtualMachines/jdk1.7.0_55.jdk/Contents/Home/jre/lib/./libmlib_image.dylib
0x00000001097e3000 	/Library/Java/JavaVirtualMachines/jdk1.7.0_55.jdk/Contents/Home/jre/lib/lwawt/liblwawt.dylib
0x0000000109897000 	/Library/Java/JavaVirtualMachines/jdk1.7.0_55.jdk/Contents/Home/jre/lib/libosxapp.dylib
0x000000000c660000 	/System/Library/Frameworks/ExceptionHandling.framework/Versions/A/ExceptionHandling
0x000000000c660000 	/System/Library/PrivateFrameworks/CoreServicesInternal.framework/Versions/A/CoreServicesInternal
0x000000000c660000 	/System/Library/PrivateFrameworks/Librarian.framework/Versions/A/Librarian
0x000000000c660000 	/System/Library/Frameworks/CoreGraphics.framework/Versions/A/Resources/libCGCMS.A.dylib
0x000000000c660000 	/System/Library/Frameworks/CoreGraphics.framework/Versions/A/Resources/libRIP.A.dylib
0x000000000c660000 	/System/Library/Frameworks/CoreGraphics.framework/Versions/A/Resources/libCGXType.A.dylib
0x000000000c660000 	/System/Library/PrivateFrameworks/FamilyControls.framework/Versions/A/FamilyControls
0x000000000c660000 	/System/Library/PrivateFrameworks/CommerceKit.framework/Versions/A/Frameworks/CommerceCore.framework/Versions/A/CommerceCore
0x000000000c660000 	/System/Library/PrivateFrameworks/SystemAdministration.framework/Versions/A/SystemAdministration
0x000000000c660000 	/System/Library/Frameworks/DirectoryService.framework/Versions/A/DirectoryService
0x000000000c660000 	/System/Library/PrivateFrameworks/DiskImages.framework/Versions/A/DiskImages
0x000000000c660000 	/System/Library/PrivateFrameworks/LoginUIKit.framework/Versions/A/Frameworks/LoginUICore.framework/Versions/A/LoginUICore
0x000000000c660000 	/usr/lib/libCoreStorage.dylib
0x000000000c660000 	/usr/lib/libcsfde.dylib
0x000000000c660000 	/usr/lib/libodfde.dylib
0x000000000c660000 	/System/Library/Frameworks/DiscRecording.framework/Versions/A/DiscRecording
0x000000000c660000 	/usr/lib/libcurl.4.dylib
0x000000000c660000 	/System/Library/PrivateFrameworks/MediaKit.framework/Versions/A/MediaKit
0x000000000c660000 	/System/Library/PrivateFrameworks/EFILogin.framework/Versions/A/EFILogin
0x000000000c660000 	/usr/lib/libutil.dylib
0x000000000c660000 	/System/Library/PrivateFrameworks/AOSNotification.framework/Versions/A/AOSNotification
0x000000000c660000 	/System/Library/Frameworks/LDAP.framework/Versions/A/LDAP
0x000000000c660000 	/usr/lib/libsasl2.2.dylib
0x000000000c660000 	/usr/lib/libcrypto.0.9.8.dylib
0x000000000c660000 	/usr/lib/libssl.0.9.8.dylib
0x000000010d8ee000 	/Library/Java/JavaVirtualMachines/jdk1.7.0_55.jdk/Contents/Home/jre/lib/libfontmanager.dylib
0x000000010d955000 	/Users/s010727/Documents/workspace/Platformer/lib/natives/liblwjgl.dylib
0x000000010bf97000 	/Library/Java/JavaVirtualMachines/jdk1.7.0_55.jdk/Contents/Home/jre/lib/libjawt.dylib
0x000000000c660000 	/System/Library/Frameworks/OpenGL.framework/Versions/A/Resources/GLEngine.bundle/GLEngine
0x000000000c660000 	/System/Library/Frameworks/OpenGL.framework/Versions/A/Libraries/libGLProgrammability.dylib
0x0000000000000000 	/System/Library/Extensions/AppleIntelHD5000GraphicsGLDriver.bundle/Contents/MacOS/AppleIntelHD5000GraphicsGLDriver
0x000000000c660000 	/System/Library/PrivateFrameworks/IOAccelerator.framework/Versions/A/IOAccelerator
0x000000000c660000 	/System/Library/PrivateFrameworks/GPUSupport.framework/Versions/A/Libraries/libGPUSupportMercury.dylib
0x000000000c660000 	/System/Library/Frameworks/OpenGL.framework/Versions/A/Resources/GLRendererFloat.bundle/GLRendererFloat
0x000000000c660000 	/System/Library/Frameworks/OpenCL.framework/Versions/A/Libraries/libcldcpuengine.dylib
0x000000010e36b000 	/Library/Java/JavaVirtualMachines/jdk1.7.0_55.jdk/Contents/Home/jre/lib/libnio.dylib
0x000000010e37a000 	/Library/Java/JavaVirtualMachines/jdk1.7.0_55.jdk/Contents/Home/jre/lib/./libnet.dylib

VM Arguments:
jvm_args: -Djava.library.path=/Users/s010727/Documents/workspace/Platformer/lib/natives:/Users/s010727/Documents/workspace/Platformer/lib/natives:/Users/s010727/Documents/workspace/Platformer/lib/natives:/Users/s010727/Documents/workspace/Platformer/lib/natives -Dfile.encoding=US-ASCII 
java_command: com.pixelaborate.platformer.Main
Launcher Type: SUN_STANDARD

Environment Variables:
PATH=/usr/bin:/bin:/usr/sbin:/sbin
SHELL=/bin/bash

Signal Handlers:
SIGSEGV: [libjvm.dylib+0x5253e5], sa_mask[0]=0xfffefeff, sa_flags=0x00000043
SIGBUS: [libjvm.dylib+0x5253e5], sa_mask[0]=0xfffefeff, sa_flags=0x00000042
SIGFPE: [libjvm.dylib+0x4188a2], sa_mask[0]=0xfffefeff, sa_flags=0x00000042
SIGPIPE: [libjvm.dylib+0x4188a2], sa_mask[0]=0xfffefeff, sa_flags=0x00000042
SIGXFSZ: [libjvm.dylib+0x4188a2], sa_mask[0]=0xfffefeff, sa_flags=0x00000042
SIGILL: [libjvm.dylib+0x4188a2], sa_mask[0]=0xfffefeff, sa_flags=0x00000042
SIGUSR1: SIG_DFL, sa_mask[0]=0x00000000, sa_flags=0x00000002
SIGUSR2: [libjvm.dylib+0x418394], sa_mask[0]=0x00000004, sa_flags=0x00000042
SIGHUP: [libjvm.dylib+0x416623], sa_mask[0]=0xfffefeff, sa_flags=0x00000042
SIGINT: [libjvm.dylib+0x416623], sa_mask[0]=0xfffefeff, sa_flags=0x00000042
SIGTERM: [libjvm.dylib+0x416623], sa_mask[0]=0xfffefeff, sa_flags=0x00000042
SIGQUIT: [libjvm.dylib+0x416623], sa_mask[0]=0xfffefeff, sa_flags=0x00000042


---------------  S Y S T E M  ---------------

OS:Bsduname:Darwin 13.3.0 Darwin Kernel Version 13.3.0: Tue Jun  3 21:27:35 PDT 2014; root:xnu-2422.110.17~1/RELEASE_X86_64 x86_64
rlimit: STACK 8192k, CORE 0k, NPROC 709, NOFILE 10240, AS infinity
load average:1.64 1.61 1.67

CPU:total 4 (2 cores per cpu, 2 threads per core) family 6 model 69 stepping 1, cmov, cx8, fxsr, mmx, sse, sse2, sse3, ssse3, sse4.1, sse4.2, popcnt, avx, avx2, aes, erms, ht, tsc, tscinvbit

Memory: 4k page, physical 4194304k(1048576k free)

/proc/meminfo:


vm_info: Java HotSpot(TM) 64-Bit Server VM (24.55-b03) for bsd-amd64 JRE (1.7.0_55-b13), built on Mar 17 2014 19:40:08 by "java_re" with gcc 4.2.1 (Based on Apple Inc. build 5658) (LLVM build 2336.11.00)

time: Tue May 12 09:18:21 2015
elapsed time: 2 seconds

