#
# A fatal error has been detected by the Java Runtime Environment:
#
#  SIGSEGV (0xb) at pc=0x00007fff97a381e3, pid=93715, tid=4867
#
# JRE version: Java(TM) SE Runtime Environment (7.0_55-b13) (build 1.7.0_55-b13)
# Java VM: Java HotSpot(TM) 64-Bit Server VM (24.55-b03 mixed mode bsd-amd64 compressed oops)
# Problematic frame:
# C  [GLEngine+0x1401e3]  gleRunVertexSubmitImmediate+0x27e3
#
# Failed to write core dump. Core dumps have been disabled. To enable core dumping, try "ulimit -c unlimited" before starting Java again
#
# If you would like to submit a bug report, please visit:
#   http://bugreport.sun.com/bugreport/crash.jsp
# The crash happened outside the Java Virtual Machine in native code.
# See problematic frame for where to report the bug.
#

---------------  T H R E A D  ---------------

Current thread (0x00007fe669802800):  JavaThread "main" [_thread_in_native, id=4867, stack(0x00000001033b5000,0x00000001034b5000)]

siginfo:si_signo=SIGSEGV: si_errno=0, si_code=1 (SEGV_MAPERR), si_addr=0x0000000000000000

Registers:
RAX=0x00007fff97a37eaf, RBX=0x0000000000000006, RCX=0x0000000000000000, RDX=0x00007fff97a386b8
RSP=0x00000001034b44a0, RBP=0x00000001034b46f0, RSI=0x0000000000000006, RDI=0x0000000000000027
R8 =0x0000000001809804, R9 =0x00007fe66c000000, R10=0x00007fe668d73110, R11=0x3e796aad3f1cbb2c
R12=0x0000000000000004, R13=0x0000000001809804, R14=0x3e796aad3f1cbb2c, R15=0x00000000be0a3d71
RIP=0x00007fff97a381e3, EFLAGS=0x0000000000010206, ERR=0x0000000000000004
  TRAPNO=0x000000000000000e

Top of Stack: (sp=0x00000001034b44a0)
0x00000001034b44a0:   00000000b2c09253 0000000020000000
0x00000001034b44b0:   00007fe669942230 00007fe668f38660
0x00000001034b44c0:   007e7f003ffff3e7 00007fe669948848
0x00000001034b44d0:   00000001034b4670 00001234003aecff
0x00000001034b44e0:   00007fe669928600 00007fe66c02ce68
0x00000001034b44f0:   00000001034b4570 00007fff959c56d8
0x00000001034b4500:   00007fe668d037a8 00000001034b45c0
0x00000001034b4510:   000000010b91e710 0000000139a8b568
0x00000001034b4520:   00000001034b4550 0000000102c3e666
0x00000001034b4530:   0100ffff00000000 00007fe66994b530
0x00000001034b4540:   0f30000a00108031 0000000000000000
0x00000001034b4550:   00007fe669941400 0000000000000000
0x00000001034b4560:   0000000000000000 007e7f003ffff3e7
0x00000001034b4570:   00007fe66c000150 00007fe66c000180
0x00000001034b4580:   00007fe66c000160 00007fe66c000190
0x00000001034b4590:   00007fe66c000170 00007fe66c0001b0
0x00000001034b45a0:   0000000000000000 0000000000000000
0x00000001034b45b0:   fffffffe00000002 0000000154c19100
0x00000001034b45c0:   0000000000003013 0000000000000002
0x00000001034b45d0:   ffffffff00000000 0000000000000002
0x00000001034b45e0:   00007fe66c0001a0 0000000000000006
0x00000001034b45f0:   0000000000000000 00007fe66c000000
0x00000001034b4600:   0000003400000000 0000000001809804
0x00000001034b4610:   0000000006026010 0000000000000000
0x00000001034b4620:   00000001034b469c 00007fe668d73094
0x00000001034b4630:   00000000000e2480 0000010000000020
0x00000001034b4640:   0000000000000000 0000000000000000
0x00000001034b4650:   0000000000000000 0000000000000000
0x00000001034b4660:   0000000000000003 0000000000000000
0x00000001034b4670:   00007fe668d73078 0000000000000000
0x00000001034b4680:   0000000000000000 000000015529a060
0x00000001034b4690:   000000015529a0c0 0000000000000000 

Instructions: (pc=0x00007fff97a381e3)
0x00007fff97a381c3:   10 da 0f 14 c1 0f 16 c3 66 49 0f 7e c6 66 0f 6d
0x00007fff97a381d3:   c0 66 49 0f 7e c7 bb 05 00 00 00 e9 bd 02 00 00
0x00007fff97a381e3:   4c 8b 31 4c 8b 79 08 e9 2c f9 ff ff f3 0f 10 49
0x00007fff97a381f3:   08 f2 0f 10 01 66 0f 14 c1 66 49 0f 7e c6 66 0f 

Register to memory mapping:

RAX=0x00007fff97a37eaf: gleRunVertexSubmitImmediate+0x24af in /System/Library/Frameworks/OpenGL.framework/Versions/A/Resources/GLEngine.bundle/GLEngine at 0x00007fff978f8000
RBX=0x0000000000000006 is an unknown value
RCX=0x0000000000000000 is an unknown value
RDX=0x00007fff97a386b8: gleRunVertexSubmitImmediate+0x2cb8 in /System/Library/Frameworks/OpenGL.framework/Versions/A/Resources/GLEngine.bundle/GLEngine at 0x00007fff978f8000
RSP=0x00000001034b44a0 is pointing into the stack for thread: 0x00007fe669802800
RBP=0x00000001034b46f0 is pointing into the stack for thread: 0x00007fe669802800
RSI=0x0000000000000006 is an unknown value
RDI=0x0000000000000027 is an unknown value
R8 =0x0000000001809804 is an unknown value
R9 =0x00007fe66c000000 is an unknown value
R10=0x00007fe668d73110 is an unknown value
R11=0x3e796aad3f1cbb2c is an unknown value
R12=0x0000000000000004 is an unknown value
R13=0x0000000001809804 is an unknown value
R14=0x3e796aad3f1cbb2c is an unknown value
R15=0x00000000be0a3d71 is an unknown value


Stack: [0x00000001033b5000,0x00000001034b5000],  sp=0x00000001034b44a0,  free space=1021k
Native frames: (J=compiled Java code, j=interpreted, Vv=VM code, C=native code)
C  [GLEngine+0x1401e3]  gleRunVertexSubmitImmediate+0x27e3
C  [GLEngine+0x1fdfe]  glDrawArrays_Exec+0x272
j  org.lwjgl.opengl.GL11.nglDrawArrays(IIIJ)V+0
j  org.lwjgl.opengl.GL11.glDrawArrays(III)V+20
j  com.pixelaborate.platformer.Model.render()V+153
j  com.pixelaborate.platformer.PlayingState.render()V+19
j  com.pixelaborate.platformer.Game.run()V+115
j  com.pixelaborate.platformer.Main.main([Ljava/lang/String;)V+9
v  ~StubRoutines::call_stub
V  [libjvm.dylib+0x2d6a90]
V  [libjvm.dylib+0x2d6860]
V  [libjvm.dylib+0x30a004]
V  [libjvm.dylib+0x30319f]
C  [java+0x30fe]  JavaMain+0x91d
C  [libsystem_pthread.dylib+0x1899]  _pthread_body+0x8a
C  [libsystem_pthread.dylib+0x172a]  _pthread_struct_init+0x0
C  [libsystem_pthread.dylib+0x5fc9]  thread_start+0xd

Java frames: (J=compiled Java code, j=interpreted, Vv=VM code)
j  org.lwjgl.opengl.GL11.nglDrawArrays(IIIJ)V+0
j  org.lwjgl.opengl.GL11.glDrawArrays(III)V+20
j  com.pixelaborate.platformer.Model.render()V+153
j  com.pixelaborate.platformer.PlayingState.render()V+19
j  com.pixelaborate.platformer.Game.run()V+115
j  com.pixelaborate.platformer.Main.main([Ljava/lang/String;)V+9
v  ~StubRoutines::call_stub

---------------  P R O C E S S  ---------------

Java Threads: ( => current thread )
  0x00007fe66a042000 JavaThread "AWT-Shutdown" [_thread_blocked, id=27151, stack(0x000000015232e000,0x000000015242e000)]
  0x00007fe66a86c000 JavaThread "AppKit Thread" daemon [_thread_in_native, id=3335, stack(0x00007fff5d31d000,0x00007fff5d39d000)]
  0x00007fe66a808000 JavaThread "Service Thread" daemon [_thread_blocked, id=19459, stack(0x00000001506f7000,0x00000001507f7000)]
  0x00007fe66a807000 JavaThread "C2 CompilerThread1" daemon [_thread_blocked, id=18947, stack(0x00000001505f4000,0x00000001506f4000)]
  0x00007fe66981e800 JavaThread "C2 CompilerThread0" daemon [_thread_blocked, id=18435, stack(0x00000001504f1000,0x00000001505f1000)]
  0x00007fe66a802800 JavaThread "Signal Dispatcher" daemon [_thread_blocked, id=17923, stack(0x00000001503ee000,0x00000001504ee000)]
  0x00007fe66a040000 JavaThread "Finalizer" daemon [_thread_blocked, id=12547, stack(0x00000001501c5000,0x00000001502c5000)]
  0x00007fe66a03d800 JavaThread "Reference Handler" daemon [_thread_blocked, id=12035, stack(0x00000001500c2000,0x00000001501c2000)]
=>0x00007fe669802800 JavaThread "main" [_thread_in_native, id=4867, stack(0x00000001033b5000,0x00000001034b5000)]

Other Threads:
  0x00007fe66a03c800 VMThread [stack: 0x000000014ffbf000,0x00000001500bf000] [id=11523]
  0x00007fe66a803800 WatcherThread [stack: 0x00000001507fa000,0x00000001508fa000] [id=19971]

VM state:not at safepoint (normal execution)

VM Mutex/Monitor currently owned by a thread: None

Heap
 PSYoungGen      total 138752K, used 63496K [0x0000000136300000, 0x000000013f100000, 0x000000014b880000)
  eden space 133632K, 44% used [0x0000000136300000,0x0000000139c75288,0x000000013e580000)
  from space 5120K, 91% used [0x000000013eb00000,0x000000013ef8d040,0x000000013f000000)
  to   space 5632K, 0% used [0x000000013e580000,0x000000013e580000,0x000000013eb00000)
 ParOldGen       total 43520K, used 2188K [0x000000010b880000, 0x000000010e300000, 0x0000000136300000)
  object space 43520K, 5% used [0x000000010b880000,0x000000010baa3170,0x000000010e300000)
 PSPermGen       total 21504K, used 5753K [0x0000000106680000, 0x0000000107b80000, 0x000000010b880000)
  object space 21504K, 26% used [0x0000000106680000,0x0000000106c1e490,0x0000000107b80000)

Card table byte_map: [0x000000014b880000,0x000000014baaa000] byte_map_base: 0x000000014b04cc00

Polling page: 0x00000001034f4000

Code Cache  [0x0000000103507000, 0x0000000103777000, 0x0000000106507000)
 total_blobs=410 nmethods=93 adapters=272 free_code_cache=48523Kb largest_free_block=49665920

Compilation events (10 events):
Event: 4.063 Thread 0x00007fe66981e800   88             java.nio.charset.CoderResult::isUnderflow (13 bytes)
Event: 4.063 Thread 0x00007fe66981e800 nmethod 88 0x000000010359eed0 code [0x000000010359f000, 0x000000010359f078]
Event: 4.067 Thread 0x00007fe66a807000   89             java.nio.CharBuffer::arrayOffset (35 bytes)
Event: 4.067 Thread 0x00007fe66a807000 nmethod 89 0x000000010359ec50 code [0x000000010359eda0, 0x000000010359ee38]
Event: 4.074 Thread 0x00007fe66981e800   90             java.nio.DirectFloatBufferU::put (17 bytes)
Event: 4.074 Thread 0x00007fe66a807000   91             java.nio.DirectFloatBufferU::ix (10 bytes)
Event: 4.074 Thread 0x00007fe66a807000 nmethod 91 0x000000010359e6d0 code [0x000000010359e800, 0x000000010359e878]
Event: 4.075 Thread 0x00007fe66981e800 nmethod 90 0x000000010359e410 code [0x000000010359e540, 0x000000010359e5f8]
Event: 4.077 Thread 0x00007fe66a807000   93 %           com.pixelaborate.platformer.Model::render @ 28 (157 bytes)
Event: 4.086 Thread 0x00007fe66a807000 nmethod 93% 0x00000001035a4550 code [0x00000001035a46e0, 0x00000001035a4b68]

GC Heap History (10 events):
Event: 3.778 GC heap before
{Heap before GC invocations=4 (full 0):
 PSYoungGen      total 19456K, used 18825K [0x0000000136300000, 0x0000000138900000, 0x000000014b880000)
  eden space 16896K, 100% used [0x0000000136300000,0x0000000137380000,0x0000000137380000)
  from space 2560K, 75% used [0x0000000137380000,0x0000000137562530,0x0000000137600000)
  to   space 2560K, 0% used [0x0000000138680000,0x0000000138680000,0x0000000138900000)
 ParOldGen       total 43520K, used 24K [0x000000010b880000, 0x000000010e300000, 0x0000000136300000)
  object space 43520K, 0% used [0x000000010b880000,0x000000010b886000,0x000000010e300000)
 PSPermGen       total 21504K, used 5714K [0x0000000106680000, 0x0000000107b80000, 0x000000010b880000)
  object space 21504K, 26% used [0x0000000106680000,0x0000000106c14a18,0x0000000107b80000)
Event: 3.782 GC heap after
Heap after GC invocations=4 (full 0):
 PSYoungGen      total 36352K, used 2421K [0x0000000136300000, 0x0000000138900000, 0x000000014b880000)
  eden space 33792K, 0% used [0x0000000136300000,0x0000000136300000,0x0000000138400000)
  from space 2560K, 94% used [0x0000000138680000,0x00000001388dd7c0,0x0000000138900000)
  to   space 2560K, 0% used [0x0000000138400000,0x0000000138400000,0x0000000138680000)
 ParOldGen       total 43520K, used 32K [0x000000010b880000, 0x000000010e300000, 0x0000000136300000)
  object space 43520K, 0% used [0x000000010b880000,0x000000010b888000,0x000000010e300000)
 PSPermGen       total 21504K, used 5714K [0x0000000106680000, 0x0000000107b80000, 0x000000010b880000)
  object space 21504K, 26% used [0x0000000106680000,0x0000000106c14a18,0x0000000107b80000)
}
Event: 3.813 GC heap before
{Heap before GC invocations=5 (full 0):
 PSYoungGen      total 36352K, used 36213K [0x0000000136300000, 0x0000000138900000, 0x000000014b880000)
  eden space 33792K, 100% used [0x0000000136300000,0x0000000138400000,0x0000000138400000)
  from space 2560K, 94% used [0x0000000138680000,0x00000001388dd7c0,0x0000000138900000)
  to   space 2560K, 0% used [0x0000000138400000,0x0000000138400000,0x0000000138680000)
 ParOldGen       total 43520K, used 32K [0x000000010b880000, 0x000000010e300000, 0x0000000136300000)
  object space 43520K, 0% used [0x000000010b880000,0x000000010b888000,0x000000010e300000)
 PSPermGen       total 21504K, used 5714K [0x0000000106680000, 0x0000000107b80000, 0x000000010b880000)
  object space 21504K, 26% used [0x0000000106680000,0x0000000106c14a18,0x0000000107b80000)
Event: 3.818 GC heap after
Heap after GC invocations=5 (full 0):
 PSYoungGen      total 36352K, used 2544K [0x0000000136300000, 0x000000013ac00000, 0x000000014b880000)
  eden space 33792K, 0% used [0x0000000136300000,0x0000000136300000,0x0000000138400000)
  from space 2560K, 99% used [0x0000000138400000,0x000000013867c378,0x0000000138680000)
  to   space 3584K, 0% used [0x000000013a880000,0x000000013a880000,0x000000013ac00000)
 ParOldGen       total 43520K, used 616K [0x000000010b880000, 0x000000010e300000, 0x0000000136300000)
  object space 43520K, 1% used [0x000000010b880000,0x000000010b91a000,0x000000010e300000)
 PSPermGen       total 21504K, used 5714K [0x0000000106680000, 0x0000000107b80000, 0x000000010b880000)
  object space 21504K, 26% used [0x0000000106680000,0x0000000106c14a18,0x0000000107b80000)
}
Event: 3.855 GC heap before
{Heap before GC invocations=6 (full 0):
 PSYoungGen      total 36352K, used 36336K [0x0000000136300000, 0x000000013ac00000, 0x000000014b880000)
  eden space 33792K, 100% used [0x0000000136300000,0x0000000138400000,0x0000000138400000)
  from space 2560K, 99% used [0x0000000138400000,0x000000013867c378,0x0000000138680000)
  to   space 3584K, 0% used [0x000000013a880000,0x000000013a880000,0x000000013ac00000)
 ParOldGen       total 43520K, used 616K [0x000000010b880000, 0x000000010e300000, 0x0000000136300000)
  object space 43520K, 1% used [0x000000010b880000,0x000000010b91a000,0x000000010e300000)
 PSPermGen       total 21504K, used 5724K [0x0000000106680000, 0x0000000107b80000, 0x000000010b880000)
  object space 21504K, 26% used [0x0000000106680000,0x0000000106c17098,0x0000000107b80000)
Event: 3.861 GC heap after
Heap after GC invocations=6 (full 0):
 PSYoungGen      total 70656K, used 3431K [0x0000000136300000, 0x000000013ad00000, 0x000000014b880000)
  eden space 67072K, 0% used [0x0000000136300000,0x0000000136300000,0x000000013a480000)
  from space 3584K, 95% used [0x000000013a880000,0x000000013abd9f40,0x000000013ac00000)
  to   space 4096K, 0% used [0x000000013a480000,0x000000013a480000,0x000000013a880000)
 ParOldGen       total 43520K, used 616K [0x000000010b880000, 0x000000010e300000, 0x0000000136300000)
  object space 43520K, 1% used [0x000000010b880000,0x000000010b91a000,0x000000010e300000)
 PSPermGen       total 21504K, used 5724K [0x0000000106680000, 0x0000000107b80000, 0x000000010b880000)
  object space 21504K, 26% used [0x0000000106680000,0x0000000106c17098,0x0000000107b80000)
}
Event: 3.945 GC heap before
{Heap before GC invocations=7 (full 0):
 PSYoungGen      total 70656K, used 70503K [0x0000000136300000, 0x000000013ad00000, 0x000000014b880000)
  eden space 67072K, 100% used [0x0000000136300000,0x000000013a480000,0x000000013a480000)
  from space 3584K, 95% used [0x000000013a880000,0x000000013abd9f40,0x000000013ac00000)
  to   space 4096K, 0% used [0x000000013a480000,0x000000013a480000,0x000000013a880000)
 ParOldGen       total 43520K, used 616K [0x000000010b880000, 0x000000010e300000, 0x0000000136300000)
  object space 43520K, 1% used [0x000000010b880000,0x000000010b91a000,0x000000010e300000)
 PSPermGen       total 21504K, used 5725K [0x0000000106680000, 0x0000000107b80000, 0x000000010b880000)
  object space 21504K, 26% used [0x0000000106680000,0x0000000106c175d8,0x0000000107b80000)
Event: 3.953 GC heap after
Heap after GC invocations=7 (full 0):
 PSYoungGen      total 71168K, used 4073K [0x0000000136300000, 0x000000013f000000, 0x000000014b880000)
  eden space 67072K, 0% used [0x0000000136300000,0x0000000136300000,0x000000013a480000)
  from space 4096K, 99% used [0x000000013a480000,0x000000013a87a478,0x000000013a880000)
  to   space 5120K, 0% used [0x000000013eb00000,0x000000013eb00000,0x000000013f000000)
 ParOldGen       total 43520K, used 1540K [0x000000010b880000, 0x000000010e300000, 0x0000000136300000)
  object space 43520K, 3% used [0x000000010b880000,0x000000010ba01170,0x000000010e300000)
 PSPermGen       total 21504K, used 5725K [0x0000000106680000, 0x0000000107b80000, 0x000000010b880000)
  object space 21504K, 26% used [0x0000000106680000,0x0000000106c175d8,0x0000000107b80000)
}
Event: 4.006 GC heap before
{Heap before GC invocations=8 (full 0):
 PSYoungGen      total 71168K, used 71145K [0x0000000136300000, 0x000000013f000000, 0x000000014b880000)
  eden space 67072K, 100% used [0x0000000136300000,0x000000013a480000,0x000000013a480000)
  from space 4096K, 99% used [0x000000013a480000,0x000000013a87a478,0x000000013a880000)
  to   space 5120K, 0% used [0x000000013eb00000,0x000000013eb00000,0x000000013f000000)
 ParOldGen       total 43520K, used 1540K [0x000000010b880000, 0x000000010e300000, 0x0000000136300000)
  object space 43520K, 3% used [0x000000010b880000,0x000000010ba01170,0x000000010e300000)
 PSPermGen       total 21504K, used 5725K [0x0000000106680000, 0x0000000107b80000, 0x000000010b880000)
  object space 21504K, 26% used [0x0000000106680000,0x0000000106c175d8,0x0000000107b80000)
Event: 4.014 GC heap after
Heap after GC invocations=8 (full 0):
 PSYoungGen      total 138752K, used 4660K [0x0000000136300000, 0x000000013f100000, 0x000000014b880000)
  eden space 133632K, 0% used [0x0000000136300000,0x0000000136300000,0x000000013e580000)
  from space 5120K, 91% used [0x000000013eb00000,0x000000013ef8d040,0x000000013f000000)
  to   space 5632K, 0% used [0x000000013e580000,0x000000013e580000,0x000000013eb00000)
 ParOldGen       total 43520K, used 2188K [0x000000010b880000, 0x000000010e300000, 0x0000000136300000)
  object space 43520K, 5% used [0x000000010b880000,0x000000010baa3170,0x000000010e300000)
 PSPermGen       total 21504K, used 5725K [0x0000000106680000, 0x0000000107b80000, 0x000000010b880000)
  object space 21504K, 26% used [0x0000000106680000,0x0000000106c175d8,0x0000000107b80000)
}

Deoptimization events (7 events):
Event: 3.563 Thread 0x00007fe669802800 Uncommon trap: reason=unloaded action=reinterpret pc=0x0000000103582950 method=java.io.BufferedReader.readLine(Z)Ljava/lang/String; @ 268
Event: 3.625 Thread 0x00007fe669802800 Uncommon trap: reason=array_check action=maybe_recompile pc=0x0000000103592cc4 method=java.util.AbstractCollection.toArray([Ljava/lang/Object;)[Ljava/lang/Object; @ 119
Event: 3.625 Thread 0x00007fe669802800 Uncommon trap: reason=array_check action=maybe_recompile pc=0x0000000103592cc4 method=java.util.AbstractCollection.toArray([Ljava/lang/Object;)[Ljava/lang/Object; @ 119
Event: 3.625 Thread 0x00007fe669802800 Uncommon trap: reason=array_check action=maybe_recompile pc=0x0000000103592cc4 method=java.util.AbstractCollection.toArray([Ljava/lang/Object;)[Ljava/lang/Object; @ 119
Event: 3.625 Thread 0x00007fe669802800 Uncommon trap: reason=array_check action=maybe_recompile pc=0x0000000103592cc4 method=java.util.AbstractCollection.toArray([Ljava/lang/Object;)[Ljava/lang/Object; @ 119
Event: 4.067 Thread 0x00007fe669802800 Uncommon trap: reason=unreached action=reinterpret pc=0x00000001035a8070 method=com.pixelaborate.platformer.OBJ_Parser.parseFile(Ljava/io/File;)Lcom/pixelaborate/platformer/Model; @ 258
Event: 4.086 Thread 0x00007fe669802800 Uncommon trap: reason=unloaded action=reinterpret pc=0x00000001035a49ec method=com.pixelaborate.platformer.Model.render()V @ 108

Internal exceptions (10 events):
Event: 3.527 Thread 0x00007fe669802800 Threw 0x0000000136869b40 at /HUDSON/workspace/7u-2-build-macosx-x86_64/jdk7u55/869/hotspot/src/share/vm/prims/jvm.cpp:1244
Event: 3.531 Thread 0x00007fe669802800 Threw 0x000000013686e1e8 at /HUDSON/workspace/7u-2-build-macosx-x86_64/jdk7u55/869/hotspot/src/share/vm/prims/jvm.cpp:1244
Event: 3.532 Thread 0x00007fe669802800 Threw 0x0000000136874448 at /HUDSON/workspace/7u-2-build-macosx-x86_64/jdk7u55/869/hotspot/src/share/vm/prims/jvm.cpp:1244
Event: 3.533 Thread 0x00007fe669802800 Threw 0x00000001368771b0 at /HUDSON/workspace/7u-2-build-macosx-x86_64/jdk7u55/869/hotspot/src/share/vm/prims/jvm.cpp:1244
Event: 3.533 Thread 0x00007fe669802800 Threw 0x0000000136879ff8 at /HUDSON/workspace/7u-2-build-macosx-x86_64/jdk7u55/869/hotspot/src/share/vm/prims/jvm.cpp:1244
Event: 3.534 Thread 0x00007fe669802800 Threw 0x000000013687ceb8 at /HUDSON/workspace/7u-2-build-macosx-x86_64/jdk7u55/869/hotspot/src/share/vm/prims/jvm.cpp:1244
Event: 3.534 Thread 0x00007fe669802800 Threw 0x000000013687fc50 at /HUDSON/workspace/7u-2-build-macosx-x86_64/jdk7u55/869/hotspot/src/share/vm/prims/jvm.cpp:1244
Event: 3.535 Thread 0x00007fe669802800 Threw 0x0000000136882990 at /HUDSON/workspace/7u-2-build-macosx-x86_64/jdk7u55/869/hotspot/src/share/vm/prims/jvm.cpp:1244
Event: 3.833 Thread 0x00007fe669802800 Threw 0x00000001377c3140 at /HUDSON/workspace/7u-2-build-macosx-x86_64/jdk7u55/869/hotspot/src/share/vm/prims/jvm.cpp:1244
Event: 4.087 Thread 0x00007fe669802800 Threw 0x0000000139a806b8 at /HUDSON/workspace/7u-2-build-macosx-x86_64/jdk7u55/869/hotspot/src/share/vm/prims/jvm.cpp:1244

Events (10 events):
Event: 4.006 Executing VM operation: ParallelGCFailedAllocation
Event: 4.014 Executing VM operation: ParallelGCFailedAllocation done
Event: 4.067 Thread 0x00007fe669802800 Uncommon trap: trap_request=0xffffffad fr.pc=0x00000001035a8070
Event: 4.067 Thread 0x00007fe669802800 DEOPT PACKING pc=0x00000001035a8070 sp=0x00000001034b4720
Event: 4.067 Thread 0x00007fe669802800 DEOPT UNPACKING pc=0x0000000103540045 sp=0x00000001034b4740 mode 2
Event: 4.086 Thread 0x00007fe669802800 Uncommon trap: trap_request=0x0000008a fr.pc=0x00000001035a49ec
Event: 4.086 loading class 0x00007fe668c37570
Event: 4.086 loading class 0x00007fe668c37570 done
Event: 4.087 Thread 0x00007fe669802800 DEOPT PACKING pc=0x00000001035a49ec sp=0x00000001034b48c0
Event: 4.087 Thread 0x00007fe669802800 DEOPT UNPACKING pc=0x0000000103540045 sp=0x00000001034b48a0 mode 2


Dynamic libraries:
0x000000000c660000 	/System/Library/Frameworks/Cocoa.framework/Versions/A/Cocoa
0x000000000c660000 	/System/Library/Frameworks/Security.framework/Versions/A/Security
0x000000000c660000 	/System/Library/Frameworks/ApplicationServices.framework/Versions/A/ApplicationServices
0x000000000c660000 	/usr/lib/libz.1.dylib
0x000000000c660000 	/usr/lib/libSystem.B.dylib
0x000000000c660000 	/usr/lib/libobjc.A.dylib
0x000000000c660000 	/System/Library/Frameworks/CoreFoundation.framework/Versions/A/CoreFoundation
0x000000000c660000 	/System/Library/Frameworks/Foundation.framework/Versions/C/Foundation
0x000000000c660000 	/System/Library/Frameworks/AppKit.framework/Versions/C/AppKit
0x000000000c660000 	/System/Library/Frameworks/CoreData.framework/Versions/A/CoreData
0x000000000c660000 	/System/Library/PrivateFrameworks/RemoteViewServices.framework/Versions/A/RemoteViewServices
0x000000000c660000 	/System/Library/Frameworks/AudioToolbox.framework/Versions/A/AudioToolbox
0x000000000c660000 	/System/Library/Frameworks/AudioUnit.framework/Versions/A/AudioUnit
0x000000000c660000 	/System/Library/PrivateFrameworks/DataDetectorsCore.framework/Versions/A/DataDetectorsCore
0x000000000c660000 	/System/Library/PrivateFrameworks/DesktopServicesPriv.framework/Versions/A/DesktopServicesPriv
0x000000000c660000 	/System/Library/Frameworks/Carbon.framework/Versions/A/Frameworks/HIToolbox.framework/Versions/A/HIToolbox
0x000000000c660000 	/System/Library/Frameworks/QuartzCore.framework/Versions/A/QuartzCore
0x000000000c660000 	/System/Library/Frameworks/Carbon.framework/Versions/A/Frameworks/SpeechRecognition.framework/Versions/A/SpeechRecognition
0x000000000c660000 	/usr/lib/libauto.dylib
0x000000000c660000 	/usr/lib/libicucore.A.dylib
0x000000000c660000 	/usr/lib/libxml2.2.dylib
0x000000000c660000 	/System/Library/PrivateFrameworks/CoreUI.framework/Versions/A/CoreUI
0x000000000c660000 	/System/Library/Frameworks/CoreAudio.framework/Versions/A/CoreAudio
0x000000000c660000 	/System/Library/Frameworks/DiskArbitration.framework/Versions/A/DiskArbitration
0x000000000c660000 	/usr/lib/liblangid.dylib
0x000000000c660000 	/System/Library/PrivateFrameworks/MultitouchSupport.framework/Versions/A/MultitouchSupport
0x000000000c660000 	/System/Library/Frameworks/IOKit.framework/Versions/A/IOKit
0x000000000c660000 	/usr/lib/libDiagnosticMessagesClient.dylib
0x000000000c660000 	/System/Library/Frameworks/CoreServices.framework/Versions/A/CoreServices
0x000000000c660000 	/System/Library/PrivateFrameworks/PerformanceAnalysis.framework/Versions/A/PerformanceAnalysis
0x000000000c660000 	/System/Library/PrivateFrameworks/GenerationalStorage.framework/Versions/A/GenerationalStorage
0x000000000c660000 	/System/Library/Frameworks/OpenGL.framework/Versions/A/OpenGL
0x000000000c660000 	/System/Library/PrivateFrameworks/Sharing.framework/Versions/A/Sharing
0x000000000c660000 	/System/Library/Frameworks/ImageIO.framework/Versions/A/ImageIO
0x000000000c660000 	/System/Library/Frameworks/CoreText.framework/Versions/A/CoreText
0x000000000c660000 	/System/Library/Frameworks/CoreGraphics.framework/Versions/A/CoreGraphics
0x000000000c660000 	/System/Library/PrivateFrameworks/Backup.framework/Versions/A/Backup
0x000000000c660000 	/System/Library/Frameworks/CFNetwork.framework/Versions/A/CFNetwork
0x000000000c660000 	/System/Library/Frameworks/SystemConfiguration.framework/Versions/A/SystemConfiguration
0x000000000c660000 	/usr/lib/libCRFSuite.dylib
0x000000000c660000 	/usr/lib/libc++.1.dylib
0x000000000c660000 	/usr/lib/libc++abi.dylib
0x000000000c660000 	/usr/lib/system/libcache.dylib
0x000000000c660000 	/usr/lib/system/libcommonCrypto.dylib
0x000000000c660000 	/usr/lib/system/libcompiler_rt.dylib
0x000000000c660000 	/usr/lib/system/libcopyfile.dylib
0x000000000c660000 	/usr/lib/system/libcorecrypto.dylib
0x000000000c660000 	/usr/lib/system/libdispatch.dylib
0x000000000c660000 	/usr/lib/system/libdyld.dylib
0x000000000c660000 	/usr/lib/system/libkeymgr.dylib
0x000000000c660000 	/usr/lib/system/liblaunch.dylib
0x000000000c660000 	/usr/lib/system/libmacho.dylib
0x000000000c660000 	/usr/lib/system/libquarantine.dylib
0x000000000c660000 	/usr/lib/system/libremovefile.dylib
0x000000000c660000 	/usr/lib/system/libsystem_asl.dylib
0x000000000c660000 	/usr/lib/system/libsystem_blocks.dylib
0x000000000c660000 	/usr/lib/system/libsystem_c.dylib
0x000000000c660000 	/usr/lib/system/libsystem_configuration.dylib
0x000000000c660000 	/usr/lib/system/libsystem_dnssd.dylib
0x000000000c660000 	/usr/lib/system/libsystem_info.dylib
0x000000000c660000 	/usr/lib/system/libsystem_kernel.dylib
0x000000000c660000 	/usr/lib/system/libsystem_m.dylib
0x000000000c660000 	/usr/lib/system/libsystem_malloc.dylib
0x000000000c660000 	/usr/lib/system/libsystem_network.dylib
0x000000000c660000 	/usr/lib/system/libsystem_notify.dylib
0x000000000c660000 	/usr/lib/system/libsystem_platform.dylib
0x000000000c660000 	/usr/lib/system/libsystem_pthread.dylib
0x000000000c660000 	/usr/lib/system/libsystem_sandbox.dylib
0x000000000c660000 	/usr/lib/system/libsystem_stats.dylib
0x000000000c660000 	/usr/lib/system/libunc.dylib
0x000000000c660000 	/usr/lib/system/libunwind.dylib
0x000000000c660000 	/usr/lib/system/libxpc.dylib
0x000000000c660000 	/usr/lib/libbsm.0.dylib
0x000000000c660000 	/usr/lib/libsqlite3.dylib
0x000000000c660000 	/usr/lib/libxar.1.dylib
0x000000000c660000 	/usr/lib/libpam.2.dylib
0x000000000c660000 	/usr/lib/libOpenScriptingUtil.dylib
0x000000000c660000 	/usr/lib/libbz2.1.0.dylib
0x000000000c660000 	/System/Library/Frameworks/CoreServices.framework/Versions/A/Frameworks/CarbonCore.framework/Versions/A/CarbonCore
0x000000000c660000 	/System/Library/Frameworks/CoreServices.framework/Versions/A/Frameworks/Metadata.framework/Versions/A/Metadata
0x000000000c660000 	/System/Library/Frameworks/CoreServices.framework/Versions/A/Frameworks/OSServices.framework/Versions/A/OSServices
0x000000000c660000 	/System/Library/Frameworks/CoreServices.framework/Versions/A/Frameworks/SearchKit.framework/Versions/A/SearchKit
0x000000000c660000 	/System/Library/Frameworks/CoreServices.framework/Versions/A/Frameworks/AE.framework/Versions/A/AE
0x000000000c660000 	/System/Library/Frameworks/CoreServices.framework/Versions/A/Frameworks/LaunchServices.framework/Versions/A/LaunchServices
0x000000000c660000 	/System/Library/Frameworks/CoreServices.framework/Versions/A/Frameworks/DictionaryServices.framework/Versions/A/DictionaryServices
0x000000000c660000 	/System/Library/Frameworks/NetFS.framework/Versions/A/NetFS
0x000000000c660000 	/usr/lib/system/libkxld.dylib
0x000000000c660000 	/System/Library/PrivateFrameworks/NetAuth.framework/Versions/A/NetAuth
0x000000000c660000 	/System/Library/PrivateFrameworks/TCC.framework/Versions/A/TCC
0x000000000c660000 	/System/Library/Frameworks/OpenDirectory.framework/Versions/A/Frameworks/CFOpenDirectory.framework/Versions/A/CFOpenDirectory
0x000000000c660000 	/System/Library/Frameworks/ServiceManagement.framework/Versions/A/ServiceManagement
0x000000000c660000 	/usr/lib/libxslt.1.dylib
0x000000000c660000 	/System/Library/Frameworks/Carbon.framework/Versions/A/Frameworks/Ink.framework/Versions/A/Ink
0x000000000c660000 	/System/Library/Frameworks/ApplicationServices.framework/Versions/A/Frameworks/ATS.framework/Versions/A/ATS
0x000000000c660000 	/System/Library/Frameworks/ApplicationServices.framework/Versions/A/Frameworks/ColorSync.framework/Versions/A/ColorSync
0x000000000c660000 	/System/Library/Frameworks/ApplicationServices.framework/Versions/A/Frameworks/HIServices.framework/Versions/A/HIServices
0x000000000c660000 	/System/Library/Frameworks/ApplicationServices.framework/Versions/A/Frameworks/LangAnalysis.framework/Versions/A/LangAnalysis
0x000000000c660000 	/System/Library/Frameworks/ApplicationServices.framework/Versions/A/Frameworks/PrintCore.framework/Versions/A/PrintCore
0x000000000c660000 	/System/Library/Frameworks/ApplicationServices.framework/Versions/A/Frameworks/QD.framework/Versions/A/QD
0x000000000c660000 	/System/Library/Frameworks/ApplicationServices.framework/Versions/A/Frameworks/SpeechSynthesis.framework/Versions/A/SpeechSynthesis
0x000000000c660000 	/System/Library/Frameworks/IOSurface.framework/Versions/A/IOSurface
0x000000000c660000 	/System/Library/Frameworks/Accelerate.framework/Versions/A/Accelerate
0x000000000c660000 	/System/Library/Frameworks/Accelerate.framework/Versions/A/Frameworks/vImage.framework/Versions/A/vImage
0x000000000c660000 	/System/Library/Frameworks/Accelerate.framework/Versions/A/Frameworks/vecLib.framework/Versions/A/vecLib
0x000000000c660000 	/System/Library/Frameworks/Accelerate.framework/Versions/A/Frameworks/vecLib.framework/Versions/A/libvDSP.dylib
0x000000000c660000 	/System/Library/Frameworks/Accelerate.framework/Versions/A/Frameworks/vecLib.framework/Versions/A/libvMisc.dylib
0x000000000c660000 	/System/Library/Frameworks/Accelerate.framework/Versions/A/Frameworks/vecLib.framework/Versions/A/libLAPACK.dylib
0x000000000c660000 	/System/Library/Frameworks/Accelerate.framework/Versions/A/Frameworks/vecLib.framework/Versions/A/libBLAS.dylib
0x000000000c660000 	/System/Library/Frameworks/ApplicationServices.framework/Versions/A/Frameworks/ATS.framework/Versions/A/Resources/libFontParser.dylib
0x000000000c660000 	/System/Library/Frameworks/ApplicationServices.framework/Versions/A/Frameworks/ATS.framework/Versions/A/Resources/libFontRegistry.dylib
0x000000000c660000 	/System/Library/Frameworks/ImageIO.framework/Versions/A/Resources/libJPEG.dylib
0x000000000c660000 	/System/Library/Frameworks/ImageIO.framework/Versions/A/Resources/libTIFF.dylib
0x000000000c660000 	/System/Library/Frameworks/ImageIO.framework/Versions/A/Resources/libPng.dylib
0x000000000c660000 	/System/Library/Frameworks/ImageIO.framework/Versions/A/Resources/libGIF.dylib
0x000000000c660000 	/System/Library/Frameworks/ImageIO.framework/Versions/A/Resources/libJP2.dylib
0x000000000c660000 	/System/Library/Frameworks/ImageIO.framework/Versions/A/Resources/libRadiance.dylib
0x000000000c660000 	/usr/lib/libcups.2.dylib
0x000000000c660000 	/System/Library/Frameworks/Kerberos.framework/Versions/A/Kerberos
0x000000000c660000 	/System/Library/Frameworks/GSS.framework/Versions/A/GSS
0x000000000c660000 	/usr/lib/libresolv.9.dylib
0x000000000c660000 	/usr/lib/libiconv.2.dylib
0x000000000c660000 	/System/Library/PrivateFrameworks/Heimdal.framework/Versions/A/Heimdal
0x000000000c660000 	/System/Library/PrivateFrameworks/TrustEvaluationAgent.framework/Versions/A/TrustEvaluationAgent
0x000000000c660000 	/usr/lib/libheimdal-asn1.dylib
0x000000000c660000 	/System/Library/Frameworks/OpenDirectory.framework/Versions/A/OpenDirectory
0x000000000c660000 	/System/Library/PrivateFrameworks/CommonAuth.framework/Versions/A/CommonAuth
0x000000000c660000 	/System/Library/Frameworks/SecurityFoundation.framework/Versions/A/SecurityFoundation
0x000000000c660000 	/System/Library/PrivateFrameworks/Bom.framework/Versions/A/Bom
0x000000000c660000 	/System/Library/Frameworks/CoreVideo.framework/Versions/A/CoreVideo
0x000000000c660000 	/System/Library/Frameworks/QuartzCore.framework/Versions/A/Frameworks/CoreImage.framework/Versions/A/CoreImage
0x000000000c660000 	/System/Library/Frameworks/QuartzCore.framework/Versions/A/Frameworks/ScalableUserInterface.framework/Versions/A/ScalableUserInterface
0x000000000c660000 	/System/Library/Frameworks/OpenGL.framework/Versions/A/Libraries/libGLU.dylib
0x000000000c660000 	/System/Library/Frameworks/OpenGL.framework/Versions/A/Libraries/libGFXShared.dylib
0x000000000c660000 	/System/Library/Frameworks/OpenGL.framework/Versions/A/Libraries/libGL.dylib
0x000000000c660000 	/System/Library/Frameworks/OpenGL.framework/Versions/A/Libraries/libGLImage.dylib
0x000000000c660000 	/System/Library/Frameworks/OpenGL.framework/Versions/A/Libraries/libCVMSPluginSupport.dylib
0x000000000c660000 	/System/Library/Frameworks/OpenGL.framework/Versions/A/Libraries/libCoreVMClient.dylib
0x000000000c660000 	/System/Library/PrivateFrameworks/FaceCore.framework/Versions/A/FaceCore
0x000000000c660000 	/System/Library/PrivateFrameworks/CrashReporterSupport.framework/Versions/A/CrashReporterSupport
0x000000000c660000 	/System/Library/Frameworks/OpenCL.framework/Versions/A/OpenCL
0x000000000c660000 	/System/Library/PrivateFrameworks/AppleFSCompression.framework/Versions/A/AppleFSCompression
0x000000000c660000 	/System/Library/PrivateFrameworks/Ubiquity.framework/Versions/A/Ubiquity
0x000000000c660000 	/System/Library/PrivateFrameworks/IconServices.framework/Versions/A/IconServices
0x000000000c660000 	/System/Library/PrivateFrameworks/ChunkingLibrary.framework/Versions/A/ChunkingLibrary
0x000000000c660000 	/System/Library/PrivateFrameworks/CoreSymbolication.framework/Versions/A/CoreSymbolication
0x000000000c660000 	/System/Library/PrivateFrameworks/Symbolication.framework/Versions/A/Symbolication
0x000000000c660000 	/System/Library/PrivateFrameworks/DebugSymbols.framework/Versions/A/DebugSymbols
0x0000000102961000 	/Library/Java/JavaVirtualMachines/jdk1.7.0_55.jdk/Contents/Home/jre/lib/server/libjvm.dylib
0x000000000c660000 	/usr/lib/libstdc++.6.dylib
0x00000001034b7000 	/Library/Java/JavaVirtualMachines/jdk1.7.0_55.jdk/Contents/Home/jre/lib/libverify.dylib
0x00000001034c4000 	/Library/Java/JavaVirtualMachines/jdk1.7.0_55.jdk/Contents/Home/jre/lib/libjava.dylib
0x00000001034fe000 	/Library/Java/JavaVirtualMachines/jdk1.7.0_55.jdk/Contents/Home/jre/lib/libzip.dylib
0x000000014e5e7000 	/System/Library/Frameworks/JavaVM.framework/Frameworks/JavaRuntimeSupport.framework/JavaRuntimeSupport
0x00000001502c7000 	/System/Library/Frameworks/JavaVM.framework/Versions/A/Frameworks/JavaNativeFoundation.framework/Versions/A/JavaNativeFoundation
0x00000001065f4000 	/System/Library/Frameworks/JavaVM.framework/Versions/A/JavaVM
0x000000000c660000 	/System/Library/Frameworks/Carbon.framework/Versions/A/Carbon
0x00000001502db000 	/System/Library/PrivateFrameworks/JavaLaunching.framework/Versions/A/JavaLaunching
0x000000000c660000 	/System/Library/Frameworks/Carbon.framework/Versions/A/Frameworks/CommonPanels.framework/Versions/A/CommonPanels
0x000000000c660000 	/System/Library/Frameworks/Carbon.framework/Versions/A/Frameworks/Help.framework/Versions/A/Help
0x000000000c660000 	/System/Library/Frameworks/Carbon.framework/Versions/A/Frameworks/ImageCapture.framework/Versions/A/ImageCapture
0x000000000c660000 	/System/Library/Frameworks/Carbon.framework/Versions/A/Frameworks/OpenScripting.framework/Versions/A/OpenScripting
0x000000000c660000 	/System/Library/Frameworks/Carbon.framework/Versions/A/Frameworks/Print.framework/Versions/A/Print
0x000000000c660000 	/System/Library/Frameworks/Carbon.framework/Versions/A/Frameworks/SecurityHI.framework/Versions/A/SecurityHI
0x000000015091b000 	/Library/Java/JavaVirtualMachines/jdk1.7.0_55.jdk/Contents/Home/jre/lib/libawt.dylib
0x00000001509ca000 	/Library/Java/JavaVirtualMachines/jdk1.7.0_55.jdk/Contents/Home/jre/lib/./libmlib_image.dylib
0x0000000150a96000 	/Library/Java/JavaVirtualMachines/jdk1.7.0_55.jdk/Contents/Home/jre/lib/lwawt/liblwawt.dylib
0x0000000150b4a000 	/Library/Java/JavaVirtualMachines/jdk1.7.0_55.jdk/Contents/Home/jre/lib/libosxapp.dylib
0x000000000c660000 	/System/Library/Frameworks/ExceptionHandling.framework/Versions/A/ExceptionHandling
0x000000000c660000 	/System/Library/PrivateFrameworks/CoreServicesInternal.framework/Versions/A/CoreServicesInternal
0x000000000c660000 	/System/Library/PrivateFrameworks/Librarian.framework/Versions/A/Librarian
0x000000000c660000 	/System/Library/Frameworks/CoreGraphics.framework/Versions/A/Resources/libCGCMS.A.dylib
0x000000000c660000 	/System/Library/Frameworks/CoreGraphics.framework/Versions/A/Resources/libRIP.A.dylib
0x000000000c660000 	/System/Library/Frameworks/CoreGraphics.framework/Versions/A/Resources/libCGXType.A.dylib
0x000000000c660000 	/System/Library/PrivateFrameworks/FamilyControls.framework/Versions/A/FamilyControls
0x000000000c660000 	/System/Library/PrivateFrameworks/CommerceKit.framework/Versions/A/Frameworks/CommerceCore.framework/Versions/A/CommerceCore
0x000000000c660000 	/System/Library/PrivateFrameworks/SystemAdministration.framework/Versions/A/SystemAdministration
0x000000000c660000 	/System/Library/Frameworks/DirectoryService.framework/Versions/A/DirectoryService
0x000000000c660000 	/System/Library/PrivateFrameworks/DiskImages.framework/Versions/A/DiskImages
0x000000000c660000 	/System/Library/PrivateFrameworks/LoginUIKit.framework/Versions/A/Frameworks/LoginUICore.framework/Versions/A/LoginUICore
0x000000000c660000 	/usr/lib/libCoreStorage.dylib
0x000000000c660000 	/usr/lib/libcsfde.dylib
0x000000000c660000 	/usr/lib/libodfde.dylib
0x000000000c660000 	/System/Library/Frameworks/DiscRecording.framework/Versions/A/DiscRecording
0x000000000c660000 	/usr/lib/libcurl.4.dylib
0x000000000c660000 	/System/Library/PrivateFrameworks/MediaKit.framework/Versions/A/MediaKit
0x000000000c660000 	/System/Library/PrivateFrameworks/EFILogin.framework/Versions/A/EFILogin
0x000000000c660000 	/usr/lib/libutil.dylib
0x000000000c660000 	/System/Library/PrivateFrameworks/AOSNotification.framework/Versions/A/AOSNotification
0x000000000c660000 	/System/Library/Frameworks/LDAP.framework/Versions/A/LDAP
0x000000000c660000 	/usr/lib/libsasl2.2.dylib
0x000000000c660000 	/usr/lib/libcrypto.0.9.8.dylib
0x000000000c660000 	/usr/lib/libssl.0.9.8.dylib
0x0000000154ba2000 	/Library/Java/JavaVirtualMachines/jdk1.7.0_55.jdk/Contents/Home/jre/lib/libfontmanager.dylib
0x0000000154c09000 	/Users/s010727/Documents/workspace/Platformer/lib/natives/liblwjgl.dylib
0x000000015324b000 	/Library/Java/JavaVirtualMachines/jdk1.7.0_55.jdk/Contents/Home/jre/lib/libjawt.dylib
0x000000000c660000 	/System/Library/Frameworks/OpenGL.framework/Versions/A/Resources/GLEngine.bundle/GLEngine
0x000000000c660000 	/System/Library/Frameworks/OpenGL.framework/Versions/A/Libraries/libGLProgrammability.dylib
0x0000000000000000 	/System/Library/Extensions/AppleIntelHD5000GraphicsGLDriver.bundle/Contents/MacOS/AppleIntelHD5000GraphicsGLDriver
0x000000000c660000 	/System/Library/PrivateFrameworks/IOAccelerator.framework/Versions/A/IOAccelerator
0x000000000c660000 	/System/Library/PrivateFrameworks/GPUSupport.framework/Versions/A/Libraries/libGPUSupportMercury.dylib
0x000000000c660000 	/System/Library/Frameworks/OpenGL.framework/Versions/A/Resources/GLRendererFloat.bundle/GLRendererFloat
0x000000000c660000 	/System/Library/Frameworks/OpenCL.framework/Versions/A/Libraries/libcldcpuengine.dylib
0x000000015561f000 	/Library/Java/JavaVirtualMachines/jdk1.7.0_55.jdk/Contents/Home/jre/lib/libnio.dylib
0x000000015562e000 	/Library/Java/JavaVirtualMachines/jdk1.7.0_55.jdk/Contents/Home/jre/lib/./libnet.dylib

VM Arguments:
jvm_args: -Djava.library.path=/Users/s010727/Documents/workspace/Platformer/lib/natives:/Users/s010727/Documents/workspace/Platformer/lib/natives:/Users/s010727/Documents/workspace/Platformer/lib/natives:/Users/s010727/Documents/workspace/Platformer/lib/natives -Dfile.encoding=US-ASCII 
java_command: com.pixelaborate.platformer.Main
Launcher Type: SUN_STANDARD

Environment Variables:
PATH=/usr/bin:/bin:/usr/sbin:/sbin
SHELL=/bin/bash

Signal Handlers:
SIGSEGV: [libjvm.dylib+0x5253e5], sa_mask[0]=0xfffefeff, sa_flags=0x00000043
SIGBUS: [libjvm.dylib+0x5253e5], sa_mask[0]=0xfffefeff, sa_flags=0x00000042
SIGFPE: [libjvm.dylib+0x4188a2], sa_mask[0]=0xfffefeff, sa_flags=0x00000042
SIGPIPE: [libjvm.dylib+0x4188a2], sa_mask[0]=0xfffefeff, sa_flags=0x00000042
SIGXFSZ: [libjvm.dylib+0x4188a2], sa_mask[0]=0xfffefeff, sa_flags=0x00000042
SIGILL: [libjvm.dylib+0x4188a2], sa_mask[0]=0xfffefeff, sa_flags=0x00000042
SIGUSR1: SIG_DFL, sa_mask[0]=0x00000000, sa_flags=0x00000002
SIGUSR2: [libjvm.dylib+0x418394], sa_mask[0]=0x00000004, sa_flags=0x00000042
SIGHUP: [libjvm.dylib+0x416623], sa_mask[0]=0xfffefeff, sa_flags=0x00000042
SIGINT: [libjvm.dylib+0x416623], sa_mask[0]=0xfffefeff, sa_flags=0x00000042
SIGTERM: [libjvm.dylib+0x416623], sa_mask[0]=0xfffefeff, sa_flags=0x00000042
SIGQUIT: [libjvm.dylib+0x416623], sa_mask[0]=0xfffefeff, sa_flags=0x00000042


---------------  S Y S T E M  ---------------

OS:Bsduname:Darwin 13.3.0 Darwin Kernel Version 13.3.0: Tue Jun  3 21:27:35 PDT 2014; root:xnu-2422.110.17~1/RELEASE_X86_64 x86_64
rlimit: STACK 8192k, CORE 0k, NPROC 709, NOFILE 10240, AS infinity
load average:1.98 1.78 1.67

CPU:total 4 (2 cores per cpu, 2 threads per core) family 6 model 69 stepping 1, cmov, cx8, fxsr, mmx, sse, sse2, sse3, ssse3, sse4.1, sse4.2, popcnt, avx, avx2, aes, erms, ht, tsc, tscinvbit

Memory: 4k page, physical 4194304k(1048576k free)

/proc/meminfo:


vm_info: Java HotSpot(TM) 64-Bit Server VM (24.55-b03) for bsd-amd64 JRE (1.7.0_55-b13), built on Mar 17 2014 19:40:08 by "java_re" with gcc 4.2.1 (Based on Apple Inc. build 5658) (LLVM build 2336.11.00)

time: Wed May  6 12:57:16 2015
elapsed time: 4 seconds

